[ 2016-10-13T10:38:41+08:00 ] ERR: (ThinkException) _ERROR_ACTION_:verify?1476326321720
[ 2016-10-13T10:38:44+08:00 ] ERR: (ThinkException) _ERROR_ACTION_:verify?1476326324034
[ 2016-10-13T10:38:44+08:00 ] ERR: (ThinkException) _ERROR_ACTION_:verify?1476326324858
[ 2016-10-13T10:38:45+08:00 ] ERR: (ThinkException) _ERROR_ACTION_:verify?1476326325675
[ 2016-10-13T10:38:46+08:00 ] ERR: (ThinkException) _ERROR_ACTION_:verify?1476326326435
[ 2016-10-13T14:34:30+08:00 ] ERR: (ThinkException) La table 'original_data.pigcms_account' n'existe pas
 [ SQL语句 ] : SHOW COLUMNS FROM `pigcms_account`
[ 2016-10-13T14:49:20+08:00 ] ERR: (ThinkException) La table 'original_data.pigcms_account' n'existe pas
 [ SQL语句 ] : SHOW COLUMNS FROM `pigcms_account`
[ 2016-10-13T15:02:35+08:00 ] ERR: (ThinkException) La table 'original_data.pigcms_account' n'existe pas
 [ SQL语句 ] : SHOW COLUMNS FROM `pigcms_account`
[ 2016-10-13T15:03:05+08:00 ] ERR: (ThinkException) La table 'original_data.pigcms_account' n'existe pas
 [ SQL语句 ] : SHOW COLUMNS FROM `pigcms_account`
[ 2016-10-13T15:10:32+08:00 ] ERR: (ThinkException) La table 'original_data.pigcms_account' n'existe pas
 [ SQL语句 ] : SHOW COLUMNS FROM `pigcms_account`
[ 2016-10-13T15:13:48+08:00 ] ERR: (ThinkException) La table 'original_data.pigcms_account' n'existe pas
 [ SQL语句 ] : SHOW COLUMNS FROM `pigcms_account`
[ 2016-10-13T15:14:26+08:00 ] ERR: (ThinkException) La table 'original_data.pigcms_account' n'existe pas
 [ SQL语句 ] : SHOW COLUMNS FROM `pigcms_account`
[ 2016-10-13T16:12:28+08:00 ] ERR: (ThinkException) Champ 'img_code' inconnu dans field list
 [ SQL语句 ] : INSERT INTO `pigcms_distribution_account` (`username`,`img_code`,`msg_code`,`password`,`repassword`) VALUES ('1','5173','1','1','1')
[ 2016-10-13T16:12:41+08:00 ] ERR: (ThinkException) Champ 'img_code' inconnu dans field list
 [ SQL语句 ] : INSERT INTO `pigcms_distribution_account` (`username`,`img_code`,`msg_code`,`password`,`repassword`) VALUES ('1','5173','1','1','1')
[ 2016-10-13T16:12:48+08:00 ] ERR: (ThinkException) Champ 'img_code' inconnu dans field list
 [ SQL语句 ] : INSERT INTO `pigcms_distribution_account` (`username`,`img_code`,`msg_code`,`password`,`repassword`) VALUES ('1','5173','1','1','1')
