[ 2016-10-25T08:45:18+08:00 ] ERR: (ThinkException) Action:test_METHOD_NOT_EXIST_
[ 2016-10-25T08:45:20+08:00 ] ERR: (ThinkException) Action:test_METHOD_NOT_EXIST_
[ 2016-10-25T08:45:24+08:00 ] ERR: (ThinkException) Action:test_METHOD_NOT_EXIST_
[ 2016-10-25T08:45:39+08:00 ] ERR: (ThinkException) Action:test_METHOD_NOT_EXIST_
[ 2016-10-25T08:45:39+08:00 ] ERR: (ThinkException) Action:test_METHOD_NOT_EXIST_
[ 2016-10-25T08:46:01+08:00 ] ERR: (ThinkException) Action:test_METHOD_NOT_EXIST_
[ 2016-10-25T08:46:45+08:00 ] ERR: (ThinkException) Action:test_METHOD_NOT_EXIST_
[ 2016-10-25T08:48:33+08:00 ] ERR: (ThinkException) Action:test_METHOD_NOT_EXIST_
[ 2016-10-25T09:08:17+08:00 ] ERR: (ThinkException) _TEMPLATE_NOT_EXIST_[./tpl/User/default/Shop_departSet.html]
[ 2016-10-25T09:08:22+08:00 ] ERR: (ThinkException) _TEMPLATE_NOT_EXIST_[./tpl/User/default/Shop_departSet.html]
[ 2016-10-25T09:08:28+08:00 ] ERR: (ThinkException) _TEMPLATE_NOT_EXIST_[./tpl/User/default/Shop_departSet.html]
[ 2016-10-25T09:08:34+08:00 ] ERR: (ThinkException) _TEMPLATE_NOT_EXIST_[./tpl/User/default/Shop_departSet.html]
[ 2016-10-25T09:09:21+08:00 ] ERR: (ThinkException) _TEMPLATE_NOT_EXIST_[./tpl/User/default/Shop_departSet.html]
[ 2016-10-25T09:09:24+08:00 ] ERR: (ThinkException) _ERROR_ACTION_:cityList
[ 2016-10-25T09:09:32+08:00 ] ERR: (ThinkException) _ERROR_ACTION_:cityList
[ 2016-10-25T09:10:24+08:00 ] ERR: (ThinkException) _TEMPLATE_NOT_EXIST_[./tpl/User/default/Shop_departSet.html]
[ 2016-10-25T09:20:54+08:00 ] ERR: (ThinkException) _ERROR_ACTION_:cityList
[ 2016-10-25T09:21:03+08:00 ] ERR: (ThinkException) _ERROR_ACTION_:cityList
[ 2016-10-25T10:38:24+08:00 ] ERR: (ThinkException) Erreur de syntaxe près de 'WHERE id=2' à la ligne 1
 [ SQL语句 ] : UPDATE `pigcms_product_show` SET  WHERE id=2
[ 2016-10-25T10:38:49+08:00 ] ERR: (ThinkException) _DATA_TYPE_INVALID_
[ 2016-10-25T10:38:54+08:00 ] ERR: (ThinkException) _DATA_TYPE_INVALID_
[ 2016-10-25T11:12:31+08:00 ] ERR: (ThinkException) Model:slect_METHOD_NOT_EXIST_
[ 2016-10-25T14:02:21+08:00 ] ERR: (ThinkException) Erreur de syntaxe près de ') )' à la ligne 1
 [ SQL语句 ] : SELECT * FROM `pigcms_product` WHERE ( `isopen` = 1 ) AND ( `catid` IN () ) 
[ 2016-10-25T14:02:41+08:00 ] ERR: (ThinkException) Erreur de syntaxe près de ') )' à la ligne 1
 [ SQL语句 ] : SELECT * FROM `pigcms_product` WHERE ( `isopen` = 1 ) AND ( `catid` IN () ) 
[ 2016-10-25T14:03:15+08:00 ] ERR: (ThinkException) Erreur de syntaxe près de ') )' à la ligne 1
 [ SQL语句 ] : SELECT * FROM `pigcms_product` WHERE ( `isopen` = 1 ) AND ( `catid` IN () ) 
[ 2016-10-25T16:11:22+08:00 ] ERR: (ThinkException) Erreur de syntaxe près de 'LIMIT 1' à la ligne 1
 [ SQL语句 ] : SELECT `username` FROM `pigcms_distribution_account` WHERE id= LIMIT 1  
[ 2016-10-25T16:16:08+08:00 ] ERR: (ThinkException) Erreur de syntaxe près de 'LIMIT 1' à la ligne 1
 [ SQL语句 ] : SELECT `username` FROM `pigcms_distribution_account` WHERE id= LIMIT 1  
[ 2016-10-25T16:16:09+08:00 ] ERR: (ThinkException) Erreur de syntaxe près de 'LIMIT 1' à la ligne 1
 [ SQL语句 ] : SELECT `username` FROM `pigcms_distribution_account` WHERE id= LIMIT 1  
