[ 2016-10-14T08:34:06+08:00 ] 127.0.0.1 /wg_original2/index.php?g=Wap&m=Distribution&a=verify
INFO: [ app_begin ] --START--
INFO: Run ReadHtmlCache Behavior [ RunTime:0.001000s ]
INFO: [ app_begin ] --END-- [ RunTime:0.002000s ]
NOTIC: [8192] mysql_connect(): The mysql extension is deprecated and will be removed in the future: use mysqli or PDO instead D:\wamp\www\wg_original2\Lib\Driver\Db\DbMysql.class.php 第 55 行.
NOTIC: [8192] preg_replace(): The /e modifier is deprecated, use preg_replace_callback instead D:\wamp\www\wg_original2\Lib\Core\Db.class.php 第 572 行.
NOTIC: [8192] preg_replace(): The /e modifier is deprecated, use preg_replace_callback instead D:\wamp\www\wg_original2\Lib\Core\Db.class.php 第 572 行.
NOTIC: [8192] preg_replace(): The /e modifier is deprecated, use preg_replace_callback instead D:\wamp\www\wg_original2\Lib\Core\Db.class.php 第 572 行.
NOTIC: [8192] preg_replace(): The /e modifier is deprecated, use preg_replace_callback instead D:\wamp\www\wg_original2\Lib\Core\Db.class.php 第 572 行.
NOTIC: [8] Undefined variable: curl D:\wamp\www\wg_original2\WgCms\Lib\Action\WapAction.class.php 第 511 行.
NOTIC: [2] curl_setopt() expects parameter 1 to be resource, null given D:\wamp\www\wg_original2\WgCms\Lib\Action\WapAction.class.php 第 511 行.
NOTIC: [8] Undefined variable: data D:\wamp\www\wg_original2\WgCms\Lib\Action\WapAction.class.php 第 515 行.
NOTIC: [8] Undefined index: access_token D:\wamp\www\wg_original2\WgCms\Lib\Action\WapAction.class.php 第 358 行.
NOTIC: [8] Undefined variable: curl D:\wamp\www\wg_original2\WgCms\Lib\Action\WapAction.class.php 第 511 行.
NOTIC: [2] curl_setopt() expects parameter 1 to be resource, null given D:\wamp\www\wg_original2\WgCms\Lib\Action\WapAction.class.php 第 511 行.
NOTIC: [8] Undefined variable: data D:\wamp\www\wg_original2\WgCms\Lib\Action\WapAction.class.php 第 515 行.
NOTIC: [8] Undefined index: ticket D:\wamp\www\wg_original2\WgCms\Lib\Action\WapAction.class.php 第 307 行.
NOTIC: [8192] preg_replace(): The /e modifier is deprecated, use preg_replace_callback instead D:\wamp\www\wg_original2\Lib\Core\Db.class.php 第 572 行.

[ 2016-10-14T08:34:13+08:00 ] 127.0.0.1 /wg_original2/index.php?g=Wap&m=Distribution&a=verify
INFO: [ app_begin ] --START--
INFO: Run ReadHtmlCache Behavior [ RunTime:0.001001s ]
INFO: [ app_begin ] --END-- [ RunTime:0.001001s ]
NOTIC: [8192] mysql_connect(): The mysql extension is deprecated and will be removed in the future: use mysqli or PDO instead D:\wamp\www\wg_original2\Lib\Driver\Db\DbMysql.class.php 第 55 行.
NOTIC: [8192] preg_replace(): The /e modifier is deprecated, use preg_replace_callback instead D:\wamp\www\wg_original2\Lib\Core\Db.class.php 第 572 行.
NOTIC: [8192] preg_replace(): The /e modifier is deprecated, use preg_replace_callback instead D:\wamp\www\wg_original2\Lib\Core\Db.class.php 第 572 行.
NOTIC: [8192] preg_replace(): The /e modifier is deprecated, use preg_replace_callback instead D:\wamp\www\wg_original2\Lib\Core\Db.class.php 第 572 行.
NOTIC: [8] Undefined variable: access_str D:\wamp\www\wg_original2\WgCms\Lib\Action\WapAction.class.php 第 324 行.
NOTIC: [8192] preg_replace(): The /e modifier is deprecated, use preg_replace_callback instead D:\wamp\www\wg_original2\Lib\Core\Db.class.php 第 572 行.

[ 2016-10-14T08:34:16+08:00 ] 127.0.0.1 /wg_original2/index.php?g=Wap&m=Distribution&a=verify
INFO: [ app_begin ] --START--
INFO: Run ReadHtmlCache Behavior [ RunTime:0.001000s ]
INFO: [ app_begin ] --END-- [ RunTime:0.001000s ]
NOTIC: [8192] mysql_connect(): The mysql extension is deprecated and will be removed in the future: use mysqli or PDO instead D:\wamp\www\wg_original2\Lib\Driver\Db\DbMysql.class.php 第 55 行.
NOTIC: [8192] preg_replace(): The /e modifier is deprecated, use preg_replace_callback instead D:\wamp\www\wg_original2\Lib\Core\Db.class.php 第 572 行.
NOTIC: [8192] preg_replace(): The /e modifier is deprecated, use preg_replace_callback instead D:\wamp\www\wg_original2\Lib\Core\Db.class.php 第 572 行.
NOTIC: [8192] preg_replace(): The /e modifier is deprecated, use preg_replace_callback instead D:\wamp\www\wg_original2\Lib\Core\Db.class.php 第 572 行.
NOTIC: [8] Undefined variable: access_str D:\wamp\www\wg_original2\WgCms\Lib\Action\WapAction.class.php 第 324 行.
NOTIC: [8192] preg_replace(): The /e modifier is deprecated, use preg_replace_callback instead D:\wamp\www\wg_original2\Lib\Core\Db.class.php 第 572 行.

[ 2016-10-14T08:34:29+08:00 ] 127.0.0.1 /wg_original2/index.php?g=Wap&m=Distribution&a=verify
INFO: [ app_begin ] --START--
INFO: Run ReadHtmlCache Behavior [ RunTime:0.001000s ]
INFO: [ app_begin ] --END-- [ RunTime:0.001000s ]
NOTIC: [8192] mysql_connect(): The mysql extension is deprecated and will be removed in the future: use mysqli or PDO instead D:\wamp\www\wg_original2\Lib\Driver\Db\DbMysql.class.php 第 55 行.
NOTIC: [8192] preg_replace(): The /e modifier is deprecated, use preg_replace_callback instead D:\wamp\www\wg_original2\Lib\Core\Db.class.php 第 572 行.
NOTIC: [8192] preg_replace(): The /e modifier is deprecated, use preg_replace_callback instead D:\wamp\www\wg_original2\Lib\Core\Db.class.php 第 572 行.
NOTIC: [8192] preg_replace(): The /e modifier is deprecated, use preg_replace_callback instead D:\wamp\www\wg_original2\Lib\Core\Db.class.php 第 572 行.
NOTIC: [8] Undefined variable: access_str D:\wamp\www\wg_original2\WgCms\Lib\Action\WapAction.class.php 第 324 行.
NOTIC: [8192] preg_replace(): The /e modifier is deprecated, use preg_replace_callback instead D:\wamp\www\wg_original2\Lib\Core\Db.class.php 第 572 行.

[ 2016-10-14T08:34:45+08:00 ] 127.0.0.1 /wg_original2/index.php?g=Wap&m=Distribution&a=verify
INFO: [ app_begin ] --START--
INFO: Run ReadHtmlCache Behavior [ RunTime:0.001000s ]
INFO: [ app_begin ] --END-- [ RunTime:0.001000s ]
NOTIC: [8192] mysql_connect(): The mysql extension is deprecated and will be removed in the future: use mysqli or PDO instead D:\wamp\www\wg_original2\Lib\Driver\Db\DbMysql.class.php 第 55 行.
NOTIC: [8192] preg_replace(): The /e modifier is deprecated, use preg_replace_callback instead D:\wamp\www\wg_original2\Lib\Core\Db.class.php 第 572 行.
NOTIC: [8192] preg_replace(): The /e modifier is deprecated, use preg_replace_callback instead D:\wamp\www\wg_original2\Lib\Core\Db.class.php 第 572 行.
NOTIC: [8192] preg_replace(): The /e modifier is deprecated, use preg_replace_callback instead D:\wamp\www\wg_original2\Lib\Core\Db.class.php 第 572 行.
NOTIC: [8] Undefined variable: access_str D:\wamp\www\wg_original2\WgCms\Lib\Action\WapAction.class.php 第 324 行.
NOTIC: [8192] preg_replace(): The /e modifier is deprecated, use preg_replace_callback instead D:\wamp\www\wg_original2\Lib\Core\Db.class.php 第 572 行.

[ 2016-10-14T08:34:51+08:00 ] 127.0.0.1 /wg_original2/index.php?g=Wap&m=Distribution&a=verify
INFO: [ app_begin ] --START--
INFO: Run ReadHtmlCache Behavior [ RunTime:0.001000s ]
INFO: [ app_begin ] --END-- [ RunTime:0.001000s ]
NOTIC: [8192] mysql_connect(): The mysql extension is deprecated and will be removed in the future: use mysqli or PDO instead D:\wamp\www\wg_original2\Lib\Driver\Db\DbMysql.class.php 第 55 行.
NOTIC: [8192] preg_replace(): The /e modifier is deprecated, use preg_replace_callback instead D:\wamp\www\wg_original2\Lib\Core\Db.class.php 第 572 行.
NOTIC: [8192] preg_replace(): The /e modifier is deprecated, use preg_replace_callback instead D:\wamp\www\wg_original2\Lib\Core\Db.class.php 第 572 行.
NOTIC: [8192] preg_replace(): The /e modifier is deprecated, use preg_replace_callback instead D:\wamp\www\wg_original2\Lib\Core\Db.class.php 第 572 行.
NOTIC: [8] Undefined variable: access_str D:\wamp\www\wg_original2\WgCms\Lib\Action\WapAction.class.php 第 324 行.
NOTIC: [8192] preg_replace(): The /e modifier is deprecated, use preg_replace_callback instead D:\wamp\www\wg_original2\Lib\Core\Db.class.php 第 572 行.

[ 2016-10-14T08:35:06+08:00 ] 127.0.0.1 /wg_original2/index.php?g=Wap&m=Distribution&a=verify
INFO: [ app_begin ] --START--
INFO: Run ReadHtmlCache Behavior [ RunTime:0.001000s ]
INFO: [ app_begin ] --END-- [ RunTime:0.001000s ]
NOTIC: [8192] mysql_connect(): The mysql extension is deprecated and will be removed in the future: use mysqli or PDO instead D:\wamp\www\wg_original2\Lib\Driver\Db\DbMysql.class.php 第 55 行.
NOTIC: [8192] preg_replace(): The /e modifier is deprecated, use preg_replace_callback instead D:\wamp\www\wg_original2\Lib\Core\Db.class.php 第 572 行.
NOTIC: [8192] preg_replace(): The /e modifier is deprecated, use preg_replace_callback instead D:\wamp\www\wg_original2\Lib\Core\Db.class.php 第 572 行.
NOTIC: [8192] preg_replace(): The /e modifier is deprecated, use preg_replace_callback instead D:\wamp\www\wg_original2\Lib\Core\Db.class.php 第 572 行.
NOTIC: [8] Undefined variable: access_str D:\wamp\www\wg_original2\WgCms\Lib\Action\WapAction.class.php 第 324 行.
NOTIC: [8192] preg_replace(): The /e modifier is deprecated, use preg_replace_callback instead D:\wamp\www\wg_original2\Lib\Core\Db.class.php 第 572 行.

[ 2016-10-14T08:35:09+08:00 ] 127.0.0.1 /wg_original2/index.php?g=Wap&m=Distribution&a=verify
INFO: [ app_begin ] --START--
INFO: Run ReadHtmlCache Behavior [ RunTime:0.001000s ]
INFO: [ app_begin ] --END-- [ RunTime:0.001000s ]
NOTIC: [8192] mysql_connect(): The mysql extension is deprecated and will be removed in the future: use mysqli or PDO instead D:\wamp\www\wg_original2\Lib\Driver\Db\DbMysql.class.php 第 55 行.
NOTIC: [8192] preg_replace(): The /e modifier is deprecated, use preg_replace_callback instead D:\wamp\www\wg_original2\Lib\Core\Db.class.php 第 572 行.
NOTIC: [8192] preg_replace(): The /e modifier is deprecated, use preg_replace_callback instead D:\wamp\www\wg_original2\Lib\Core\Db.class.php 第 572 行.
NOTIC: [8192] preg_replace(): The /e modifier is deprecated, use preg_replace_callback instead D:\wamp\www\wg_original2\Lib\Core\Db.class.php 第 572 行.
NOTIC: [8] Undefined variable: access_str D:\wamp\www\wg_original2\WgCms\Lib\Action\WapAction.class.php 第 324 行.
NOTIC: [8192] preg_replace(): The /e modifier is deprecated, use preg_replace_callback instead D:\wamp\www\wg_original2\Lib\Core\Db.class.php 第 572 行.

[ 2016-10-14T08:37:03+08:00 ] 127.0.0.1 /wg_original2/index.php?g=Wap&m=Distribution&a=verify
INFO: [ app_begin ] --START--
INFO: Run ReadHtmlCache Behavior [ RunTime:0.001000s ]
INFO: [ app_begin ] --END-- [ RunTime:0.001000s ]
NOTIC: [8192] mysql_connect(): The mysql extension is deprecated and will be removed in the future: use mysqli or PDO instead D:\wamp\www\wg_original2\Lib\Driver\Db\DbMysql.class.php 第 55 行.
NOTIC: [8192] preg_replace(): The /e modifier is deprecated, use preg_replace_callback instead D:\wamp\www\wg_original2\Lib\Core\Db.class.php 第 572 行.
NOTIC: [8192] preg_replace(): The /e modifier is deprecated, use preg_replace_callback instead D:\wamp\www\wg_original2\Lib\Core\Db.class.php 第 572 行.
NOTIC: [8192] preg_replace(): The /e modifier is deprecated, use preg_replace_callback instead D:\wamp\www\wg_original2\Lib\Core\Db.class.php 第 572 行.
NOTIC: [8] Undefined variable: access_str D:\wamp\www\wg_original2\WgCms\Lib\Action\WapAction.class.php 第 324 行.
NOTIC: [8192] preg_replace(): The /e modifier is deprecated, use preg_replace_callback instead D:\wamp\www\wg_original2\Lib\Core\Db.class.php 第 572 行.

[ 2016-10-14T08:38:27+08:00 ] 127.0.0.1 /wg_original2/index.php?g=Wap&m=Distribution&a=verify
INFO: [ app_begin ] --START--
INFO: Run ReadHtmlCache Behavior [ RunTime:0.002000s ]
INFO: [ app_begin ] --END-- [ RunTime:0.002000s ]
NOTIC: [8192] mysql_connect(): The mysql extension is deprecated and will be removed in the future: use mysqli or PDO instead D:\wamp\www\wg_original2\Lib\Driver\Db\DbMysql.class.php 第 55 行.
NOTIC: [8192] preg_replace(): The /e modifier is deprecated, use preg_replace_callback instead D:\wamp\www\wg_original2\Lib\Core\Db.class.php 第 572 行.
NOTIC: [8192] preg_replace(): The /e modifier is deprecated, use preg_replace_callback instead D:\wamp\www\wg_original2\Lib\Core\Db.class.php 第 572 行.
NOTIC: [8192] preg_replace(): The /e modifier is deprecated, use preg_replace_callback instead D:\wamp\www\wg_original2\Lib\Core\Db.class.php 第 572 行.
NOTIC: [8] Undefined variable: access_str D:\wamp\www\wg_original2\WgCms\Lib\Action\WapAction.class.php 第 324 行.
NOTIC: [8192] preg_replace(): The /e modifier is deprecated, use preg_replace_callback instead D:\wamp\www\wg_original2\Lib\Core\Db.class.php 第 572 行.

[ 2016-10-14T08:38:28+08:00 ] 127.0.0.1 /wg_original2/index.php?g=Wap&m=Distribution&a=verify
INFO: [ app_begin ] --START--
INFO: Run ReadHtmlCache Behavior [ RunTime:0.001000s ]
INFO: [ app_begin ] --END-- [ RunTime:0.001000s ]
NOTIC: [8192] mysql_connect(): The mysql extension is deprecated and will be removed in the future: use mysqli or PDO instead D:\wamp\www\wg_original2\Lib\Driver\Db\DbMysql.class.php 第 55 行.
NOTIC: [8192] preg_replace(): The /e modifier is deprecated, use preg_replace_callback instead D:\wamp\www\wg_original2\Lib\Core\Db.class.php 第 572 行.
NOTIC: [8192] preg_replace(): The /e modifier is deprecated, use preg_replace_callback instead D:\wamp\www\wg_original2\Lib\Core\Db.class.php 第 572 行.
NOTIC: [8192] preg_replace(): The /e modifier is deprecated, use preg_replace_callback instead D:\wamp\www\wg_original2\Lib\Core\Db.class.php 第 572 行.
NOTIC: [8] Undefined variable: access_str D:\wamp\www\wg_original2\WgCms\Lib\Action\WapAction.class.php 第 324 行.
NOTIC: [8192] preg_replace(): The /e modifier is deprecated, use preg_replace_callback instead D:\wamp\www\wg_original2\Lib\Core\Db.class.php 第 572 行.

[ 2016-10-14T08:39:16+08:00 ] 127.0.0.1 /wg_original2/index.php?g=Wap&m=Distribution&a=verify
INFO: [ app_begin ] --START--
INFO: Run ReadHtmlCache Behavior [ RunTime:0.000000s ]
INFO: [ app_begin ] --END-- [ RunTime:0.000000s ]
NOTIC: [8192] mysql_connect(): The mysql extension is deprecated and will be removed in the future: use mysqli or PDO instead D:\wamp\www\wg_original2\Lib\Driver\Db\DbMysql.class.php 第 55 行.
NOTIC: [8192] preg_replace(): The /e modifier is deprecated, use preg_replace_callback instead D:\wamp\www\wg_original2\Lib\Core\Db.class.php 第 572 行.
NOTIC: [8192] preg_replace(): The /e modifier is deprecated, use preg_replace_callback instead D:\wamp\www\wg_original2\Lib\Core\Db.class.php 第 572 行.
NOTIC: [8192] preg_replace(): The /e modifier is deprecated, use preg_replace_callback instead D:\wamp\www\wg_original2\Lib\Core\Db.class.php 第 572 行.
NOTIC: [8] Undefined variable: access_str D:\wamp\www\wg_original2\WgCms\Lib\Action\WapAction.class.php 第 324 行.
NOTIC: [8192] preg_replace(): The /e modifier is deprecated, use preg_replace_callback instead D:\wamp\www\wg_original2\Lib\Core\Db.class.php 第 572 行.

[ 2016-10-14T08:39:17+08:00 ] 127.0.0.1 /wg_original2/index.php?g=Wap&m=Distribution&a=verify
INFO: [ app_begin ] --START--
INFO: Run ReadHtmlCache Behavior [ RunTime:0.001000s ]
INFO: [ app_begin ] --END-- [ RunTime:0.001000s ]
NOTIC: [8192] mysql_connect(): The mysql extension is deprecated and will be removed in the future: use mysqli or PDO instead D:\wamp\www\wg_original2\Lib\Driver\Db\DbMysql.class.php 第 55 行.
NOTIC: [8192] preg_replace(): The /e modifier is deprecated, use preg_replace_callback instead D:\wamp\www\wg_original2\Lib\Core\Db.class.php 第 572 行.
NOTIC: [8192] preg_replace(): The /e modifier is deprecated, use preg_replace_callback instead D:\wamp\www\wg_original2\Lib\Core\Db.class.php 第 572 行.
NOTIC: [8192] preg_replace(): The /e modifier is deprecated, use preg_replace_callback instead D:\wamp\www\wg_original2\Lib\Core\Db.class.php 第 572 行.
NOTIC: [8] Undefined variable: access_str D:\wamp\www\wg_original2\WgCms\Lib\Action\WapAction.class.php 第 324 行.
NOTIC: [8192] preg_replace(): The /e modifier is deprecated, use preg_replace_callback instead D:\wamp\www\wg_original2\Lib\Core\Db.class.php 第 572 行.

[ 2016-10-14T08:39:25+08:00 ] 127.0.0.1 /wg_original2/index.php?g=Wap&m=Distribution&a=verify
INFO: [ app_begin ] --START--
INFO: Run ReadHtmlCache Behavior [ RunTime:0.002001s ]
INFO: [ app_begin ] --END-- [ RunTime:0.002001s ]
NOTIC: [8192] mysql_connect(): The mysql extension is deprecated and will be removed in the future: use mysqli or PDO instead D:\wamp\www\wg_original2\Lib\Driver\Db\DbMysql.class.php 第 55 行.
NOTIC: [8192] preg_replace(): The /e modifier is deprecated, use preg_replace_callback instead D:\wamp\www\wg_original2\Lib\Core\Db.class.php 第 572 行.
NOTIC: [8192] preg_replace(): The /e modifier is deprecated, use preg_replace_callback instead D:\wamp\www\wg_original2\Lib\Core\Db.class.php 第 572 行.
NOTIC: [8192] preg_replace(): The /e modifier is deprecated, use preg_replace_callback instead D:\wamp\www\wg_original2\Lib\Core\Db.class.php 第 572 行.
NOTIC: [8] Undefined variable: access_str D:\wamp\www\wg_original2\WgCms\Lib\Action\WapAction.class.php 第 324 行.
NOTIC: [8192] preg_replace(): The /e modifier is deprecated, use preg_replace_callback instead D:\wamp\www\wg_original2\Lib\Core\Db.class.php 第 572 行.

[ 2016-10-14T08:39:26+08:00 ] 127.0.0.1 /wg_original2/index.php?g=Wap&m=Distribution&a=verify
INFO: [ app_begin ] --START--
INFO: Run ReadHtmlCache Behavior [ RunTime:0.002000s ]
INFO: [ app_begin ] --END-- [ RunTime:0.002000s ]
NOTIC: [8192] mysql_connect(): The mysql extension is deprecated and will be removed in the future: use mysqli or PDO instead D:\wamp\www\wg_original2\Lib\Driver\Db\DbMysql.class.php 第 55 行.
NOTIC: [8192] preg_replace(): The /e modifier is deprecated, use preg_replace_callback instead D:\wamp\www\wg_original2\Lib\Core\Db.class.php 第 572 行.
NOTIC: [8192] preg_replace(): The /e modifier is deprecated, use preg_replace_callback instead D:\wamp\www\wg_original2\Lib\Core\Db.class.php 第 572 行.
NOTIC: [8192] preg_replace(): The /e modifier is deprecated, use preg_replace_callback instead D:\wamp\www\wg_original2\Lib\Core\Db.class.php 第 572 行.
NOTIC: [8] Undefined variable: access_str D:\wamp\www\wg_original2\WgCms\Lib\Action\WapAction.class.php 第 324 行.
NOTIC: [8192] preg_replace(): The /e modifier is deprecated, use preg_replace_callback instead D:\wamp\www\wg_original2\Lib\Core\Db.class.php 第 572 行.

[ 2016-10-14T08:39:31+08:00 ] 127.0.0.1 /wg_original2/index.php?g=Wap&m=Distribution&a=verify
INFO: [ app_begin ] --START--
INFO: Run ReadHtmlCache Behavior [ RunTime:0.001000s ]
INFO: [ app_begin ] --END-- [ RunTime:0.001000s ]
NOTIC: [8192] mysql_connect(): The mysql extension is deprecated and will be removed in the future: use mysqli or PDO instead D:\wamp\www\wg_original2\Lib\Driver\Db\DbMysql.class.php 第 55 行.
NOTIC: [8192] preg_replace(): The /e modifier is deprecated, use preg_replace_callback instead D:\wamp\www\wg_original2\Lib\Core\Db.class.php 第 572 行.
NOTIC: [8192] preg_replace(): The /e modifier is deprecated, use preg_replace_callback instead D:\wamp\www\wg_original2\Lib\Core\Db.class.php 第 572 行.
NOTIC: [8192] preg_replace(): The /e modifier is deprecated, use preg_replace_callback instead D:\wamp\www\wg_original2\Lib\Core\Db.class.php 第 572 行.
NOTIC: [8] Undefined variable: access_str D:\wamp\www\wg_original2\WgCms\Lib\Action\WapAction.class.php 第 324 行.
NOTIC: [8192] preg_replace(): The /e modifier is deprecated, use preg_replace_callback instead D:\wamp\www\wg_original2\Lib\Core\Db.class.php 第 572 行.

[ 2016-10-14T08:39:32+08:00 ] 127.0.0.1 /wg_original2/index.php?g=Wap&m=Distribution&a=verify
INFO: [ app_begin ] --START--
INFO: Run ReadHtmlCache Behavior [ RunTime:0.001000s ]
INFO: [ app_begin ] --END-- [ RunTime:0.001000s ]
NOTIC: [8192] mysql_connect(): The mysql extension is deprecated and will be removed in the future: use mysqli or PDO instead D:\wamp\www\wg_original2\Lib\Driver\Db\DbMysql.class.php 第 55 行.
NOTIC: [8192] preg_replace(): The /e modifier is deprecated, use preg_replace_callback instead D:\wamp\www\wg_original2\Lib\Core\Db.class.php 第 572 行.
NOTIC: [8192] preg_replace(): The /e modifier is deprecated, use preg_replace_callback instead D:\wamp\www\wg_original2\Lib\Core\Db.class.php 第 572 行.
NOTIC: [8192] preg_replace(): The /e modifier is deprecated, use preg_replace_callback instead D:\wamp\www\wg_original2\Lib\Core\Db.class.php 第 572 行.
NOTIC: [8] Undefined variable: access_str D:\wamp\www\wg_original2\WgCms\Lib\Action\WapAction.class.php 第 324 行.
NOTIC: [8192] preg_replace(): The /e modifier is deprecated, use preg_replace_callback instead D:\wamp\www\wg_original2\Lib\Core\Db.class.php 第 572 行.

[ 2016-10-14T08:40:13+08:00 ] 127.0.0.1 /wg_original2/index.php?g=Wap&m=Distribution&a=verify
INFO: [ app_begin ] --START--
INFO: Run ReadHtmlCache Behavior [ RunTime:0.002000s ]
INFO: [ app_begin ] --END-- [ RunTime:0.002000s ]
NOTIC: [8192] mysql_connect(): The mysql extension is deprecated and will be removed in the future: use mysqli or PDO instead D:\wamp\www\wg_original2\Lib\Driver\Db\DbMysql.class.php 第 55 行.
NOTIC: [8192] preg_replace(): The /e modifier is deprecated, use preg_replace_callback instead D:\wamp\www\wg_original2\Lib\Core\Db.class.php 第 572 行.
NOTIC: [8192] preg_replace(): The /e modifier is deprecated, use preg_replace_callback instead D:\wamp\www\wg_original2\Lib\Core\Db.class.php 第 572 行.
NOTIC: [8192] preg_replace(): The /e modifier is deprecated, use preg_replace_callback instead D:\wamp\www\wg_original2\Lib\Core\Db.class.php 第 572 行.
NOTIC: [8] Undefined variable: access_str D:\wamp\www\wg_original2\WgCms\Lib\Action\WapAction.class.php 第 324 行.
NOTIC: [8192] preg_replace(): The /e modifier is deprecated, use preg_replace_callback instead D:\wamp\www\wg_original2\Lib\Core\Db.class.php 第 572 行.

[ 2016-10-14T08:40:14+08:00 ] 127.0.0.1 /wg_original2/index.php?g=Wap&m=Distribution&a=verify
INFO: [ app_begin ] --START--
INFO: Run ReadHtmlCache Behavior [ RunTime:0.002000s ]
INFO: [ app_begin ] --END-- [ RunTime:0.002000s ]
NOTIC: [8192] mysql_connect(): The mysql extension is deprecated and will be removed in the future: use mysqli or PDO instead D:\wamp\www\wg_original2\Lib\Driver\Db\DbMysql.class.php 第 55 行.
NOTIC: [8192] preg_replace(): The /e modifier is deprecated, use preg_replace_callback instead D:\wamp\www\wg_original2\Lib\Core\Db.class.php 第 572 行.
NOTIC: [8192] preg_replace(): The /e modifier is deprecated, use preg_replace_callback instead D:\wamp\www\wg_original2\Lib\Core\Db.class.php 第 572 行.
NOTIC: [8192] preg_replace(): The /e modifier is deprecated, use preg_replace_callback instead D:\wamp\www\wg_original2\Lib\Core\Db.class.php 第 572 行.
NOTIC: [8] Undefined variable: access_str D:\wamp\www\wg_original2\WgCms\Lib\Action\WapAction.class.php 第 324 行.
NOTIC: [8192] preg_replace(): The /e modifier is deprecated, use preg_replace_callback instead D:\wamp\www\wg_original2\Lib\Core\Db.class.php 第 572 行.

[ 2016-10-14T08:44:41+08:00 ] 127.0.0.1 /wg_original2/index.php?g=Wap&m=Distribution&a=verify
INFO: [ app_begin ] --START--
INFO: Run ReadHtmlCache Behavior [ RunTime:0.001000s ]
INFO: [ app_begin ] --END-- [ RunTime:0.002000s ]
NOTIC: [8192] mysql_connect(): The mysql extension is deprecated and will be removed in the future: use mysqli or PDO instead D:\wamp\www\wg_original2\Lib\Driver\Db\DbMysql.class.php 第 55 行.
NOTIC: [8192] preg_replace(): The /e modifier is deprecated, use preg_replace_callback instead D:\wamp\www\wg_original2\Lib\Core\Db.class.php 第 572 行.
NOTIC: [8192] preg_replace(): The /e modifier is deprecated, use preg_replace_callback instead D:\wamp\www\wg_original2\Lib\Core\Db.class.php 第 572 行.
NOTIC: [8192] preg_replace(): The /e modifier is deprecated, use preg_replace_callback instead D:\wamp\www\wg_original2\Lib\Core\Db.class.php 第 572 行.
NOTIC: [8] Undefined variable: access_str D:\wamp\www\wg_original2\WgCms\Lib\Action\WapAction.class.php 第 324 行.
NOTIC: [8192] preg_replace(): The /e modifier is deprecated, use preg_replace_callback instead D:\wamp\www\wg_original2\Lib\Core\Db.class.php 第 572 行.

[ 2016-10-14T08:50:23+08:00 ] 127.0.0.1 /wg_original2/index.php?g=Wap&m=Distribution&a=verify
INFO: [ app_begin ] --START--
INFO: Run ReadHtmlCache Behavior [ RunTime:0.001000s ]
INFO: [ app_begin ] --END-- [ RunTime:0.001000s ]
NOTIC: [8192] mysql_connect(): The mysql extension is deprecated and will be removed in the future: use mysqli or PDO instead D:\wamp\www\wg_original2\Lib\Driver\Db\DbMysql.class.php 第 55 行.
NOTIC: [8192] preg_replace(): The /e modifier is deprecated, use preg_replace_callback instead D:\wamp\www\wg_original2\Lib\Core\Db.class.php 第 572 行.
NOTIC: [8192] preg_replace(): The /e modifier is deprecated, use preg_replace_callback instead D:\wamp\www\wg_original2\Lib\Core\Db.class.php 第 572 行.
NOTIC: [8192] preg_replace(): The /e modifier is deprecated, use preg_replace_callback instead D:\wamp\www\wg_original2\Lib\Core\Db.class.php 第 572 行.
NOTIC: [8] Undefined variable: access_str D:\wamp\www\wg_original2\WgCms\Lib\Action\WapAction.class.php 第 324 行.
NOTIC: [8192] preg_replace(): The /e modifier is deprecated, use preg_replace_callback instead D:\wamp\www\wg_original2\Lib\Core\Db.class.php 第 572 行.

[ 2016-10-14T08:50:46+08:00 ] 127.0.0.1 /wg_original2/index.php?g=Wap&m=Distribution&a=verify
INFO: [ app_begin ] --START--
INFO: Run ReadHtmlCache Behavior [ RunTime:0.001000s ]
INFO: [ app_begin ] --END-- [ RunTime:0.001000s ]
NOTIC: [8192] mysql_connect(): The mysql extension is deprecated and will be removed in the future: use mysqli or PDO instead D:\wamp\www\wg_original2\Lib\Driver\Db\DbMysql.class.php 第 55 行.
NOTIC: [8192] preg_replace(): The /e modifier is deprecated, use preg_replace_callback instead D:\wamp\www\wg_original2\Lib\Core\Db.class.php 第 572 行.
NOTIC: [8192] preg_replace(): The /e modifier is deprecated, use preg_replace_callback instead D:\wamp\www\wg_original2\Lib\Core\Db.class.php 第 572 行.
NOTIC: [8192] preg_replace(): The /e modifier is deprecated, use preg_replace_callback instead D:\wamp\www\wg_original2\Lib\Core\Db.class.php 第 572 行.
NOTIC: [8] Undefined variable: access_str D:\wamp\www\wg_original2\WgCms\Lib\Action\WapAction.class.php 第 324 行.
NOTIC: [8192] preg_replace(): The /e modifier is deprecated, use preg_replace_callback instead D:\wamp\www\wg_original2\Lib\Core\Db.class.php 第 572 行.

[ 2016-10-14T08:51:47+08:00 ] 127.0.0.1 /wg_original2/index.php?g=Wap&m=Distribution&a=verify
INFO: [ app_begin ] --START--
INFO: Run ReadHtmlCache Behavior [ RunTime:0.000000s ]
INFO: [ app_begin ] --END-- [ RunTime:0.000000s ]
NOTIC: [8192] mysql_connect(): The mysql extension is deprecated and will be removed in the future: use mysqli or PDO instead D:\wamp\www\wg_original2\Lib\Driver\Db\DbMysql.class.php 第 55 行.
NOTIC: [8192] preg_replace(): The /e modifier is deprecated, use preg_replace_callback instead D:\wamp\www\wg_original2\Lib\Core\Db.class.php 第 572 行.
NOTIC: [8192] preg_replace(): The /e modifier is deprecated, use preg_replace_callback instead D:\wamp\www\wg_original2\Lib\Core\Db.class.php 第 572 行.
NOTIC: [8192] preg_replace(): The /e modifier is deprecated, use preg_replace_callback instead D:\wamp\www\wg_original2\Lib\Core\Db.class.php 第 572 行.
NOTIC: [8] Undefined variable: access_str D:\wamp\www\wg_original2\WgCms\Lib\Action\WapAction.class.php 第 324 行.
NOTIC: [8192] preg_replace(): The /e modifier is deprecated, use preg_replace_callback instead D:\wamp\www\wg_original2\Lib\Core\Db.class.php 第 572 行.

[ 2016-10-14T08:52:19+08:00 ] 127.0.0.1 /wg_original2/index.php?g=Wap&m=Distribution&a=verify
INFO: [ app_begin ] --START--
INFO: Run ReadHtmlCache Behavior [ RunTime:0.001000s ]
INFO: [ app_begin ] --END-- [ RunTime:0.001000s ]
NOTIC: [8192] mysql_connect(): The mysql extension is deprecated and will be removed in the future: use mysqli or PDO instead D:\wamp\www\wg_original2\Lib\Driver\Db\DbMysql.class.php 第 55 行.
NOTIC: [8192] preg_replace(): The /e modifier is deprecated, use preg_replace_callback instead D:\wamp\www\wg_original2\Lib\Core\Db.class.php 第 572 行.
NOTIC: [8192] preg_replace(): The /e modifier is deprecated, use preg_replace_callback instead D:\wamp\www\wg_original2\Lib\Core\Db.class.php 第 572 行.
NOTIC: [8192] preg_replace(): The /e modifier is deprecated, use preg_replace_callback instead D:\wamp\www\wg_original2\Lib\Core\Db.class.php 第 572 行.
NOTIC: [8] Undefined variable: access_str D:\wamp\www\wg_original2\WgCms\Lib\Action\WapAction.class.php 第 324 行.
NOTIC: [8192] preg_replace(): The /e modifier is deprecated, use preg_replace_callback instead D:\wamp\www\wg_original2\Lib\Core\Db.class.php 第 572 行.

[ 2016-10-14T08:52:26+08:00 ] 127.0.0.1 /wg_original2/index.php?g=Wap&m=Distribution&a=verify
INFO: [ app_begin ] --START--
INFO: Run ReadHtmlCache Behavior [ RunTime:0.000000s ]
INFO: [ app_begin ] --END-- [ RunTime:0.000000s ]
NOTIC: [8192] mysql_connect(): The mysql extension is deprecated and will be removed in the future: use mysqli or PDO instead D:\wamp\www\wg_original2\Lib\Driver\Db\DbMysql.class.php 第 55 行.
NOTIC: [8192] preg_replace(): The /e modifier is deprecated, use preg_replace_callback instead D:\wamp\www\wg_original2\Lib\Core\Db.class.php 第 572 行.
NOTIC: [8192] preg_replace(): The /e modifier is deprecated, use preg_replace_callback instead D:\wamp\www\wg_original2\Lib\Core\Db.class.php 第 572 行.
NOTIC: [8192] preg_replace(): The /e modifier is deprecated, use preg_replace_callback instead D:\wamp\www\wg_original2\Lib\Core\Db.class.php 第 572 行.
NOTIC: [8] Undefined variable: access_str D:\wamp\www\wg_original2\WgCms\Lib\Action\WapAction.class.php 第 324 行.
NOTIC: [8192] preg_replace(): The /e modifier is deprecated, use preg_replace_callback instead D:\wamp\www\wg_original2\Lib\Core\Db.class.php 第 572 行.

[ 2016-10-14T08:52:29+08:00 ] 127.0.0.1 /wg_original2/index.php?g=Wap&m=Distribution&a=verify
INFO: [ app_begin ] --START--
INFO: Run ReadHtmlCache Behavior [ RunTime:0.001000s ]
INFO: [ app_begin ] --END-- [ RunTime:0.001000s ]
NOTIC: [8192] mysql_connect(): The mysql extension is deprecated and will be removed in the future: use mysqli or PDO instead D:\wamp\www\wg_original2\Lib\Driver\Db\DbMysql.class.php 第 55 行.
NOTIC: [8192] preg_replace(): The /e modifier is deprecated, use preg_replace_callback instead D:\wamp\www\wg_original2\Lib\Core\Db.class.php 第 572 行.
NOTIC: [8192] preg_replace(): The /e modifier is deprecated, use preg_replace_callback instead D:\wamp\www\wg_original2\Lib\Core\Db.class.php 第 572 行.
NOTIC: [8192] preg_replace(): The /e modifier is deprecated, use preg_replace_callback instead D:\wamp\www\wg_original2\Lib\Core\Db.class.php 第 572 行.
NOTIC: [8] Undefined variable: access_str D:\wamp\www\wg_original2\WgCms\Lib\Action\WapAction.class.php 第 324 行.
NOTIC: [8192] preg_replace(): The /e modifier is deprecated, use preg_replace_callback instead D:\wamp\www\wg_original2\Lib\Core\Db.class.php 第 572 行.

[ 2016-10-14T08:53:06+08:00 ] 127.0.0.1 /wg_original2/index.php?g=Wap&m=Distribution&a=verify
INFO: [ app_begin ] --START--
INFO: Run ReadHtmlCache Behavior [ RunTime:0.001000s ]
INFO: [ app_begin ] --END-- [ RunTime:0.001000s ]
NOTIC: [8192] mysql_connect(): The mysql extension is deprecated and will be removed in the future: use mysqli or PDO instead D:\wamp\www\wg_original2\Lib\Driver\Db\DbMysql.class.php 第 55 行.
NOTIC: [8192] preg_replace(): The /e modifier is deprecated, use preg_replace_callback instead D:\wamp\www\wg_original2\Lib\Core\Db.class.php 第 572 行.
NOTIC: [8192] preg_replace(): The /e modifier is deprecated, use preg_replace_callback instead D:\wamp\www\wg_original2\Lib\Core\Db.class.php 第 572 行.
NOTIC: [8192] preg_replace(): The /e modifier is deprecated, use preg_replace_callback instead D:\wamp\www\wg_original2\Lib\Core\Db.class.php 第 572 行.
NOTIC: [8] Undefined variable: access_str D:\wamp\www\wg_original2\WgCms\Lib\Action\WapAction.class.php 第 324 行.
NOTIC: [8192] preg_replace(): The /e modifier is deprecated, use preg_replace_callback instead D:\wamp\www\wg_original2\Lib\Core\Db.class.php 第 572 行.

[ 2016-10-14T10:54:47+08:00 ] 127.0.0.1 /wg_original2/index.php?g=Wap&m=Distribution&a=myInfo
INFO: [ app_begin ] --START--
INFO: Run ReadHtmlCache Behavior [ RunTime:0.000000s ]
INFO: [ app_begin ] --END-- [ RunTime:0.001000s ]
NOTIC: [8192] mysql_connect(): The mysql extension is deprecated and will be removed in the future: use mysqli or PDO instead D:\wamp\www\wg_original2\Lib\Driver\Db\DbMysql.class.php 第 55 行.
NOTIC: [8192] preg_replace(): The /e modifier is deprecated, use preg_replace_callback instead D:\wamp\www\wg_original2\Lib\Core\Db.class.php 第 572 行.
NOTIC: [8192] preg_replace(): The /e modifier is deprecated, use preg_replace_callback instead D:\wamp\www\wg_original2\Lib\Core\Db.class.php 第 572 行.
NOTIC: [8192] preg_replace(): The /e modifier is deprecated, use preg_replace_callback instead D:\wamp\www\wg_original2\Lib\Core\Db.class.php 第 572 行.
NOTIC: [8] Undefined variable: access_str D:\wamp\www\wg_original2\WgCms\Lib\Action\WapAction.class.php 第 324 行.
NOTIC: [8192] preg_replace(): The /e modifier is deprecated, use preg_replace_callback instead D:\wamp\www\wg_original2\Lib\Core\Db.class.php 第 572 行.
NOTIC: [8192] preg_replace(): The /e modifier is deprecated, use preg_replace_callback instead D:\wamp\www\wg_original2\Lib\Core\Db.class.php 第 572 行.
NOTIC: [8192] preg_replace(): The /e modifier is deprecated, use preg_replace_callback instead D:\wamp\www\wg_original2\Lib\Core\Db.class.php 第 572 行.

[ 2016-10-14T10:55:00+08:00 ] 127.0.0.1 /wg_original2/index.php?g=Wap&m=Distribution&a=myInfo
INFO: [ app_begin ] --START--
INFO: Run ReadHtmlCache Behavior [ RunTime:0.001000s ]
INFO: [ app_begin ] --END-- [ RunTime:0.001000s ]
NOTIC: [8192] mysql_connect(): The mysql extension is deprecated and will be removed in the future: use mysqli or PDO instead D:\wamp\www\wg_original2\Lib\Driver\Db\DbMysql.class.php 第 55 行.
NOTIC: [8192] preg_replace(): The /e modifier is deprecated, use preg_replace_callback instead D:\wamp\www\wg_original2\Lib\Core\Db.class.php 第 572 行.
NOTIC: [8192] preg_replace(): The /e modifier is deprecated, use preg_replace_callback instead D:\wamp\www\wg_original2\Lib\Core\Db.class.php 第 572 行.
NOTIC: [8192] preg_replace(): The /e modifier is deprecated, use preg_replace_callback instead D:\wamp\www\wg_original2\Lib\Core\Db.class.php 第 572 行.
NOTIC: [8] Undefined variable: access_str D:\wamp\www\wg_original2\WgCms\Lib\Action\WapAction.class.php 第 324 行.
NOTIC: [8192] preg_replace(): The /e modifier is deprecated, use preg_replace_callback instead D:\wamp\www\wg_original2\Lib\Core\Db.class.php 第 572 行.
NOTIC: [8192] preg_replace(): The /e modifier is deprecated, use preg_replace_callback instead D:\wamp\www\wg_original2\Lib\Core\Db.class.php 第 572 行.
NOTIC: [8192] preg_replace(): The /e modifier is deprecated, use preg_replace_callback instead D:\wamp\www\wg_original2\Lib\Core\Db.class.php 第 572 行.

[ 2016-10-14T10:55:12+08:00 ] 127.0.0.1 /wg_original2/index.php?g=Wap&m=Distribution&a=myInfo
INFO: [ app_begin ] --START--
INFO: Run ReadHtmlCache Behavior [ RunTime:0.000000s ]
INFO: [ app_begin ] --END-- [ RunTime:0.001000s ]
NOTIC: [8192] mysql_connect(): The mysql extension is deprecated and will be removed in the future: use mysqli or PDO instead D:\wamp\www\wg_original2\Lib\Driver\Db\DbMysql.class.php 第 55 行.
NOTIC: [8192] preg_replace(): The /e modifier is deprecated, use preg_replace_callback instead D:\wamp\www\wg_original2\Lib\Core\Db.class.php 第 572 行.
NOTIC: [8192] preg_replace(): The /e modifier is deprecated, use preg_replace_callback instead D:\wamp\www\wg_original2\Lib\Core\Db.class.php 第 572 行.
NOTIC: [8192] preg_replace(): The /e modifier is deprecated, use preg_replace_callback instead D:\wamp\www\wg_original2\Lib\Core\Db.class.php 第 572 行.
NOTIC: [8] Undefined variable: access_str D:\wamp\www\wg_original2\WgCms\Lib\Action\WapAction.class.php 第 324 行.
NOTIC: [8192] preg_replace(): The /e modifier is deprecated, use preg_replace_callback instead D:\wamp\www\wg_original2\Lib\Core\Db.class.php 第 572 行.
NOTIC: [8192] preg_replace(): The /e modifier is deprecated, use preg_replace_callback instead D:\wamp\www\wg_original2\Lib\Core\Db.class.php 第 572 行.
NOTIC: [8192] preg_replace(): The /e modifier is deprecated, use preg_replace_callback instead D:\wamp\www\wg_original2\Lib\Core\Db.class.php 第 572 行.

[ 2016-10-14T10:55:13+08:00 ] 127.0.0.1 /wg_original2/index.php?g=Wap&m=Distribution&a=myInfo
INFO: [ app_begin ] --START--
INFO: Run ReadHtmlCache Behavior [ RunTime:0.001000s ]
INFO: [ app_begin ] --END-- [ RunTime:0.001000s ]
NOTIC: [8192] mysql_connect(): The mysql extension is deprecated and will be removed in the future: use mysqli or PDO instead D:\wamp\www\wg_original2\Lib\Driver\Db\DbMysql.class.php 第 55 行.
NOTIC: [8192] preg_replace(): The /e modifier is deprecated, use preg_replace_callback instead D:\wamp\www\wg_original2\Lib\Core\Db.class.php 第 572 行.
NOTIC: [8192] preg_replace(): The /e modifier is deprecated, use preg_replace_callback instead D:\wamp\www\wg_original2\Lib\Core\Db.class.php 第 572 行.
NOTIC: [8192] preg_replace(): The /e modifier is deprecated, use preg_replace_callback instead D:\wamp\www\wg_original2\Lib\Core\Db.class.php 第 572 行.
NOTIC: [8] Undefined variable: access_str D:\wamp\www\wg_original2\WgCms\Lib\Action\WapAction.class.php 第 324 行.
NOTIC: [8192] preg_replace(): The /e modifier is deprecated, use preg_replace_callback instead D:\wamp\www\wg_original2\Lib\Core\Db.class.php 第 572 行.
NOTIC: [8192] preg_replace(): The /e modifier is deprecated, use preg_replace_callback instead D:\wamp\www\wg_original2\Lib\Core\Db.class.php 第 572 行.
NOTIC: [8192] preg_replace(): The /e modifier is deprecated, use preg_replace_callback instead D:\wamp\www\wg_original2\Lib\Core\Db.class.php 第 572 行.

[ 2016-10-14T10:55:24+08:00 ] 127.0.0.1 /wg_original2/index.php?g=Wap&m=Distribution&a=myInfo
INFO: [ app_begin ] --START--
INFO: Run ReadHtmlCache Behavior [ RunTime:0.000000s ]
INFO: [ app_begin ] --END-- [ RunTime:0.001000s ]
NOTIC: [8192] mysql_connect(): The mysql extension is deprecated and will be removed in the future: use mysqli or PDO instead D:\wamp\www\wg_original2\Lib\Driver\Db\DbMysql.class.php 第 55 行.
NOTIC: [8192] preg_replace(): The /e modifier is deprecated, use preg_replace_callback instead D:\wamp\www\wg_original2\Lib\Core\Db.class.php 第 572 行.
NOTIC: [8192] preg_replace(): The /e modifier is deprecated, use preg_replace_callback instead D:\wamp\www\wg_original2\Lib\Core\Db.class.php 第 572 行.
NOTIC: [8192] preg_replace(): The /e modifier is deprecated, use preg_replace_callback instead D:\wamp\www\wg_original2\Lib\Core\Db.class.php 第 572 行.
NOTIC: [8] Undefined variable: access_str D:\wamp\www\wg_original2\WgCms\Lib\Action\WapAction.class.php 第 324 行.
NOTIC: [8192] preg_replace(): The /e modifier is deprecated, use preg_replace_callback instead D:\wamp\www\wg_original2\Lib\Core\Db.class.php 第 572 行.
NOTIC: [8192] preg_replace(): The /e modifier is deprecated, use preg_replace_callback instead D:\wamp\www\wg_original2\Lib\Core\Db.class.php 第 572 行.
NOTIC: [8192] preg_replace(): The /e modifier is deprecated, use preg_replace_callback instead D:\wamp\www\wg_original2\Lib\Core\Db.class.php 第 572 行.
NOTIC: [2] json_decode() expects parameter 1 to be string, array given D:\wamp\www\wg_original2\WgCms\Lib\Action\Wap\DistributionAction.class.php 第 97 行.

[ 2016-10-14T10:55:36+08:00 ] 127.0.0.1 /wg_original2/index.php?g=Wap&m=Distribution&a=myInfo
INFO: [ app_begin ] --START--
INFO: Run ReadHtmlCache Behavior [ RunTime:0.001000s ]
INFO: [ app_begin ] --END-- [ RunTime:0.001000s ]
NOTIC: [8192] mysql_connect(): The mysql extension is deprecated and will be removed in the future: use mysqli or PDO instead D:\wamp\www\wg_original2\Lib\Driver\Db\DbMysql.class.php 第 55 行.
NOTIC: [8192] preg_replace(): The /e modifier is deprecated, use preg_replace_callback instead D:\wamp\www\wg_original2\Lib\Core\Db.class.php 第 572 行.
NOTIC: [8192] preg_replace(): The /e modifier is deprecated, use preg_replace_callback instead D:\wamp\www\wg_original2\Lib\Core\Db.class.php 第 572 行.
NOTIC: [8192] preg_replace(): The /e modifier is deprecated, use preg_replace_callback instead D:\wamp\www\wg_original2\Lib\Core\Db.class.php 第 572 行.
NOTIC: [8] Undefined variable: access_str D:\wamp\www\wg_original2\WgCms\Lib\Action\WapAction.class.php 第 324 行.
NOTIC: [8192] preg_replace(): The /e modifier is deprecated, use preg_replace_callback instead D:\wamp\www\wg_original2\Lib\Core\Db.class.php 第 572 行.
NOTIC: [8192] preg_replace(): The /e modifier is deprecated, use preg_replace_callback instead D:\wamp\www\wg_original2\Lib\Core\Db.class.php 第 572 行.
NOTIC: [8192] preg_replace(): The /e modifier is deprecated, use preg_replace_callback instead D:\wamp\www\wg_original2\Lib\Core\Db.class.php 第 572 行.

[ 2016-10-14T13:45:55+08:00 ] 127.0.0.1 /wg_original2/index.php?g=Wap&m=Distribution&a=verify
INFO: [ app_begin ] --START--
INFO: Run ReadHtmlCache Behavior [ RunTime:0.001000s ]
INFO: [ app_begin ] --END-- [ RunTime:0.001000s ]
NOTIC: [8192] mysql_connect(): The mysql extension is deprecated and will be removed in the future: use mysqli or PDO instead D:\wamp\www\wg_original2\Lib\Driver\Db\DbMysql.class.php 第 55 行.
NOTIC: [8192] preg_replace(): The /e modifier is deprecated, use preg_replace_callback instead D:\wamp\www\wg_original2\Lib\Core\Db.class.php 第 572 行.
NOTIC: [8192] preg_replace(): The /e modifier is deprecated, use preg_replace_callback instead D:\wamp\www\wg_original2\Lib\Core\Db.class.php 第 572 行.
NOTIC: [8192] preg_replace(): The /e modifier is deprecated, use preg_replace_callback instead D:\wamp\www\wg_original2\Lib\Core\Db.class.php 第 572 行.
NOTIC: [8] Undefined variable: access_str D:\wamp\www\wg_original2\WgCms\Lib\Action\WapAction.class.php 第 324 行.
NOTIC: [8192] preg_replace(): The /e modifier is deprecated, use preg_replace_callback instead D:\wamp\www\wg_original2\Lib\Core\Db.class.php 第 572 行.

[ 2016-10-14T13:46:20+08:00 ] 127.0.0.1 /wg_original2/index.php?g=Wap&m=Distribution&a=checkLogin
INFO: [ app_begin ] --START--
INFO: Run ReadHtmlCache Behavior [ RunTime:0.001000s ]
INFO: [ app_begin ] --END-- [ RunTime:0.001000s ]
NOTIC: [8192] mysql_connect(): The mysql extension is deprecated and will be removed in the future: use mysqli or PDO instead D:\wamp\www\wg_original2\Lib\Driver\Db\DbMysql.class.php 第 55 行.
NOTIC: [8192] preg_replace(): The /e modifier is deprecated, use preg_replace_callback instead D:\wamp\www\wg_original2\Lib\Core\Db.class.php 第 572 行.
NOTIC: [8192] preg_replace(): The /e modifier is deprecated, use preg_replace_callback instead D:\wamp\www\wg_original2\Lib\Core\Db.class.php 第 572 行.
NOTIC: [8192] preg_replace(): The /e modifier is deprecated, use preg_replace_callback instead D:\wamp\www\wg_original2\Lib\Core\Db.class.php 第 572 行.
NOTIC: [8] Undefined variable: access_str D:\wamp\www\wg_original2\WgCms\Lib\Action\WapAction.class.php 第 324 行.
NOTIC: [8192] preg_replace(): The /e modifier is deprecated, use preg_replace_callback instead D:\wamp\www\wg_original2\Lib\Core\Db.class.php 第 572 行.
NOTIC: [8192] preg_replace(): The /e modifier is deprecated, use preg_replace_callback instead D:\wamp\www\wg_original2\Lib\Core\Db.class.php 第 572 行.
NOTIC: [8192] preg_replace(): The /e modifier is deprecated, use preg_replace_callback instead D:\wamp\www\wg_original2\Lib\Core\Db.class.php 第 572 行.

[ 2016-10-14T13:58:03+08:00 ] 127.0.0.1 /wg_original2/index.php?g=Wap&m=Distribution&a=checkLogin
INFO: [ app_begin ] --START--
INFO: Run ReadHtmlCache Behavior [ RunTime:0.000000s ]
INFO: [ app_begin ] --END-- [ RunTime:0.001000s ]
NOTIC: [8192] mysql_connect(): The mysql extension is deprecated and will be removed in the future: use mysqli or PDO instead D:\wamp\www\wg_original2\Lib\Driver\Db\DbMysql.class.php 第 55 行.
NOTIC: [8192] preg_replace(): The /e modifier is deprecated, use preg_replace_callback instead D:\wamp\www\wg_original2\Lib\Core\Db.class.php 第 572 行.
NOTIC: [8192] preg_replace(): The /e modifier is deprecated, use preg_replace_callback instead D:\wamp\www\wg_original2\Lib\Core\Db.class.php 第 572 行.
NOTIC: [8192] preg_replace(): The /e modifier is deprecated, use preg_replace_callback instead D:\wamp\www\wg_original2\Lib\Core\Db.class.php 第 572 行.
NOTIC: [8] Undefined variable: access_str D:\wamp\www\wg_original2\WgCms\Lib\Action\WapAction.class.php 第 324 行.
NOTIC: [8192] preg_replace(): The /e modifier is deprecated, use preg_replace_callback instead D:\wamp\www\wg_original2\Lib\Core\Db.class.php 第 572 行.
NOTIC: [8192] preg_replace(): The /e modifier is deprecated, use preg_replace_callback instead D:\wamp\www\wg_original2\Lib\Core\Db.class.php 第 572 行.
NOTIC: [8192] preg_replace(): The /e modifier is deprecated, use preg_replace_callback instead D:\wamp\www\wg_original2\Lib\Core\Db.class.php 第 572 行.

[ 2016-10-14T13:58:06+08:00 ] 127.0.0.1 /wg_original2/index.php?g=Wap&m=Distribution&a=checkLogin
INFO: [ app_begin ] --START--
INFO: Run ReadHtmlCache Behavior [ RunTime:0.001000s ]
INFO: [ app_begin ] --END-- [ RunTime:0.001000s ]
NOTIC: [8192] mysql_connect(): The mysql extension is deprecated and will be removed in the future: use mysqli or PDO instead D:\wamp\www\wg_original2\Lib\Driver\Db\DbMysql.class.php 第 55 行.
NOTIC: [8192] preg_replace(): The /e modifier is deprecated, use preg_replace_callback instead D:\wamp\www\wg_original2\Lib\Core\Db.class.php 第 572 行.
NOTIC: [8192] preg_replace(): The /e modifier is deprecated, use preg_replace_callback instead D:\wamp\www\wg_original2\Lib\Core\Db.class.php 第 572 行.
NOTIC: [8192] preg_replace(): The /e modifier is deprecated, use preg_replace_callback instead D:\wamp\www\wg_original2\Lib\Core\Db.class.php 第 572 行.
NOTIC: [8] Undefined variable: access_str D:\wamp\www\wg_original2\WgCms\Lib\Action\WapAction.class.php 第 324 行.
NOTIC: [8192] preg_replace(): The /e modifier is deprecated, use preg_replace_callback instead D:\wamp\www\wg_original2\Lib\Core\Db.class.php 第 572 行.
NOTIC: [8192] preg_replace(): The /e modifier is deprecated, use preg_replace_callback instead D:\wamp\www\wg_original2\Lib\Core\Db.class.php 第 572 行.
NOTIC: [8192] preg_replace(): The /e modifier is deprecated, use preg_replace_callback instead D:\wamp\www\wg_original2\Lib\Core\Db.class.php 第 572 行.

[ 2016-10-14T13:58:24+08:00 ] 127.0.0.1 /wg_original2/index.php?g=Wap&m=Distribution&a=checkLogin
INFO: [ app_begin ] --START--
INFO: Run ReadHtmlCache Behavior [ RunTime:0.002000s ]
INFO: [ app_begin ] --END-- [ RunTime:0.002000s ]
NOTIC: [8192] mysql_connect(): The mysql extension is deprecated and will be removed in the future: use mysqli or PDO instead D:\wamp\www\wg_original2\Lib\Driver\Db\DbMysql.class.php 第 55 行.
NOTIC: [8192] preg_replace(): The /e modifier is deprecated, use preg_replace_callback instead D:\wamp\www\wg_original2\Lib\Core\Db.class.php 第 572 行.
NOTIC: [8192] preg_replace(): The /e modifier is deprecated, use preg_replace_callback instead D:\wamp\www\wg_original2\Lib\Core\Db.class.php 第 572 行.
NOTIC: [8192] preg_replace(): The /e modifier is deprecated, use preg_replace_callback instead D:\wamp\www\wg_original2\Lib\Core\Db.class.php 第 572 行.
NOTIC: [8] Undefined variable: access_str D:\wamp\www\wg_original2\WgCms\Lib\Action\WapAction.class.php 第 324 行.
NOTIC: [8192] preg_replace(): The /e modifier is deprecated, use preg_replace_callback instead D:\wamp\www\wg_original2\Lib\Core\Db.class.php 第 572 行.
NOTIC: [8192] preg_replace(): The /e modifier is deprecated, use preg_replace_callback instead D:\wamp\www\wg_original2\Lib\Core\Db.class.php 第 572 行.
NOTIC: [8192] preg_replace(): The /e modifier is deprecated, use preg_replace_callback instead D:\wamp\www\wg_original2\Lib\Core\Db.class.php 第 572 行.

[ 2016-10-14T13:58:35+08:00 ] 127.0.0.1 /wg_original2/index.php?g=Wap&m=Distribution&a=checkLogin
INFO: [ app_begin ] --START--
INFO: Run ReadHtmlCache Behavior [ RunTime:0.001001s ]
INFO: [ app_begin ] --END-- [ RunTime:0.001001s ]
NOTIC: [8192] mysql_connect(): The mysql extension is deprecated and will be removed in the future: use mysqli or PDO instead D:\wamp\www\wg_original2\Lib\Driver\Db\DbMysql.class.php 第 55 行.
NOTIC: [8192] preg_replace(): The /e modifier is deprecated, use preg_replace_callback instead D:\wamp\www\wg_original2\Lib\Core\Db.class.php 第 572 行.
NOTIC: [8192] preg_replace(): The /e modifier is deprecated, use preg_replace_callback instead D:\wamp\www\wg_original2\Lib\Core\Db.class.php 第 572 行.
NOTIC: [8192] preg_replace(): The /e modifier is deprecated, use preg_replace_callback instead D:\wamp\www\wg_original2\Lib\Core\Db.class.php 第 572 行.
NOTIC: [8] Undefined variable: access_str D:\wamp\www\wg_original2\WgCms\Lib\Action\WapAction.class.php 第 324 行.
NOTIC: [8192] preg_replace(): The /e modifier is deprecated, use preg_replace_callback instead D:\wamp\www\wg_original2\Lib\Core\Db.class.php 第 572 行.
NOTIC: [8192] preg_replace(): The /e modifier is deprecated, use preg_replace_callback instead D:\wamp\www\wg_original2\Lib\Core\Db.class.php 第 572 行.
NOTIC: [8192] preg_replace(): The /e modifier is deprecated, use preg_replace_callback instead D:\wamp\www\wg_original2\Lib\Core\Db.class.php 第 572 行.

[ 2016-10-14T13:58:36+08:00 ] 127.0.0.1 /wg_original2/index.php?g=Wap&m=Distribution&a=checkLogin
INFO: [ app_begin ] --START--
INFO: Run ReadHtmlCache Behavior [ RunTime:0.000000s ]
INFO: [ app_begin ] --END-- [ RunTime:0.001000s ]
NOTIC: [8192] mysql_connect(): The mysql extension is deprecated and will be removed in the future: use mysqli or PDO instead D:\wamp\www\wg_original2\Lib\Driver\Db\DbMysql.class.php 第 55 行.
NOTIC: [8192] preg_replace(): The /e modifier is deprecated, use preg_replace_callback instead D:\wamp\www\wg_original2\Lib\Core\Db.class.php 第 572 行.
NOTIC: [8192] preg_replace(): The /e modifier is deprecated, use preg_replace_callback instead D:\wamp\www\wg_original2\Lib\Core\Db.class.php 第 572 行.
NOTIC: [8192] preg_replace(): The /e modifier is deprecated, use preg_replace_callback instead D:\wamp\www\wg_original2\Lib\Core\Db.class.php 第 572 行.
NOTIC: [8] Undefined variable: access_str D:\wamp\www\wg_original2\WgCms\Lib\Action\WapAction.class.php 第 324 行.
NOTIC: [8192] preg_replace(): The /e modifier is deprecated, use preg_replace_callback instead D:\wamp\www\wg_original2\Lib\Core\Db.class.php 第 572 行.
NOTIC: [8192] preg_replace(): The /e modifier is deprecated, use preg_replace_callback instead D:\wamp\www\wg_original2\Lib\Core\Db.class.php 第 572 行.
NOTIC: [8192] preg_replace(): The /e modifier is deprecated, use preg_replace_callback instead D:\wamp\www\wg_original2\Lib\Core\Db.class.php 第 572 行.

[ 2016-10-14T13:58:45+08:00 ] 127.0.0.1 /wg_original2/index.php?g=Wap&m=Distribution&a=checkLogin
INFO: [ app_begin ] --START--
INFO: Run ReadHtmlCache Behavior [ RunTime:0.000000s ]
INFO: [ app_begin ] --END-- [ RunTime:0.000000s ]
NOTIC: [8192] mysql_connect(): The mysql extension is deprecated and will be removed in the future: use mysqli or PDO instead D:\wamp\www\wg_original2\Lib\Driver\Db\DbMysql.class.php 第 55 行.
NOTIC: [8192] preg_replace(): The /e modifier is deprecated, use preg_replace_callback instead D:\wamp\www\wg_original2\Lib\Core\Db.class.php 第 572 行.
NOTIC: [8192] preg_replace(): The /e modifier is deprecated, use preg_replace_callback instead D:\wamp\www\wg_original2\Lib\Core\Db.class.php 第 572 行.
NOTIC: [8192] preg_replace(): The /e modifier is deprecated, use preg_replace_callback instead D:\wamp\www\wg_original2\Lib\Core\Db.class.php 第 572 行.
NOTIC: [8] Undefined variable: access_str D:\wamp\www\wg_original2\WgCms\Lib\Action\WapAction.class.php 第 324 行.
NOTIC: [8192] preg_replace(): The /e modifier is deprecated, use preg_replace_callback instead D:\wamp\www\wg_original2\Lib\Core\Db.class.php 第 572 行.
NOTIC: [8192] preg_replace(): The /e modifier is deprecated, use preg_replace_callback instead D:\wamp\www\wg_original2\Lib\Core\Db.class.php 第 572 行.
NOTIC: [8192] preg_replace(): The /e modifier is deprecated, use preg_replace_callback instead D:\wamp\www\wg_original2\Lib\Core\Db.class.php 第 572 行.

[ 2016-10-14T13:58:53+08:00 ] 127.0.0.1 /wg_original2/index.php?g=Wap&m=Distribution&a=checkLogin
INFO: [ app_begin ] --START--
INFO: Run ReadHtmlCache Behavior [ RunTime:0.001001s ]
INFO: [ app_begin ] --END-- [ RunTime:0.001001s ]
NOTIC: [8192] mysql_connect(): The mysql extension is deprecated and will be removed in the future: use mysqli or PDO instead D:\wamp\www\wg_original2\Lib\Driver\Db\DbMysql.class.php 第 55 行.
NOTIC: [8192] preg_replace(): The /e modifier is deprecated, use preg_replace_callback instead D:\wamp\www\wg_original2\Lib\Core\Db.class.php 第 572 行.
NOTIC: [8192] preg_replace(): The /e modifier is deprecated, use preg_replace_callback instead D:\wamp\www\wg_original2\Lib\Core\Db.class.php 第 572 行.
NOTIC: [8192] preg_replace(): The /e modifier is deprecated, use preg_replace_callback instead D:\wamp\www\wg_original2\Lib\Core\Db.class.php 第 572 行.
NOTIC: [8] Undefined variable: access_str D:\wamp\www\wg_original2\WgCms\Lib\Action\WapAction.class.php 第 324 行.
NOTIC: [8192] preg_replace(): The /e modifier is deprecated, use preg_replace_callback instead D:\wamp\www\wg_original2\Lib\Core\Db.class.php 第 572 行.
NOTIC: [8192] preg_replace(): The /e modifier is deprecated, use preg_replace_callback instead D:\wamp\www\wg_original2\Lib\Core\Db.class.php 第 572 行.
NOTIC: [8192] preg_replace(): The /e modifier is deprecated, use preg_replace_callback instead D:\wamp\www\wg_original2\Lib\Core\Db.class.php 第 572 行.

[ 2016-10-14T14:00:43+08:00 ] 127.0.0.1 /wg_original2/index.php?g=Wap&m=Distribution&a=checkLogin
INFO: [ app_begin ] --START--
INFO: Run ReadHtmlCache Behavior [ RunTime:0.001000s ]
INFO: [ app_begin ] --END-- [ RunTime:0.001000s ]
NOTIC: [8192] mysql_connect(): The mysql extension is deprecated and will be removed in the future: use mysqli or PDO instead D:\wamp\www\wg_original2\Lib\Driver\Db\DbMysql.class.php 第 55 行.
NOTIC: [8192] preg_replace(): The /e modifier is deprecated, use preg_replace_callback instead D:\wamp\www\wg_original2\Lib\Core\Db.class.php 第 572 行.
NOTIC: [8192] preg_replace(): The /e modifier is deprecated, use preg_replace_callback instead D:\wamp\www\wg_original2\Lib\Core\Db.class.php 第 572 行.
NOTIC: [8192] preg_replace(): The /e modifier is deprecated, use preg_replace_callback instead D:\wamp\www\wg_original2\Lib\Core\Db.class.php 第 572 行.
NOTIC: [8] Undefined variable: access_str D:\wamp\www\wg_original2\WgCms\Lib\Action\WapAction.class.php 第 324 行.
NOTIC: [8192] preg_replace(): The /e modifier is deprecated, use preg_replace_callback instead D:\wamp\www\wg_original2\Lib\Core\Db.class.php 第 572 行.
NOTIC: [8192] preg_replace(): The /e modifier is deprecated, use preg_replace_callback instead D:\wamp\www\wg_original2\Lib\Core\Db.class.php 第 572 行.
NOTIC: [8192] preg_replace(): The /e modifier is deprecated, use preg_replace_callback instead D:\wamp\www\wg_original2\Lib\Core\Db.class.php 第 572 行.

[ 2016-10-14T14:00:45+08:00 ] 127.0.0.1 /wg_original2/index.php?g=Wap&m=Distribution&a=checkLogin
INFO: [ app_begin ] --START--
INFO: Run ReadHtmlCache Behavior [ RunTime:0.001000s ]
INFO: [ app_begin ] --END-- [ RunTime:0.001000s ]
NOTIC: [8192] mysql_connect(): The mysql extension is deprecated and will be removed in the future: use mysqli or PDO instead D:\wamp\www\wg_original2\Lib\Driver\Db\DbMysql.class.php 第 55 行.
NOTIC: [8192] preg_replace(): The /e modifier is deprecated, use preg_replace_callback instead D:\wamp\www\wg_original2\Lib\Core\Db.class.php 第 572 行.
NOTIC: [8192] preg_replace(): The /e modifier is deprecated, use preg_replace_callback instead D:\wamp\www\wg_original2\Lib\Core\Db.class.php 第 572 行.
NOTIC: [8192] preg_replace(): The /e modifier is deprecated, use preg_replace_callback instead D:\wamp\www\wg_original2\Lib\Core\Db.class.php 第 572 行.
NOTIC: [8] Undefined variable: access_str D:\wamp\www\wg_original2\WgCms\Lib\Action\WapAction.class.php 第 324 行.
NOTIC: [8192] preg_replace(): The /e modifier is deprecated, use preg_replace_callback instead D:\wamp\www\wg_original2\Lib\Core\Db.class.php 第 572 行.
NOTIC: [8192] preg_replace(): The /e modifier is deprecated, use preg_replace_callback instead D:\wamp\www\wg_original2\Lib\Core\Db.class.php 第 572 行.
NOTIC: [8192] preg_replace(): The /e modifier is deprecated, use preg_replace_callback instead D:\wamp\www\wg_original2\Lib\Core\Db.class.php 第 572 行.

[ 2016-10-14T14:01:06+08:00 ] 127.0.0.1 /wg_original2/index.php?g=Wap&m=Distribution&a=checkLogin
INFO: [ app_begin ] --START--
INFO: Run ReadHtmlCache Behavior [ RunTime:0.001000s ]
INFO: [ app_begin ] --END-- [ RunTime:0.001000s ]
NOTIC: [8192] mysql_connect(): The mysql extension is deprecated and will be removed in the future: use mysqli or PDO instead D:\wamp\www\wg_original2\Lib\Driver\Db\DbMysql.class.php 第 55 行.
NOTIC: [8192] preg_replace(): The /e modifier is deprecated, use preg_replace_callback instead D:\wamp\www\wg_original2\Lib\Core\Db.class.php 第 572 行.
NOTIC: [8192] preg_replace(): The /e modifier is deprecated, use preg_replace_callback instead D:\wamp\www\wg_original2\Lib\Core\Db.class.php 第 572 行.
NOTIC: [8192] preg_replace(): The /e modifier is deprecated, use preg_replace_callback instead D:\wamp\www\wg_original2\Lib\Core\Db.class.php 第 572 行.
NOTIC: [8] Undefined variable: access_str D:\wamp\www\wg_original2\WgCms\Lib\Action\WapAction.class.php 第 324 行.
NOTIC: [8192] preg_replace(): The /e modifier is deprecated, use preg_replace_callback instead D:\wamp\www\wg_original2\Lib\Core\Db.class.php 第 572 行.
NOTIC: [8192] preg_replace(): The /e modifier is deprecated, use preg_replace_callback instead D:\wamp\www\wg_original2\Lib\Core\Db.class.php 第 572 行.
NOTIC: [8192] preg_replace(): The /e modifier is deprecated, use preg_replace_callback instead D:\wamp\www\wg_original2\Lib\Core\Db.class.php 第 572 行.

[ 2016-10-14T14:03:06+08:00 ] 127.0.0.1 /wg_original2/index.php?g=Wap&m=Distribution&a=checkLogin
INFO: [ app_begin ] --START--
INFO: Run ReadHtmlCache Behavior [ RunTime:0.000000s ]
INFO: [ app_begin ] --END-- [ RunTime:0.000000s ]
NOTIC: [8192] mysql_connect(): The mysql extension is deprecated and will be removed in the future: use mysqli or PDO instead D:\wamp\www\wg_original2\Lib\Driver\Db\DbMysql.class.php 第 55 行.
NOTIC: [8192] preg_replace(): The /e modifier is deprecated, use preg_replace_callback instead D:\wamp\www\wg_original2\Lib\Core\Db.class.php 第 572 行.
NOTIC: [8192] preg_replace(): The /e modifier is deprecated, use preg_replace_callback instead D:\wamp\www\wg_original2\Lib\Core\Db.class.php 第 572 行.
NOTIC: [8192] preg_replace(): The /e modifier is deprecated, use preg_replace_callback instead D:\wamp\www\wg_original2\Lib\Core\Db.class.php 第 572 行.
NOTIC: [8] Undefined variable: access_str D:\wamp\www\wg_original2\WgCms\Lib\Action\WapAction.class.php 第 324 行.
NOTIC: [8192] preg_replace(): The /e modifier is deprecated, use preg_replace_callback instead D:\wamp\www\wg_original2\Lib\Core\Db.class.php 第 572 行.
NOTIC: [8192] preg_replace(): The /e modifier is deprecated, use preg_replace_callback instead D:\wamp\www\wg_original2\Lib\Core\Db.class.php 第 572 行.
NOTIC: [8192] preg_replace(): The /e modifier is deprecated, use preg_replace_callback instead D:\wamp\www\wg_original2\Lib\Core\Db.class.php 第 572 行.

[ 2016-10-14T14:03:16+08:00 ] 127.0.0.1 /wg_original2/index.php?g=Wap&m=Distribution&a=checkLogin
INFO: [ app_begin ] --START--
INFO: Run ReadHtmlCache Behavior [ RunTime:0.000000s ]
INFO: [ app_begin ] --END-- [ RunTime:0.001000s ]
NOTIC: [8192] mysql_connect(): The mysql extension is deprecated and will be removed in the future: use mysqli or PDO instead D:\wamp\www\wg_original2\Lib\Driver\Db\DbMysql.class.php 第 55 行.
NOTIC: [8192] preg_replace(): The /e modifier is deprecated, use preg_replace_callback instead D:\wamp\www\wg_original2\Lib\Core\Db.class.php 第 572 行.
NOTIC: [8192] preg_replace(): The /e modifier is deprecated, use preg_replace_callback instead D:\wamp\www\wg_original2\Lib\Core\Db.class.php 第 572 行.
NOTIC: [8192] preg_replace(): The /e modifier is deprecated, use preg_replace_callback instead D:\wamp\www\wg_original2\Lib\Core\Db.class.php 第 572 行.
NOTIC: [8] Undefined variable: access_str D:\wamp\www\wg_original2\WgCms\Lib\Action\WapAction.class.php 第 324 行.
NOTIC: [8192] preg_replace(): The /e modifier is deprecated, use preg_replace_callback instead D:\wamp\www\wg_original2\Lib\Core\Db.class.php 第 572 行.
NOTIC: [8192] preg_replace(): The /e modifier is deprecated, use preg_replace_callback instead D:\wamp\www\wg_original2\Lib\Core\Db.class.php 第 572 行.
NOTIC: [8192] preg_replace(): The /e modifier is deprecated, use preg_replace_callback instead D:\wamp\www\wg_original2\Lib\Core\Db.class.php 第 572 行.

[ 2016-10-14T14:04:03+08:00 ] 127.0.0.1 /wg_original2/index.php?g=Wap&m=Distribution&a=checkLogin
INFO: [ app_begin ] --START--
INFO: Run ReadHtmlCache Behavior [ RunTime:0.002000s ]
INFO: [ app_begin ] --END-- [ RunTime:0.002000s ]
NOTIC: [8192] mysql_connect(): The mysql extension is deprecated and will be removed in the future: use mysqli or PDO instead D:\wamp\www\wg_original2\Lib\Driver\Db\DbMysql.class.php 第 55 行.
NOTIC: [8192] preg_replace(): The /e modifier is deprecated, use preg_replace_callback instead D:\wamp\www\wg_original2\Lib\Core\Db.class.php 第 572 行.
NOTIC: [8192] preg_replace(): The /e modifier is deprecated, use preg_replace_callback instead D:\wamp\www\wg_original2\Lib\Core\Db.class.php 第 572 行.
NOTIC: [8192] preg_replace(): The /e modifier is deprecated, use preg_replace_callback instead D:\wamp\www\wg_original2\Lib\Core\Db.class.php 第 572 行.
NOTIC: [8] Undefined variable: access_str D:\wamp\www\wg_original2\WgCms\Lib\Action\WapAction.class.php 第 324 行.
NOTIC: [8192] preg_replace(): The /e modifier is deprecated, use preg_replace_callback instead D:\wamp\www\wg_original2\Lib\Core\Db.class.php 第 572 行.
NOTIC: [8192] preg_replace(): The /e modifier is deprecated, use preg_replace_callback instead D:\wamp\www\wg_original2\Lib\Core\Db.class.php 第 572 行.
NOTIC: [8192] preg_replace(): The /e modifier is deprecated, use preg_replace_callback instead D:\wamp\www\wg_original2\Lib\Core\Db.class.php 第 572 行.

[ 2016-10-14T14:05:21+08:00 ] 127.0.0.1 /wg_original2/index.php?g=Wap&m=Distribution&a=checkLogin
INFO: [ app_begin ] --START--
INFO: Run ReadHtmlCache Behavior [ RunTime:0.001000s ]
INFO: [ app_begin ] --END-- [ RunTime:0.001000s ]
NOTIC: [8192] mysql_connect(): The mysql extension is deprecated and will be removed in the future: use mysqli or PDO instead D:\wamp\www\wg_original2\Lib\Driver\Db\DbMysql.class.php 第 55 行.
NOTIC: [8192] preg_replace(): The /e modifier is deprecated, use preg_replace_callback instead D:\wamp\www\wg_original2\Lib\Core\Db.class.php 第 572 行.
NOTIC: [8192] preg_replace(): The /e modifier is deprecated, use preg_replace_callback instead D:\wamp\www\wg_original2\Lib\Core\Db.class.php 第 572 行.
NOTIC: [8192] preg_replace(): The /e modifier is deprecated, use preg_replace_callback instead D:\wamp\www\wg_original2\Lib\Core\Db.class.php 第 572 行.
NOTIC: [8192] preg_replace(): The /e modifier is deprecated, use preg_replace_callback instead D:\wamp\www\wg_original2\Lib\Core\Db.class.php 第 572 行.
NOTIC: [8] Undefined variable: curl D:\wamp\www\wg_original2\WgCms\Lib\Action\WapAction.class.php 第 511 行.
NOTIC: [2] curl_setopt() expects parameter 1 to be resource, null given D:\wamp\www\wg_original2\WgCms\Lib\Action\WapAction.class.php 第 511 行.
NOTIC: [8] Undefined variable: data D:\wamp\www\wg_original2\WgCms\Lib\Action\WapAction.class.php 第 515 行.
NOTIC: [8] Undefined index: access_token D:\wamp\www\wg_original2\WgCms\Lib\Action\WapAction.class.php 第 358 行.
NOTIC: [8] Undefined variable: curl D:\wamp\www\wg_original2\WgCms\Lib\Action\WapAction.class.php 第 511 行.
NOTIC: [2] curl_setopt() expects parameter 1 to be resource, null given D:\wamp\www\wg_original2\WgCms\Lib\Action\WapAction.class.php 第 511 行.
NOTIC: [8] Undefined variable: data D:\wamp\www\wg_original2\WgCms\Lib\Action\WapAction.class.php 第 515 行.
NOTIC: [8] Undefined index: ticket D:\wamp\www\wg_original2\WgCms\Lib\Action\WapAction.class.php 第 307 行.
NOTIC: [8192] preg_replace(): The /e modifier is deprecated, use preg_replace_callback instead D:\wamp\www\wg_original2\Lib\Core\Db.class.php 第 572 行.
NOTIC: [8192] preg_replace(): The /e modifier is deprecated, use preg_replace_callback instead D:\wamp\www\wg_original2\Lib\Core\Db.class.php 第 572 行.
NOTIC: [8192] preg_replace(): The /e modifier is deprecated, use preg_replace_callback instead D:\wamp\www\wg_original2\Lib\Core\Db.class.php 第 572 行.

[ 2016-10-14T14:05:47+08:00 ] 127.0.0.1 /wg_original2/index.php?g=Wap&m=Distribution&a=checkLogin
INFO: [ app_begin ] --START--
INFO: Run ReadHtmlCache Behavior [ RunTime:0.001000s ]
INFO: [ app_begin ] --END-- [ RunTime:0.001000s ]
NOTIC: [8192] mysql_connect(): The mysql extension is deprecated and will be removed in the future: use mysqli or PDO instead D:\wamp\www\wg_original2\Lib\Driver\Db\DbMysql.class.php 第 55 行.
NOTIC: [8192] preg_replace(): The /e modifier is deprecated, use preg_replace_callback instead D:\wamp\www\wg_original2\Lib\Core\Db.class.php 第 572 行.
NOTIC: [8192] preg_replace(): The /e modifier is deprecated, use preg_replace_callback instead D:\wamp\www\wg_original2\Lib\Core\Db.class.php 第 572 行.
NOTIC: [8192] preg_replace(): The /e modifier is deprecated, use preg_replace_callback instead D:\wamp\www\wg_original2\Lib\Core\Db.class.php 第 572 行.
NOTIC: [8] Undefined variable: access_str D:\wamp\www\wg_original2\WgCms\Lib\Action\WapAction.class.php 第 324 行.
NOTIC: [8192] preg_replace(): The /e modifier is deprecated, use preg_replace_callback instead D:\wamp\www\wg_original2\Lib\Core\Db.class.php 第 572 行.
NOTIC: [8192] preg_replace(): The /e modifier is deprecated, use preg_replace_callback instead D:\wamp\www\wg_original2\Lib\Core\Db.class.php 第 572 行.
NOTIC: [8192] preg_replace(): The /e modifier is deprecated, use preg_replace_callback instead D:\wamp\www\wg_original2\Lib\Core\Db.class.php 第 572 行.

[ 2016-10-14T14:05:48+08:00 ] 127.0.0.1 /wg_original2/index.php?g=Wap&m=Distribution&a=checkLogin
INFO: [ app_begin ] --START--
INFO: Run ReadHtmlCache Behavior [ RunTime:0.001001s ]
INFO: [ app_begin ] --END-- [ RunTime:0.001001s ]
NOTIC: [8192] mysql_connect(): The mysql extension is deprecated and will be removed in the future: use mysqli or PDO instead D:\wamp\www\wg_original2\Lib\Driver\Db\DbMysql.class.php 第 55 行.
NOTIC: [8192] preg_replace(): The /e modifier is deprecated, use preg_replace_callback instead D:\wamp\www\wg_original2\Lib\Core\Db.class.php 第 572 行.
NOTIC: [8192] preg_replace(): The /e modifier is deprecated, use preg_replace_callback instead D:\wamp\www\wg_original2\Lib\Core\Db.class.php 第 572 行.
NOTIC: [8192] preg_replace(): The /e modifier is deprecated, use preg_replace_callback instead D:\wamp\www\wg_original2\Lib\Core\Db.class.php 第 572 行.
NOTIC: [8] Undefined variable: access_str D:\wamp\www\wg_original2\WgCms\Lib\Action\WapAction.class.php 第 324 行.
NOTIC: [8192] preg_replace(): The /e modifier is deprecated, use preg_replace_callback instead D:\wamp\www\wg_original2\Lib\Core\Db.class.php 第 572 行.
NOTIC: [8192] preg_replace(): The /e modifier is deprecated, use preg_replace_callback instead D:\wamp\www\wg_original2\Lib\Core\Db.class.php 第 572 行.
NOTIC: [8192] preg_replace(): The /e modifier is deprecated, use preg_replace_callback instead D:\wamp\www\wg_original2\Lib\Core\Db.class.php 第 572 行.

[ 2016-10-14T14:06:10+08:00 ] 127.0.0.1 /wg_original2/index.php?g=Wap&m=Distribution&a=checkLogin
INFO: [ app_begin ] --START--
INFO: Run ReadHtmlCache Behavior [ RunTime:0.001000s ]
INFO: [ app_begin ] --END-- [ RunTime:0.001000s ]
NOTIC: [8192] mysql_connect(): The mysql extension is deprecated and will be removed in the future: use mysqli or PDO instead D:\wamp\www\wg_original2\Lib\Driver\Db\DbMysql.class.php 第 55 行.
NOTIC: [8192] preg_replace(): The /e modifier is deprecated, use preg_replace_callback instead D:\wamp\www\wg_original2\Lib\Core\Db.class.php 第 572 行.
NOTIC: [8192] preg_replace(): The /e modifier is deprecated, use preg_replace_callback instead D:\wamp\www\wg_original2\Lib\Core\Db.class.php 第 572 行.
NOTIC: [8192] preg_replace(): The /e modifier is deprecated, use preg_replace_callback instead D:\wamp\www\wg_original2\Lib\Core\Db.class.php 第 572 行.
NOTIC: [8] Undefined variable: access_str D:\wamp\www\wg_original2\WgCms\Lib\Action\WapAction.class.php 第 324 行.
NOTIC: [8192] preg_replace(): The /e modifier is deprecated, use preg_replace_callback instead D:\wamp\www\wg_original2\Lib\Core\Db.class.php 第 572 行.
NOTIC: [8192] preg_replace(): The /e modifier is deprecated, use preg_replace_callback instead D:\wamp\www\wg_original2\Lib\Core\Db.class.php 第 572 行.
NOTIC: [8192] preg_replace(): The /e modifier is deprecated, use preg_replace_callback instead D:\wamp\www\wg_original2\Lib\Core\Db.class.php 第 572 行.

[ 2016-10-14T14:07:16+08:00 ] 127.0.0.1 /wg_original2/index.php?g=Wap&m=Distribution&a=checkLogin
INFO: [ app_begin ] --START--
INFO: Run ReadHtmlCache Behavior [ RunTime:0.001000s ]
INFO: [ app_begin ] --END-- [ RunTime:0.001000s ]
NOTIC: [8192] mysql_connect(): The mysql extension is deprecated and will be removed in the future: use mysqli or PDO instead D:\wamp\www\wg_original2\Lib\Driver\Db\DbMysql.class.php 第 55 行.
NOTIC: [8192] preg_replace(): The /e modifier is deprecated, use preg_replace_callback instead D:\wamp\www\wg_original2\Lib\Core\Db.class.php 第 572 行.
NOTIC: [8192] preg_replace(): The /e modifier is deprecated, use preg_replace_callback instead D:\wamp\www\wg_original2\Lib\Core\Db.class.php 第 572 行.
NOTIC: [8192] preg_replace(): The /e modifier is deprecated, use preg_replace_callback instead D:\wamp\www\wg_original2\Lib\Core\Db.class.php 第 572 行.
NOTIC: [8] Undefined variable: access_str D:\wamp\www\wg_original2\WgCms\Lib\Action\WapAction.class.php 第 324 行.
NOTIC: [8192] preg_replace(): The /e modifier is deprecated, use preg_replace_callback instead D:\wamp\www\wg_original2\Lib\Core\Db.class.php 第 572 行.
NOTIC: [8192] preg_replace(): The /e modifier is deprecated, use preg_replace_callback instead D:\wamp\www\wg_original2\Lib\Core\Db.class.php 第 572 行.
NOTIC: [8192] preg_replace(): The /e modifier is deprecated, use preg_replace_callback instead D:\wamp\www\wg_original2\Lib\Core\Db.class.php 第 572 行.

[ 2016-10-14T14:07:17+08:00 ] 127.0.0.1 /wg_original2/index.php?g=Wap&m=Distribution&a=checkLogin
INFO: [ app_begin ] --START--
INFO: Run ReadHtmlCache Behavior [ RunTime:0.001000s ]
INFO: [ app_begin ] --END-- [ RunTime:0.001000s ]
NOTIC: [8192] mysql_connect(): The mysql extension is deprecated and will be removed in the future: use mysqli or PDO instead D:\wamp\www\wg_original2\Lib\Driver\Db\DbMysql.class.php 第 55 行.
NOTIC: [8192] preg_replace(): The /e modifier is deprecated, use preg_replace_callback instead D:\wamp\www\wg_original2\Lib\Core\Db.class.php 第 572 行.
NOTIC: [8192] preg_replace(): The /e modifier is deprecated, use preg_replace_callback instead D:\wamp\www\wg_original2\Lib\Core\Db.class.php 第 572 行.
NOTIC: [8192] preg_replace(): The /e modifier is deprecated, use preg_replace_callback instead D:\wamp\www\wg_original2\Lib\Core\Db.class.php 第 572 行.
NOTIC: [8] Undefined variable: access_str D:\wamp\www\wg_original2\WgCms\Lib\Action\WapAction.class.php 第 324 行.
NOTIC: [8192] preg_replace(): The /e modifier is deprecated, use preg_replace_callback instead D:\wamp\www\wg_original2\Lib\Core\Db.class.php 第 572 行.
NOTIC: [8192] preg_replace(): The /e modifier is deprecated, use preg_replace_callback instead D:\wamp\www\wg_original2\Lib\Core\Db.class.php 第 572 行.
NOTIC: [8192] preg_replace(): The /e modifier is deprecated, use preg_replace_callback instead D:\wamp\www\wg_original2\Lib\Core\Db.class.php 第 572 行.

[ 2016-10-14T14:07:43+08:00 ] 127.0.0.1 /wg_original2/index.php?g=Wap&m=Distribution&a=checkLogin
INFO: [ app_begin ] --START--
INFO: Run ReadHtmlCache Behavior [ RunTime:0.001000s ]
INFO: [ app_begin ] --END-- [ RunTime:0.001000s ]
NOTIC: [8192] mysql_connect(): The mysql extension is deprecated and will be removed in the future: use mysqli or PDO instead D:\wamp\www\wg_original2\Lib\Driver\Db\DbMysql.class.php 第 55 行.
NOTIC: [8192] preg_replace(): The /e modifier is deprecated, use preg_replace_callback instead D:\wamp\www\wg_original2\Lib\Core\Db.class.php 第 572 行.
NOTIC: [8192] preg_replace(): The /e modifier is deprecated, use preg_replace_callback instead D:\wamp\www\wg_original2\Lib\Core\Db.class.php 第 572 行.
NOTIC: [8192] preg_replace(): The /e modifier is deprecated, use preg_replace_callback instead D:\wamp\www\wg_original2\Lib\Core\Db.class.php 第 572 行.
NOTIC: [8] Undefined variable: access_str D:\wamp\www\wg_original2\WgCms\Lib\Action\WapAction.class.php 第 324 行.
NOTIC: [8192] preg_replace(): The /e modifier is deprecated, use preg_replace_callback instead D:\wamp\www\wg_original2\Lib\Core\Db.class.php 第 572 行.
NOTIC: [8192] preg_replace(): The /e modifier is deprecated, use preg_replace_callback instead D:\wamp\www\wg_original2\Lib\Core\Db.class.php 第 572 行.
NOTIC: [8192] preg_replace(): The /e modifier is deprecated, use preg_replace_callback instead D:\wamp\www\wg_original2\Lib\Core\Db.class.php 第 572 行.

[ 2016-10-14T14:07:44+08:00 ] 127.0.0.1 /wg_original2/index.php?g=Wap&m=Distribution&a=checkLogin
INFO: [ app_begin ] --START--
INFO: Run ReadHtmlCache Behavior [ RunTime:0.001000s ]
INFO: [ app_begin ] --END-- [ RunTime:0.001000s ]
NOTIC: [8192] mysql_connect(): The mysql extension is deprecated and will be removed in the future: use mysqli or PDO instead D:\wamp\www\wg_original2\Lib\Driver\Db\DbMysql.class.php 第 55 行.
NOTIC: [8192] preg_replace(): The /e modifier is deprecated, use preg_replace_callback instead D:\wamp\www\wg_original2\Lib\Core\Db.class.php 第 572 行.
NOTIC: [8192] preg_replace(): The /e modifier is deprecated, use preg_replace_callback instead D:\wamp\www\wg_original2\Lib\Core\Db.class.php 第 572 行.
NOTIC: [8192] preg_replace(): The /e modifier is deprecated, use preg_replace_callback instead D:\wamp\www\wg_original2\Lib\Core\Db.class.php 第 572 行.
NOTIC: [8] Undefined variable: access_str D:\wamp\www\wg_original2\WgCms\Lib\Action\WapAction.class.php 第 324 行.
NOTIC: [8192] preg_replace(): The /e modifier is deprecated, use preg_replace_callback instead D:\wamp\www\wg_original2\Lib\Core\Db.class.php 第 572 行.
NOTIC: [8192] preg_replace(): The /e modifier is deprecated, use preg_replace_callback instead D:\wamp\www\wg_original2\Lib\Core\Db.class.php 第 572 行.
NOTIC: [8192] preg_replace(): The /e modifier is deprecated, use preg_replace_callback instead D:\wamp\www\wg_original2\Lib\Core\Db.class.php 第 572 行.

[ 2016-10-14T14:08:56+08:00 ] 127.0.0.1 /wg_original2/index.php?g=Wap&m=Distribution&a=checkLogin
INFO: [ app_begin ] --START--
INFO: Run ReadHtmlCache Behavior [ RunTime:0.001000s ]
INFO: [ app_begin ] --END-- [ RunTime:0.001000s ]
NOTIC: [8192] mysql_connect(): The mysql extension is deprecated and will be removed in the future: use mysqli or PDO instead D:\wamp\www\wg_original2\Lib\Driver\Db\DbMysql.class.php 第 55 行.
NOTIC: [8192] preg_replace(): The /e modifier is deprecated, use preg_replace_callback instead D:\wamp\www\wg_original2\Lib\Core\Db.class.php 第 572 行.
NOTIC: [8192] preg_replace(): The /e modifier is deprecated, use preg_replace_callback instead D:\wamp\www\wg_original2\Lib\Core\Db.class.php 第 572 行.
NOTIC: [8192] preg_replace(): The /e modifier is deprecated, use preg_replace_callback instead D:\wamp\www\wg_original2\Lib\Core\Db.class.php 第 572 行.
NOTIC: [8] Undefined variable: access_str D:\wamp\www\wg_original2\WgCms\Lib\Action\WapAction.class.php 第 324 行.
NOTIC: [8192] preg_replace(): The /e modifier is deprecated, use preg_replace_callback instead D:\wamp\www\wg_original2\Lib\Core\Db.class.php 第 572 行.
NOTIC: [8192] preg_replace(): The /e modifier is deprecated, use preg_replace_callback instead D:\wamp\www\wg_original2\Lib\Core\Db.class.php 第 572 行.
NOTIC: [8192] preg_replace(): The /e modifier is deprecated, use preg_replace_callback instead D:\wamp\www\wg_original2\Lib\Core\Db.class.php 第 572 行.

[ 2016-10-14T14:09:44+08:00 ] 127.0.0.1 /wg_original2/index.php?g=Wap&m=Distribution&a=checkLogin
INFO: [ app_begin ] --START--
INFO: Run ReadHtmlCache Behavior [ RunTime:0.001000s ]
INFO: [ app_begin ] --END-- [ RunTime:0.001000s ]
NOTIC: [8192] mysql_connect(): The mysql extension is deprecated and will be removed in the future: use mysqli or PDO instead D:\wamp\www\wg_original2\Lib\Driver\Db\DbMysql.class.php 第 55 行.
NOTIC: [8192] preg_replace(): The /e modifier is deprecated, use preg_replace_callback instead D:\wamp\www\wg_original2\Lib\Core\Db.class.php 第 572 行.
NOTIC: [8192] preg_replace(): The /e modifier is deprecated, use preg_replace_callback instead D:\wamp\www\wg_original2\Lib\Core\Db.class.php 第 572 行.
NOTIC: [8192] preg_replace(): The /e modifier is deprecated, use preg_replace_callback instead D:\wamp\www\wg_original2\Lib\Core\Db.class.php 第 572 行.
NOTIC: [8] Undefined variable: access_str D:\wamp\www\wg_original2\WgCms\Lib\Action\WapAction.class.php 第 324 行.
NOTIC: [8192] preg_replace(): The /e modifier is deprecated, use preg_replace_callback instead D:\wamp\www\wg_original2\Lib\Core\Db.class.php 第 572 行.
NOTIC: [8192] preg_replace(): The /e modifier is deprecated, use preg_replace_callback instead D:\wamp\www\wg_original2\Lib\Core\Db.class.php 第 572 行.
NOTIC: [8192] preg_replace(): The /e modifier is deprecated, use preg_replace_callback instead D:\wamp\www\wg_original2\Lib\Core\Db.class.php 第 572 行.

[ 2016-10-14T14:09:48+08:00 ] 127.0.0.1 /wg_original2/index.php?g=Wap&m=Distribution&a=checkLogin
INFO: [ app_begin ] --START--
INFO: Run ReadHtmlCache Behavior [ RunTime:0.001000s ]
INFO: [ app_begin ] --END-- [ RunTime:0.001000s ]
NOTIC: [8192] mysql_connect(): The mysql extension is deprecated and will be removed in the future: use mysqli or PDO instead D:\wamp\www\wg_original2\Lib\Driver\Db\DbMysql.class.php 第 55 行.
NOTIC: [8192] preg_replace(): The /e modifier is deprecated, use preg_replace_callback instead D:\wamp\www\wg_original2\Lib\Core\Db.class.php 第 572 行.
NOTIC: [8192] preg_replace(): The /e modifier is deprecated, use preg_replace_callback instead D:\wamp\www\wg_original2\Lib\Core\Db.class.php 第 572 行.
NOTIC: [8192] preg_replace(): The /e modifier is deprecated, use preg_replace_callback instead D:\wamp\www\wg_original2\Lib\Core\Db.class.php 第 572 行.
NOTIC: [8] Undefined variable: access_str D:\wamp\www\wg_original2\WgCms\Lib\Action\WapAction.class.php 第 324 行.
NOTIC: [8192] preg_replace(): The /e modifier is deprecated, use preg_replace_callback instead D:\wamp\www\wg_original2\Lib\Core\Db.class.php 第 572 行.
NOTIC: [8192] preg_replace(): The /e modifier is deprecated, use preg_replace_callback instead D:\wamp\www\wg_original2\Lib\Core\Db.class.php 第 572 行.
NOTIC: [8192] preg_replace(): The /e modifier is deprecated, use preg_replace_callback instead D:\wamp\www\wg_original2\Lib\Core\Db.class.php 第 572 行.

[ 2016-10-14T14:09:50+08:00 ] 127.0.0.1 /wg_original2/index.php?g=Wap&m=Distribution&a=checkLogin
INFO: [ app_begin ] --START--
INFO: Run ReadHtmlCache Behavior [ RunTime:0.001000s ]
INFO: [ app_begin ] --END-- [ RunTime:0.001000s ]
NOTIC: [8192] mysql_connect(): The mysql extension is deprecated and will be removed in the future: use mysqli or PDO instead D:\wamp\www\wg_original2\Lib\Driver\Db\DbMysql.class.php 第 55 行.
NOTIC: [8192] preg_replace(): The /e modifier is deprecated, use preg_replace_callback instead D:\wamp\www\wg_original2\Lib\Core\Db.class.php 第 572 行.
NOTIC: [8192] preg_replace(): The /e modifier is deprecated, use preg_replace_callback instead D:\wamp\www\wg_original2\Lib\Core\Db.class.php 第 572 行.
NOTIC: [8192] preg_replace(): The /e modifier is deprecated, use preg_replace_callback instead D:\wamp\www\wg_original2\Lib\Core\Db.class.php 第 572 行.
NOTIC: [8] Undefined variable: access_str D:\wamp\www\wg_original2\WgCms\Lib\Action\WapAction.class.php 第 324 行.
NOTIC: [8192] preg_replace(): The /e modifier is deprecated, use preg_replace_callback instead D:\wamp\www\wg_original2\Lib\Core\Db.class.php 第 572 行.
NOTIC: [8192] preg_replace(): The /e modifier is deprecated, use preg_replace_callback instead D:\wamp\www\wg_original2\Lib\Core\Db.class.php 第 572 行.
NOTIC: [8192] preg_replace(): The /e modifier is deprecated, use preg_replace_callback instead D:\wamp\www\wg_original2\Lib\Core\Db.class.php 第 572 行.

[ 2016-10-14T14:10:01+08:00 ] 127.0.0.1 /wg_original2/index.php?g=Wap&m=Distribution&a=checkLogin
INFO: [ app_begin ] --START--
INFO: Run ReadHtmlCache Behavior [ RunTime:0.001000s ]
INFO: [ app_begin ] --END-- [ RunTime:0.002000s ]
NOTIC: [8192] mysql_connect(): The mysql extension is deprecated and will be removed in the future: use mysqli or PDO instead D:\wamp\www\wg_original2\Lib\Driver\Db\DbMysql.class.php 第 55 行.
NOTIC: [8192] preg_replace(): The /e modifier is deprecated, use preg_replace_callback instead D:\wamp\www\wg_original2\Lib\Core\Db.class.php 第 572 行.
NOTIC: [8192] preg_replace(): The /e modifier is deprecated, use preg_replace_callback instead D:\wamp\www\wg_original2\Lib\Core\Db.class.php 第 572 行.
NOTIC: [8192] preg_replace(): The /e modifier is deprecated, use preg_replace_callback instead D:\wamp\www\wg_original2\Lib\Core\Db.class.php 第 572 行.
NOTIC: [8] Undefined variable: access_str D:\wamp\www\wg_original2\WgCms\Lib\Action\WapAction.class.php 第 324 行.
NOTIC: [8192] preg_replace(): The /e modifier is deprecated, use preg_replace_callback instead D:\wamp\www\wg_original2\Lib\Core\Db.class.php 第 572 行.
NOTIC: [8192] preg_replace(): The /e modifier is deprecated, use preg_replace_callback instead D:\wamp\www\wg_original2\Lib\Core\Db.class.php 第 572 行.
NOTIC: [8192] preg_replace(): The /e modifier is deprecated, use preg_replace_callback instead D:\wamp\www\wg_original2\Lib\Core\Db.class.php 第 572 行.

[ 2016-10-14T14:10:05+08:00 ] 127.0.0.1 /wg_original2/index.php?g=Wap&m=Distribution&a=checkLogin
INFO: [ app_begin ] --START--
INFO: Run ReadHtmlCache Behavior [ RunTime:0.005001s ]
INFO: [ app_begin ] --END-- [ RunTime:0.005001s ]
NOTIC: [8192] mysql_connect(): The mysql extension is deprecated and will be removed in the future: use mysqli or PDO instead D:\wamp\www\wg_original2\Lib\Driver\Db\DbMysql.class.php 第 55 行.
NOTIC: [8192] preg_replace(): The /e modifier is deprecated, use preg_replace_callback instead D:\wamp\www\wg_original2\Lib\Core\Db.class.php 第 572 行.
NOTIC: [8192] preg_replace(): The /e modifier is deprecated, use preg_replace_callback instead D:\wamp\www\wg_original2\Lib\Core\Db.class.php 第 572 行.
NOTIC: [8192] preg_replace(): The /e modifier is deprecated, use preg_replace_callback instead D:\wamp\www\wg_original2\Lib\Core\Db.class.php 第 572 行.
NOTIC: [8] Undefined variable: access_str D:\wamp\www\wg_original2\WgCms\Lib\Action\WapAction.class.php 第 324 行.
NOTIC: [8192] preg_replace(): The /e modifier is deprecated, use preg_replace_callback instead D:\wamp\www\wg_original2\Lib\Core\Db.class.php 第 572 行.
NOTIC: [8192] preg_replace(): The /e modifier is deprecated, use preg_replace_callback instead D:\wamp\www\wg_original2\Lib\Core\Db.class.php 第 572 行.
NOTIC: [8192] preg_replace(): The /e modifier is deprecated, use preg_replace_callback instead D:\wamp\www\wg_original2\Lib\Core\Db.class.php 第 572 行.

[ 2016-10-14T14:10:12+08:00 ] 127.0.0.1 /wg_original2/index.php?g=Wap&m=Distribution&a=checkLogin
INFO: [ app_begin ] --START--
INFO: Run ReadHtmlCache Behavior [ RunTime:0.001000s ]
INFO: [ app_begin ] --END-- [ RunTime:0.001000s ]
NOTIC: [8192] mysql_connect(): The mysql extension is deprecated and will be removed in the future: use mysqli or PDO instead D:\wamp\www\wg_original2\Lib\Driver\Db\DbMysql.class.php 第 55 行.
NOTIC: [8192] preg_replace(): The /e modifier is deprecated, use preg_replace_callback instead D:\wamp\www\wg_original2\Lib\Core\Db.class.php 第 572 行.
NOTIC: [8192] preg_replace(): The /e modifier is deprecated, use preg_replace_callback instead D:\wamp\www\wg_original2\Lib\Core\Db.class.php 第 572 行.
NOTIC: [8192] preg_replace(): The /e modifier is deprecated, use preg_replace_callback instead D:\wamp\www\wg_original2\Lib\Core\Db.class.php 第 572 行.
NOTIC: [8] Undefined variable: access_str D:\wamp\www\wg_original2\WgCms\Lib\Action\WapAction.class.php 第 324 行.
NOTIC: [8192] preg_replace(): The /e modifier is deprecated, use preg_replace_callback instead D:\wamp\www\wg_original2\Lib\Core\Db.class.php 第 572 行.
NOTIC: [8192] preg_replace(): The /e modifier is deprecated, use preg_replace_callback instead D:\wamp\www\wg_original2\Lib\Core\Db.class.php 第 572 行.
NOTIC: [8192] preg_replace(): The /e modifier is deprecated, use preg_replace_callback instead D:\wamp\www\wg_original2\Lib\Core\Db.class.php 第 572 行.

[ 2016-10-14T14:10:29+08:00 ] 127.0.0.1 /wg_original2/index.php?g=Wap&m=Distribution&a=checkLogin
INFO: [ app_begin ] --START--
INFO: Run ReadHtmlCache Behavior [ RunTime:0.001001s ]
INFO: [ app_begin ] --END-- [ RunTime:0.001001s ]
NOTIC: [8192] mysql_connect(): The mysql extension is deprecated and will be removed in the future: use mysqli or PDO instead D:\wamp\www\wg_original2\Lib\Driver\Db\DbMysql.class.php 第 55 行.
NOTIC: [8192] preg_replace(): The /e modifier is deprecated, use preg_replace_callback instead D:\wamp\www\wg_original2\Lib\Core\Db.class.php 第 572 行.
NOTIC: [8192] preg_replace(): The /e modifier is deprecated, use preg_replace_callback instead D:\wamp\www\wg_original2\Lib\Core\Db.class.php 第 572 行.
NOTIC: [8192] preg_replace(): The /e modifier is deprecated, use preg_replace_callback instead D:\wamp\www\wg_original2\Lib\Core\Db.class.php 第 572 行.
NOTIC: [8] Undefined variable: access_str D:\wamp\www\wg_original2\WgCms\Lib\Action\WapAction.class.php 第 324 行.
NOTIC: [8192] preg_replace(): The /e modifier is deprecated, use preg_replace_callback instead D:\wamp\www\wg_original2\Lib\Core\Db.class.php 第 572 行.
NOTIC: [8192] preg_replace(): The /e modifier is deprecated, use preg_replace_callback instead D:\wamp\www\wg_original2\Lib\Core\Db.class.php 第 572 行.
NOTIC: [8192] preg_replace(): The /e modifier is deprecated, use preg_replace_callback instead D:\wamp\www\wg_original2\Lib\Core\Db.class.php 第 572 行.

[ 2016-10-14T14:10:35+08:00 ] 127.0.0.1 /wg_original2/index.php?g=Wap&m=Distribution&a=checkLogin
INFO: [ app_begin ] --START--
INFO: Run ReadHtmlCache Behavior [ RunTime:0.001000s ]
INFO: [ app_begin ] --END-- [ RunTime:0.001000s ]
NOTIC: [8192] mysql_connect(): The mysql extension is deprecated and will be removed in the future: use mysqli or PDO instead D:\wamp\www\wg_original2\Lib\Driver\Db\DbMysql.class.php 第 55 行.
NOTIC: [8192] preg_replace(): The /e modifier is deprecated, use preg_replace_callback instead D:\wamp\www\wg_original2\Lib\Core\Db.class.php 第 572 行.
NOTIC: [8192] preg_replace(): The /e modifier is deprecated, use preg_replace_callback instead D:\wamp\www\wg_original2\Lib\Core\Db.class.php 第 572 行.
NOTIC: [8192] preg_replace(): The /e modifier is deprecated, use preg_replace_callback instead D:\wamp\www\wg_original2\Lib\Core\Db.class.php 第 572 行.
NOTIC: [8] Undefined variable: access_str D:\wamp\www\wg_original2\WgCms\Lib\Action\WapAction.class.php 第 324 行.
NOTIC: [8192] preg_replace(): The /e modifier is deprecated, use preg_replace_callback instead D:\wamp\www\wg_original2\Lib\Core\Db.class.php 第 572 行.
NOTIC: [8192] preg_replace(): The /e modifier is deprecated, use preg_replace_callback instead D:\wamp\www\wg_original2\Lib\Core\Db.class.php 第 572 行.
NOTIC: [8192] preg_replace(): The /e modifier is deprecated, use preg_replace_callback instead D:\wamp\www\wg_original2\Lib\Core\Db.class.php 第 572 行.

[ 2016-10-14T14:11:47+08:00 ] 127.0.0.1 /wg_original2/index.php?g=Wap&m=Distribution&a=checkLogin
INFO: [ app_begin ] --START--
INFO: Run ReadHtmlCache Behavior [ RunTime:0.001000s ]
INFO: [ app_begin ] --END-- [ RunTime:0.001000s ]
NOTIC: [8192] mysql_connect(): The mysql extension is deprecated and will be removed in the future: use mysqli or PDO instead D:\wamp\www\wg_original2\Lib\Driver\Db\DbMysql.class.php 第 55 行.
NOTIC: [8192] preg_replace(): The /e modifier is deprecated, use preg_replace_callback instead D:\wamp\www\wg_original2\Lib\Core\Db.class.php 第 572 行.
NOTIC: [8192] preg_replace(): The /e modifier is deprecated, use preg_replace_callback instead D:\wamp\www\wg_original2\Lib\Core\Db.class.php 第 572 行.
NOTIC: [8192] preg_replace(): The /e modifier is deprecated, use preg_replace_callback instead D:\wamp\www\wg_original2\Lib\Core\Db.class.php 第 572 行.
NOTIC: [8] Undefined variable: access_str D:\wamp\www\wg_original2\WgCms\Lib\Action\WapAction.class.php 第 324 行.
NOTIC: [8192] preg_replace(): The /e modifier is deprecated, use preg_replace_callback instead D:\wamp\www\wg_original2\Lib\Core\Db.class.php 第 572 行.
NOTIC: [8192] preg_replace(): The /e modifier is deprecated, use preg_replace_callback instead D:\wamp\www\wg_original2\Lib\Core\Db.class.php 第 572 行.
NOTIC: [8192] preg_replace(): The /e modifier is deprecated, use preg_replace_callback instead D:\wamp\www\wg_original2\Lib\Core\Db.class.php 第 572 行.

[ 2016-10-14T14:12:02+08:00 ] 127.0.0.1 /wg_original2/index.php?g=Wap&m=Distribution&a=checkLogin
INFO: [ app_begin ] --START--
INFO: Run ReadHtmlCache Behavior [ RunTime:0.001000s ]
INFO: [ app_begin ] --END-- [ RunTime:0.001000s ]
NOTIC: [8192] mysql_connect(): The mysql extension is deprecated and will be removed in the future: use mysqli or PDO instead D:\wamp\www\wg_original2\Lib\Driver\Db\DbMysql.class.php 第 55 行.
NOTIC: [8192] preg_replace(): The /e modifier is deprecated, use preg_replace_callback instead D:\wamp\www\wg_original2\Lib\Core\Db.class.php 第 572 行.
NOTIC: [8192] preg_replace(): The /e modifier is deprecated, use preg_replace_callback instead D:\wamp\www\wg_original2\Lib\Core\Db.class.php 第 572 行.
NOTIC: [8192] preg_replace(): The /e modifier is deprecated, use preg_replace_callback instead D:\wamp\www\wg_original2\Lib\Core\Db.class.php 第 572 行.
NOTIC: [8] Undefined variable: access_str D:\wamp\www\wg_original2\WgCms\Lib\Action\WapAction.class.php 第 324 行.
NOTIC: [8192] preg_replace(): The /e modifier is deprecated, use preg_replace_callback instead D:\wamp\www\wg_original2\Lib\Core\Db.class.php 第 572 行.
NOTIC: [8192] preg_replace(): The /e modifier is deprecated, use preg_replace_callback instead D:\wamp\www\wg_original2\Lib\Core\Db.class.php 第 572 行.
NOTIC: [8192] preg_replace(): The /e modifier is deprecated, use preg_replace_callback instead D:\wamp\www\wg_original2\Lib\Core\Db.class.php 第 572 行.

[ 2016-10-14T14:12:08+08:00 ] 127.0.0.1 /wg_original2/index.php?g=Wap&m=Distribution&a=checkLogin
INFO: [ app_begin ] --START--
INFO: Run ReadHtmlCache Behavior [ RunTime:0.001000s ]
INFO: [ app_begin ] --END-- [ RunTime:0.001000s ]
NOTIC: [8192] mysql_connect(): The mysql extension is deprecated and will be removed in the future: use mysqli or PDO instead D:\wamp\www\wg_original2\Lib\Driver\Db\DbMysql.class.php 第 55 行.
NOTIC: [8192] preg_replace(): The /e modifier is deprecated, use preg_replace_callback instead D:\wamp\www\wg_original2\Lib\Core\Db.class.php 第 572 行.
NOTIC: [8192] preg_replace(): The /e modifier is deprecated, use preg_replace_callback instead D:\wamp\www\wg_original2\Lib\Core\Db.class.php 第 572 行.
NOTIC: [8192] preg_replace(): The /e modifier is deprecated, use preg_replace_callback instead D:\wamp\www\wg_original2\Lib\Core\Db.class.php 第 572 行.
NOTIC: [8] Undefined variable: access_str D:\wamp\www\wg_original2\WgCms\Lib\Action\WapAction.class.php 第 324 行.
NOTIC: [8192] preg_replace(): The /e modifier is deprecated, use preg_replace_callback instead D:\wamp\www\wg_original2\Lib\Core\Db.class.php 第 572 行.
NOTIC: [8192] preg_replace(): The /e modifier is deprecated, use preg_replace_callback instead D:\wamp\www\wg_original2\Lib\Core\Db.class.php 第 572 行.
NOTIC: [8192] preg_replace(): The /e modifier is deprecated, use preg_replace_callback instead D:\wamp\www\wg_original2\Lib\Core\Db.class.php 第 572 行.

[ 2016-10-14T14:12:08+08:00 ] 127.0.0.1 /wg_original2/index.php?g=Wap&m=Distribution&a=checkLogin
INFO: [ app_begin ] --START--
INFO: Run ReadHtmlCache Behavior [ RunTime:0.001000s ]
INFO: [ app_begin ] --END-- [ RunTime:0.001000s ]
NOTIC: [8192] mysql_connect(): The mysql extension is deprecated and will be removed in the future: use mysqli or PDO instead D:\wamp\www\wg_original2\Lib\Driver\Db\DbMysql.class.php 第 55 行.
NOTIC: [8192] preg_replace(): The /e modifier is deprecated, use preg_replace_callback instead D:\wamp\www\wg_original2\Lib\Core\Db.class.php 第 572 行.
NOTIC: [8192] preg_replace(): The /e modifier is deprecated, use preg_replace_callback instead D:\wamp\www\wg_original2\Lib\Core\Db.class.php 第 572 行.
NOTIC: [8192] preg_replace(): The /e modifier is deprecated, use preg_replace_callback instead D:\wamp\www\wg_original2\Lib\Core\Db.class.php 第 572 行.
NOTIC: [8] Undefined variable: access_str D:\wamp\www\wg_original2\WgCms\Lib\Action\WapAction.class.php 第 324 行.
NOTIC: [8192] preg_replace(): The /e modifier is deprecated, use preg_replace_callback instead D:\wamp\www\wg_original2\Lib\Core\Db.class.php 第 572 行.
NOTIC: [8192] preg_replace(): The /e modifier is deprecated, use preg_replace_callback instead D:\wamp\www\wg_original2\Lib\Core\Db.class.php 第 572 行.
NOTIC: [8192] preg_replace(): The /e modifier is deprecated, use preg_replace_callback instead D:\wamp\www\wg_original2\Lib\Core\Db.class.php 第 572 行.

[ 2016-10-14T14:12:13+08:00 ] 127.0.0.1 /wg_original2/index.php?g=Wap&m=Distribution&a=checkLogin
INFO: [ app_begin ] --START--
INFO: Run ReadHtmlCache Behavior [ RunTime:0.001000s ]
INFO: [ app_begin ] --END-- [ RunTime:0.001000s ]
NOTIC: [8192] mysql_connect(): The mysql extension is deprecated and will be removed in the future: use mysqli or PDO instead D:\wamp\www\wg_original2\Lib\Driver\Db\DbMysql.class.php 第 55 行.
NOTIC: [8192] preg_replace(): The /e modifier is deprecated, use preg_replace_callback instead D:\wamp\www\wg_original2\Lib\Core\Db.class.php 第 572 行.
NOTIC: [8192] preg_replace(): The /e modifier is deprecated, use preg_replace_callback instead D:\wamp\www\wg_original2\Lib\Core\Db.class.php 第 572 行.
NOTIC: [8192] preg_replace(): The /e modifier is deprecated, use preg_replace_callback instead D:\wamp\www\wg_original2\Lib\Core\Db.class.php 第 572 行.
NOTIC: [8] Undefined variable: access_str D:\wamp\www\wg_original2\WgCms\Lib\Action\WapAction.class.php 第 324 行.
NOTIC: [8192] preg_replace(): The /e modifier is deprecated, use preg_replace_callback instead D:\wamp\www\wg_original2\Lib\Core\Db.class.php 第 572 行.
NOTIC: [8192] preg_replace(): The /e modifier is deprecated, use preg_replace_callback instead D:\wamp\www\wg_original2\Lib\Core\Db.class.php 第 572 行.
NOTIC: [8192] preg_replace(): The /e modifier is deprecated, use preg_replace_callback instead D:\wamp\www\wg_original2\Lib\Core\Db.class.php 第 572 行.

[ 2016-10-14T14:14:08+08:00 ] 127.0.0.1 /wg_original2/index.php?g=Wap&m=Distribution&a=checkLogin
INFO: [ app_begin ] --START--
INFO: Run ReadHtmlCache Behavior [ RunTime:0.002000s ]
INFO: [ app_begin ] --END-- [ RunTime:0.002000s ]
NOTIC: [8192] mysql_connect(): The mysql extension is deprecated and will be removed in the future: use mysqli or PDO instead D:\wamp\www\wg_original2\Lib\Driver\Db\DbMysql.class.php 第 55 行.
NOTIC: [8192] preg_replace(): The /e modifier is deprecated, use preg_replace_callback instead D:\wamp\www\wg_original2\Lib\Core\Db.class.php 第 572 行.
NOTIC: [8192] preg_replace(): The /e modifier is deprecated, use preg_replace_callback instead D:\wamp\www\wg_original2\Lib\Core\Db.class.php 第 572 行.
NOTIC: [8192] preg_replace(): The /e modifier is deprecated, use preg_replace_callback instead D:\wamp\www\wg_original2\Lib\Core\Db.class.php 第 572 行.
NOTIC: [8] Undefined variable: access_str D:\wamp\www\wg_original2\WgCms\Lib\Action\WapAction.class.php 第 324 行.
NOTIC: [8192] preg_replace(): The /e modifier is deprecated, use preg_replace_callback instead D:\wamp\www\wg_original2\Lib\Core\Db.class.php 第 572 行.
NOTIC: [8192] preg_replace(): The /e modifier is deprecated, use preg_replace_callback instead D:\wamp\www\wg_original2\Lib\Core\Db.class.php 第 572 行.
NOTIC: [8192] preg_replace(): The /e modifier is deprecated, use preg_replace_callback instead D:\wamp\www\wg_original2\Lib\Core\Db.class.php 第 572 行.

