[ 2016-10-18T08:48:11+08:00 ] 127.0.0.1 /wg_original2/index.php?g=Wap&m=Distribution&a=checkLogin
INFO: [ app_begin ] --START--
INFO: Run ReadHtmlCache Behavior [ RunTime:0.002000s ]
INFO: [ app_begin ] --END-- [ RunTime:0.002000s ]
NOTIC: [8192] mysql_connect(): The mysql extension is deprecated and will be removed in the future: use mysqli or PDO instead D:\wamp\www\wg_original2\Lib\Driver\Db\DbMysql.class.php 第 55 行.
NOTIC: [8192] preg_replace(): The /e modifier is deprecated, use preg_replace_callback instead D:\wamp\www\wg_original2\Lib\Core\Db.class.php 第 572 行.
NOTIC: [8192] preg_replace(): The /e modifier is deprecated, use preg_replace_callback instead D:\wamp\www\wg_original2\Lib\Core\Db.class.php 第 572 行.
NOTIC: [8192] preg_replace(): The /e modifier is deprecated, use preg_replace_callback instead D:\wamp\www\wg_original2\Lib\Core\Db.class.php 第 572 行.
NOTIC: [8192] preg_replace(): The /e modifier is deprecated, use preg_replace_callback instead D:\wamp\www\wg_original2\Lib\Core\Db.class.php 第 572 行.
NOTIC: [8] Undefined variable: curl D:\wamp\www\wg_original2\WgCms\Lib\Action\WapAction.class.php 第 511 行.
NOTIC: [2] curl_setopt() expects parameter 1 to be resource, null given D:\wamp\www\wg_original2\WgCms\Lib\Action\WapAction.class.php 第 511 行.
NOTIC: [8] Undefined variable: data D:\wamp\www\wg_original2\WgCms\Lib\Action\WapAction.class.php 第 515 行.
NOTIC: [8] Undefined index: access_token D:\wamp\www\wg_original2\WgCms\Lib\Action\WapAction.class.php 第 358 行.
NOTIC: [8] Undefined variable: curl D:\wamp\www\wg_original2\WgCms\Lib\Action\WapAction.class.php 第 511 行.
NOTIC: [2] curl_setopt() expects parameter 1 to be resource, null given D:\wamp\www\wg_original2\WgCms\Lib\Action\WapAction.class.php 第 511 行.
NOTIC: [8] Undefined variable: data D:\wamp\www\wg_original2\WgCms\Lib\Action\WapAction.class.php 第 515 行.
NOTIC: [8] Undefined index: ticket D:\wamp\www\wg_original2\WgCms\Lib\Action\WapAction.class.php 第 307 行.
NOTIC: [8192] preg_replace(): The /e modifier is deprecated, use preg_replace_callback instead D:\wamp\www\wg_original2\Lib\Core\Db.class.php 第 572 行.
NOTIC: [8192] preg_replace(): The /e modifier is deprecated, use preg_replace_callback instead D:\wamp\www\wg_original2\Lib\Core\Db.class.php 第 572 行.
NOTIC: [8192] preg_replace(): The /e modifier is deprecated, use preg_replace_callback instead D:\wamp\www\wg_original2\Lib\Core\Db.class.php 第 572 行.

[ 2016-10-18T08:48:13+08:00 ] 127.0.0.1 /wg_original2/index.php?g=Wap&m=Distribution&a=checkLogin
INFO: [ app_begin ] --START--
INFO: Run ReadHtmlCache Behavior [ RunTime:0.001000s ]
INFO: [ app_begin ] --END-- [ RunTime:0.001000s ]
NOTIC: [8192] mysql_connect(): The mysql extension is deprecated and will be removed in the future: use mysqli or PDO instead D:\wamp\www\wg_original2\Lib\Driver\Db\DbMysql.class.php 第 55 行.
NOTIC: [8192] preg_replace(): The /e modifier is deprecated, use preg_replace_callback instead D:\wamp\www\wg_original2\Lib\Core\Db.class.php 第 572 行.
NOTIC: [8192] preg_replace(): The /e modifier is deprecated, use preg_replace_callback instead D:\wamp\www\wg_original2\Lib\Core\Db.class.php 第 572 行.
NOTIC: [8192] preg_replace(): The /e modifier is deprecated, use preg_replace_callback instead D:\wamp\www\wg_original2\Lib\Core\Db.class.php 第 572 行.
NOTIC: [8] Undefined variable: access_str D:\wamp\www\wg_original2\WgCms\Lib\Action\WapAction.class.php 第 324 行.
NOTIC: [8192] preg_replace(): The /e modifier is deprecated, use preg_replace_callback instead D:\wamp\www\wg_original2\Lib\Core\Db.class.php 第 572 行.
NOTIC: [8192] preg_replace(): The /e modifier is deprecated, use preg_replace_callback instead D:\wamp\www\wg_original2\Lib\Core\Db.class.php 第 572 行.
NOTIC: [8192] preg_replace(): The /e modifier is deprecated, use preg_replace_callback instead D:\wamp\www\wg_original2\Lib\Core\Db.class.php 第 572 行.

[ 2016-10-18T08:48:39+08:00 ] 127.0.0.1 /wg_original2/index.php?g=Wap&m=Distribution&a=checkLogin
INFO: [ app_begin ] --START--
INFO: Run ReadHtmlCache Behavior [ RunTime:0.002001s ]
INFO: [ app_begin ] --END-- [ RunTime:0.002001s ]
NOTIC: [8192] mysql_connect(): The mysql extension is deprecated and will be removed in the future: use mysqli or PDO instead D:\wamp\www\wg_original2\Lib\Driver\Db\DbMysql.class.php 第 55 行.
NOTIC: [8192] preg_replace(): The /e modifier is deprecated, use preg_replace_callback instead D:\wamp\www\wg_original2\Lib\Core\Db.class.php 第 572 行.
NOTIC: [8192] preg_replace(): The /e modifier is deprecated, use preg_replace_callback instead D:\wamp\www\wg_original2\Lib\Core\Db.class.php 第 572 行.
NOTIC: [8192] preg_replace(): The /e modifier is deprecated, use preg_replace_callback instead D:\wamp\www\wg_original2\Lib\Core\Db.class.php 第 572 行.
NOTIC: [8] Undefined variable: access_str D:\wamp\www\wg_original2\WgCms\Lib\Action\WapAction.class.php 第 324 行.
NOTIC: [8192] preg_replace(): The /e modifier is deprecated, use preg_replace_callback instead D:\wamp\www\wg_original2\Lib\Core\Db.class.php 第 572 行.
NOTIC: [8192] preg_replace(): The /e modifier is deprecated, use preg_replace_callback instead D:\wamp\www\wg_original2\Lib\Core\Db.class.php 第 572 行.
NOTIC: [8192] preg_replace(): The /e modifier is deprecated, use preg_replace_callback instead D:\wamp\www\wg_original2\Lib\Core\Db.class.php 第 572 行.

[ 2016-10-18T08:48:46+08:00 ] 127.0.0.1 /wg_original2/index.php?g=Wap&m=Distribution&a=checkLogin
INFO: [ app_begin ] --START--
INFO: Run ReadHtmlCache Behavior [ RunTime:0.001000s ]
INFO: [ app_begin ] --END-- [ RunTime:0.001000s ]
NOTIC: [8192] mysql_connect(): The mysql extension is deprecated and will be removed in the future: use mysqli or PDO instead D:\wamp\www\wg_original2\Lib\Driver\Db\DbMysql.class.php 第 55 行.
NOTIC: [8192] preg_replace(): The /e modifier is deprecated, use preg_replace_callback instead D:\wamp\www\wg_original2\Lib\Core\Db.class.php 第 572 行.
NOTIC: [8192] preg_replace(): The /e modifier is deprecated, use preg_replace_callback instead D:\wamp\www\wg_original2\Lib\Core\Db.class.php 第 572 行.
NOTIC: [8192] preg_replace(): The /e modifier is deprecated, use preg_replace_callback instead D:\wamp\www\wg_original2\Lib\Core\Db.class.php 第 572 行.
NOTIC: [8] Undefined variable: access_str D:\wamp\www\wg_original2\WgCms\Lib\Action\WapAction.class.php 第 324 行.
NOTIC: [8192] preg_replace(): The /e modifier is deprecated, use preg_replace_callback instead D:\wamp\www\wg_original2\Lib\Core\Db.class.php 第 572 行.
NOTIC: [8192] preg_replace(): The /e modifier is deprecated, use preg_replace_callback instead D:\wamp\www\wg_original2\Lib\Core\Db.class.php 第 572 行.
NOTIC: [8192] preg_replace(): The /e modifier is deprecated, use preg_replace_callback instead D:\wamp\www\wg_original2\Lib\Core\Db.class.php 第 572 行.

[ 2016-10-18T08:48:55+08:00 ] 127.0.0.1 /wg_original2/index.php?g=Wap&m=Distribution&a=checkLogin
INFO: [ app_begin ] --START--
INFO: Run ReadHtmlCache Behavior [ RunTime:0.001000s ]
INFO: [ app_begin ] --END-- [ RunTime:0.001000s ]
NOTIC: [8192] mysql_connect(): The mysql extension is deprecated and will be removed in the future: use mysqli or PDO instead D:\wamp\www\wg_original2\Lib\Driver\Db\DbMysql.class.php 第 55 行.
NOTIC: [8192] preg_replace(): The /e modifier is deprecated, use preg_replace_callback instead D:\wamp\www\wg_original2\Lib\Core\Db.class.php 第 572 行.
NOTIC: [8192] preg_replace(): The /e modifier is deprecated, use preg_replace_callback instead D:\wamp\www\wg_original2\Lib\Core\Db.class.php 第 572 行.
NOTIC: [8192] preg_replace(): The /e modifier is deprecated, use preg_replace_callback instead D:\wamp\www\wg_original2\Lib\Core\Db.class.php 第 572 行.
NOTIC: [8] Undefined variable: access_str D:\wamp\www\wg_original2\WgCms\Lib\Action\WapAction.class.php 第 324 行.
NOTIC: [8192] preg_replace(): The /e modifier is deprecated, use preg_replace_callback instead D:\wamp\www\wg_original2\Lib\Core\Db.class.php 第 572 行.
NOTIC: [8192] preg_replace(): The /e modifier is deprecated, use preg_replace_callback instead D:\wamp\www\wg_original2\Lib\Core\Db.class.php 第 572 行.
NOTIC: [8192] preg_replace(): The /e modifier is deprecated, use preg_replace_callback instead D:\wamp\www\wg_original2\Lib\Core\Db.class.php 第 572 行.

[ 2016-10-18T08:49:26+08:00 ] 127.0.0.1 /wg_original2/index.php?g=Wap&m=Distribution&a=checkLogin
INFO: [ app_begin ] --START--
INFO: Run ReadHtmlCache Behavior [ RunTime:0.001000s ]
INFO: [ app_begin ] --END-- [ RunTime:0.001000s ]
NOTIC: [8192] mysql_connect(): The mysql extension is deprecated and will be removed in the future: use mysqli or PDO instead D:\wamp\www\wg_original2\Lib\Driver\Db\DbMysql.class.php 第 55 行.
NOTIC: [8192] preg_replace(): The /e modifier is deprecated, use preg_replace_callback instead D:\wamp\www\wg_original2\Lib\Core\Db.class.php 第 572 行.
NOTIC: [8192] preg_replace(): The /e modifier is deprecated, use preg_replace_callback instead D:\wamp\www\wg_original2\Lib\Core\Db.class.php 第 572 行.
NOTIC: [8192] preg_replace(): The /e modifier is deprecated, use preg_replace_callback instead D:\wamp\www\wg_original2\Lib\Core\Db.class.php 第 572 行.
NOTIC: [8] Undefined variable: access_str D:\wamp\www\wg_original2\WgCms\Lib\Action\WapAction.class.php 第 324 行.
NOTIC: [8192] preg_replace(): The /e modifier is deprecated, use preg_replace_callback instead D:\wamp\www\wg_original2\Lib\Core\Db.class.php 第 572 行.
NOTIC: [8192] preg_replace(): The /e modifier is deprecated, use preg_replace_callback instead D:\wamp\www\wg_original2\Lib\Core\Db.class.php 第 572 行.
NOTIC: [8192] preg_replace(): The /e modifier is deprecated, use preg_replace_callback instead D:\wamp\www\wg_original2\Lib\Core\Db.class.php 第 572 行.

[ 2016-10-18T08:49:48+08:00 ] 127.0.0.1 /wg_original2/index.php?g=Wap&m=Distribution&a=checkLogin
INFO: [ app_begin ] --START--
INFO: Run ReadHtmlCache Behavior [ RunTime:0.001000s ]
INFO: [ app_begin ] --END-- [ RunTime:0.001000s ]
NOTIC: [8192] mysql_connect(): The mysql extension is deprecated and will be removed in the future: use mysqli or PDO instead D:\wamp\www\wg_original2\Lib\Driver\Db\DbMysql.class.php 第 55 行.
NOTIC: [8192] preg_replace(): The /e modifier is deprecated, use preg_replace_callback instead D:\wamp\www\wg_original2\Lib\Core\Db.class.php 第 572 行.
NOTIC: [8192] preg_replace(): The /e modifier is deprecated, use preg_replace_callback instead D:\wamp\www\wg_original2\Lib\Core\Db.class.php 第 572 行.
NOTIC: [8192] preg_replace(): The /e modifier is deprecated, use preg_replace_callback instead D:\wamp\www\wg_original2\Lib\Core\Db.class.php 第 572 行.
NOTIC: [8] Undefined variable: access_str D:\wamp\www\wg_original2\WgCms\Lib\Action\WapAction.class.php 第 324 行.
NOTIC: [8192] preg_replace(): The /e modifier is deprecated, use preg_replace_callback instead D:\wamp\www\wg_original2\Lib\Core\Db.class.php 第 572 行.
NOTIC: [8192] preg_replace(): The /e modifier is deprecated, use preg_replace_callback instead D:\wamp\www\wg_original2\Lib\Core\Db.class.php 第 572 行.
NOTIC: [8192] preg_replace(): The /e modifier is deprecated, use preg_replace_callback instead D:\wamp\www\wg_original2\Lib\Core\Db.class.php 第 572 行.

[ 2016-10-18T08:50:18+08:00 ] 127.0.0.1 /wg_original2/index.php?g=Wap&m=Distribution&a=checkLogin
INFO: [ app_begin ] --START--
INFO: Run ReadHtmlCache Behavior [ RunTime:0.000000s ]
INFO: [ app_begin ] --END-- [ RunTime:0.002000s ]
NOTIC: [8192] mysql_connect(): The mysql extension is deprecated and will be removed in the future: use mysqli or PDO instead D:\wamp\www\wg_original2\Lib\Driver\Db\DbMysql.class.php 第 55 行.
NOTIC: [8192] preg_replace(): The /e modifier is deprecated, use preg_replace_callback instead D:\wamp\www\wg_original2\Lib\Core\Db.class.php 第 572 行.
NOTIC: [8192] preg_replace(): The /e modifier is deprecated, use preg_replace_callback instead D:\wamp\www\wg_original2\Lib\Core\Db.class.php 第 572 行.
NOTIC: [8192] preg_replace(): The /e modifier is deprecated, use preg_replace_callback instead D:\wamp\www\wg_original2\Lib\Core\Db.class.php 第 572 行.
NOTIC: [8] Undefined variable: access_str D:\wamp\www\wg_original2\WgCms\Lib\Action\WapAction.class.php 第 324 行.
NOTIC: [8192] preg_replace(): The /e modifier is deprecated, use preg_replace_callback instead D:\wamp\www\wg_original2\Lib\Core\Db.class.php 第 572 行.
NOTIC: [8192] preg_replace(): The /e modifier is deprecated, use preg_replace_callback instead D:\wamp\www\wg_original2\Lib\Core\Db.class.php 第 572 行.
NOTIC: [8192] preg_replace(): The /e modifier is deprecated, use preg_replace_callback instead D:\wamp\www\wg_original2\Lib\Core\Db.class.php 第 572 行.

[ 2016-10-18T08:50:41+08:00 ] 127.0.0.1 /wg_original2/index.php?g=Wap&m=Distribution&a=checkLogin
INFO: [ app_begin ] --START--
INFO: Run ReadHtmlCache Behavior [ RunTime:0.000000s ]
INFO: [ app_begin ] --END-- [ RunTime:0.000000s ]
NOTIC: [8192] mysql_connect(): The mysql extension is deprecated and will be removed in the future: use mysqli or PDO instead D:\wamp\www\wg_original2\Lib\Driver\Db\DbMysql.class.php 第 55 行.
NOTIC: [8192] preg_replace(): The /e modifier is deprecated, use preg_replace_callback instead D:\wamp\www\wg_original2\Lib\Core\Db.class.php 第 572 行.
NOTIC: [8192] preg_replace(): The /e modifier is deprecated, use preg_replace_callback instead D:\wamp\www\wg_original2\Lib\Core\Db.class.php 第 572 行.
NOTIC: [8192] preg_replace(): The /e modifier is deprecated, use preg_replace_callback instead D:\wamp\www\wg_original2\Lib\Core\Db.class.php 第 572 行.
NOTIC: [8] Undefined variable: access_str D:\wamp\www\wg_original2\WgCms\Lib\Action\WapAction.class.php 第 324 行.
NOTIC: [8192] preg_replace(): The /e modifier is deprecated, use preg_replace_callback instead D:\wamp\www\wg_original2\Lib\Core\Db.class.php 第 572 行.
NOTIC: [8192] preg_replace(): The /e modifier is deprecated, use preg_replace_callback instead D:\wamp\www\wg_original2\Lib\Core\Db.class.php 第 572 行.
NOTIC: [8192] preg_replace(): The /e modifier is deprecated, use preg_replace_callback instead D:\wamp\www\wg_original2\Lib\Core\Db.class.php 第 572 行.

[ 2016-10-18T08:55:53+08:00 ] 127.0.0.1 /wg_original2/index.php?g=Wap&m=Distribution&a=checkLogin
INFO: [ app_begin ] --START--
INFO: Run ReadHtmlCache Behavior [ RunTime:0.001000s ]
INFO: [ app_begin ] --END-- [ RunTime:0.001000s ]
NOTIC: [8192] mysql_connect(): The mysql extension is deprecated and will be removed in the future: use mysqli or PDO instead D:\wamp\www\wg_original2\Lib\Driver\Db\DbMysql.class.php 第 55 行.
NOTIC: [8192] preg_replace(): The /e modifier is deprecated, use preg_replace_callback instead D:\wamp\www\wg_original2\Lib\Core\Db.class.php 第 572 行.
NOTIC: [8192] preg_replace(): The /e modifier is deprecated, use preg_replace_callback instead D:\wamp\www\wg_original2\Lib\Core\Db.class.php 第 572 行.
NOTIC: [8192] preg_replace(): The /e modifier is deprecated, use preg_replace_callback instead D:\wamp\www\wg_original2\Lib\Core\Db.class.php 第 572 行.
NOTIC: [8] Undefined variable: access_str D:\wamp\www\wg_original2\WgCms\Lib\Action\WapAction.class.php 第 324 行.
NOTIC: [8192] preg_replace(): The /e modifier is deprecated, use preg_replace_callback instead D:\wamp\www\wg_original2\Lib\Core\Db.class.php 第 572 行.
NOTIC: [8192] preg_replace(): The /e modifier is deprecated, use preg_replace_callback instead D:\wamp\www\wg_original2\Lib\Core\Db.class.php 第 572 行.
NOTIC: [8192] preg_replace(): The /e modifier is deprecated, use preg_replace_callback instead D:\wamp\www\wg_original2\Lib\Core\Db.class.php 第 572 行.

[ 2016-10-18T09:10:40+08:00 ] 127.0.0.1 /wg_original2/index.php?g=Wap&m=Distribution&a=checkLogin
INFO: [ app_begin ] --START--
INFO: Run ReadHtmlCache Behavior [ RunTime:0.001000s ]
INFO: [ app_begin ] --END-- [ RunTime:0.001000s ]
NOTIC: [8192] mysql_connect(): The mysql extension is deprecated and will be removed in the future: use mysqli or PDO instead D:\wamp\www\wg_original2\Lib\Driver\Db\DbMysql.class.php 第 55 行.
NOTIC: [8192] preg_replace(): The /e modifier is deprecated, use preg_replace_callback instead D:\wamp\www\wg_original2\Lib\Core\Db.class.php 第 572 行.
NOTIC: [8192] preg_replace(): The /e modifier is deprecated, use preg_replace_callback instead D:\wamp\www\wg_original2\Lib\Core\Db.class.php 第 572 行.
NOTIC: [8192] preg_replace(): The /e modifier is deprecated, use preg_replace_callback instead D:\wamp\www\wg_original2\Lib\Core\Db.class.php 第 572 行.
NOTIC: [8] Undefined variable: access_str D:\wamp\www\wg_original2\WgCms\Lib\Action\WapAction.class.php 第 324 行.
NOTIC: [8192] preg_replace(): The /e modifier is deprecated, use preg_replace_callback instead D:\wamp\www\wg_original2\Lib\Core\Db.class.php 第 572 行.
NOTIC: [8192] preg_replace(): The /e modifier is deprecated, use preg_replace_callback instead D:\wamp\www\wg_original2\Lib\Core\Db.class.php 第 572 行.
NOTIC: [8192] preg_replace(): The /e modifier is deprecated, use preg_replace_callback instead D:\wamp\www\wg_original2\Lib\Core\Db.class.php 第 572 行.

[ 2016-10-18T09:17:28+08:00 ] 127.0.0.1 /wg_original2/index.php?g=Wap&m=Distribution&a=checkLogin
INFO: [ app_begin ] --START--
INFO: Run ReadHtmlCache Behavior [ RunTime:0.001000s ]
INFO: [ app_begin ] --END-- [ RunTime:0.001000s ]
NOTIC: [8192] mysql_connect(): The mysql extension is deprecated and will be removed in the future: use mysqli or PDO instead D:\wamp\www\wg_original2\Lib\Driver\Db\DbMysql.class.php 第 55 行.
NOTIC: [8192] preg_replace(): The /e modifier is deprecated, use preg_replace_callback instead D:\wamp\www\wg_original2\Lib\Core\Db.class.php 第 572 行.
NOTIC: [8192] preg_replace(): The /e modifier is deprecated, use preg_replace_callback instead D:\wamp\www\wg_original2\Lib\Core\Db.class.php 第 572 行.
NOTIC: [8192] preg_replace(): The /e modifier is deprecated, use preg_replace_callback instead D:\wamp\www\wg_original2\Lib\Core\Db.class.php 第 572 行.
NOTIC: [8] Undefined variable: access_str D:\wamp\www\wg_original2\WgCms\Lib\Action\WapAction.class.php 第 324 行.
NOTIC: [8192] preg_replace(): The /e modifier is deprecated, use preg_replace_callback instead D:\wamp\www\wg_original2\Lib\Core\Db.class.php 第 572 行.
NOTIC: [8192] preg_replace(): The /e modifier is deprecated, use preg_replace_callback instead D:\wamp\www\wg_original2\Lib\Core\Db.class.php 第 572 行.
NOTIC: [8192] preg_replace(): The /e modifier is deprecated, use preg_replace_callback instead D:\wamp\www\wg_original2\Lib\Core\Db.class.php 第 572 行.

[ 2016-10-18T09:31:40+08:00 ] 127.0.0.1 /wg_original2/index.php?g=Wap&m=Distribution&a=checkLogin
INFO: [ app_begin ] --START--
INFO: Run ReadHtmlCache Behavior [ RunTime:0.002000s ]
INFO: [ app_begin ] --END-- [ RunTime:0.002000s ]
NOTIC: [8192] mysql_connect(): The mysql extension is deprecated and will be removed in the future: use mysqli or PDO instead D:\wamp\www\wg_original2\Lib\Driver\Db\DbMysql.class.php 第 55 行.
NOTIC: [8192] preg_replace(): The /e modifier is deprecated, use preg_replace_callback instead D:\wamp\www\wg_original2\Lib\Core\Db.class.php 第 572 行.
NOTIC: [8192] preg_replace(): The /e modifier is deprecated, use preg_replace_callback instead D:\wamp\www\wg_original2\Lib\Core\Db.class.php 第 572 行.
NOTIC: [8192] preg_replace(): The /e modifier is deprecated, use preg_replace_callback instead D:\wamp\www\wg_original2\Lib\Core\Db.class.php 第 572 行.
NOTIC: [8192] preg_replace(): The /e modifier is deprecated, use preg_replace_callback instead D:\wamp\www\wg_original2\Lib\Core\Db.class.php 第 572 行.
NOTIC: [8] Undefined variable: curl D:\wamp\www\wg_original2\WgCms\Lib\Action\WapAction.class.php 第 511 行.
NOTIC: [2] curl_setopt() expects parameter 1 to be resource, null given D:\wamp\www\wg_original2\WgCms\Lib\Action\WapAction.class.php 第 511 行.
NOTIC: [8] Undefined variable: data D:\wamp\www\wg_original2\WgCms\Lib\Action\WapAction.class.php 第 515 行.
NOTIC: [8] Undefined index: access_token D:\wamp\www\wg_original2\WgCms\Lib\Action\WapAction.class.php 第 358 行.
NOTIC: [8] Undefined variable: curl D:\wamp\www\wg_original2\WgCms\Lib\Action\WapAction.class.php 第 511 行.
NOTIC: [2] curl_setopt() expects parameter 1 to be resource, null given D:\wamp\www\wg_original2\WgCms\Lib\Action\WapAction.class.php 第 511 行.
NOTIC: [8] Undefined variable: data D:\wamp\www\wg_original2\WgCms\Lib\Action\WapAction.class.php 第 515 行.
NOTIC: [8] Undefined index: ticket D:\wamp\www\wg_original2\WgCms\Lib\Action\WapAction.class.php 第 307 行.
NOTIC: [8192] preg_replace(): The /e modifier is deprecated, use preg_replace_callback instead D:\wamp\www\wg_original2\Lib\Core\Db.class.php 第 572 行.
NOTIC: [8192] preg_replace(): The /e modifier is deprecated, use preg_replace_callback instead D:\wamp\www\wg_original2\Lib\Core\Db.class.php 第 572 行.
NOTIC: [8192] preg_replace(): The /e modifier is deprecated, use preg_replace_callback instead D:\wamp\www\wg_original2\Lib\Core\Db.class.php 第 572 行.

[ 2016-10-18T09:37:24+08:00 ] 127.0.0.1 /wg_original2/index.php?g=Wap&m=Distribution&a=checkLogin
INFO: [ app_begin ] --START--
INFO: Run ReadHtmlCache Behavior [ RunTime:0.001000s ]
INFO: [ app_begin ] --END-- [ RunTime:0.001000s ]
NOTIC: [8192] mysql_connect(): The mysql extension is deprecated and will be removed in the future: use mysqli or PDO instead D:\wamp\www\wg_original2\Lib\Driver\Db\DbMysql.class.php 第 55 行.
NOTIC: [8192] preg_replace(): The /e modifier is deprecated, use preg_replace_callback instead D:\wamp\www\wg_original2\Lib\Core\Db.class.php 第 572 行.
NOTIC: [8192] preg_replace(): The /e modifier is deprecated, use preg_replace_callback instead D:\wamp\www\wg_original2\Lib\Core\Db.class.php 第 572 行.
NOTIC: [8192] preg_replace(): The /e modifier is deprecated, use preg_replace_callback instead D:\wamp\www\wg_original2\Lib\Core\Db.class.php 第 572 行.
NOTIC: [8] Undefined variable: access_str D:\wamp\www\wg_original2\WgCms\Lib\Action\WapAction.class.php 第 324 行.
NOTIC: [8192] preg_replace(): The /e modifier is deprecated, use preg_replace_callback instead D:\wamp\www\wg_original2\Lib\Core\Db.class.php 第 572 行.
NOTIC: [8192] preg_replace(): The /e modifier is deprecated, use preg_replace_callback instead D:\wamp\www\wg_original2\Lib\Core\Db.class.php 第 572 行.
NOTIC: [8192] preg_replace(): The /e modifier is deprecated, use preg_replace_callback instead D:\wamp\www\wg_original2\Lib\Core\Db.class.php 第 572 行.

[ 2016-10-18T09:38:05+08:00 ] 127.0.0.1 /wg_original2/index.php?g=Wap&m=Distribution&a=checkLogin
INFO: [ app_begin ] --START--
INFO: Run ReadHtmlCache Behavior [ RunTime:0.002000s ]
INFO: [ app_begin ] --END-- [ RunTime:0.002000s ]
NOTIC: [8192] mysql_connect(): The mysql extension is deprecated and will be removed in the future: use mysqli or PDO instead D:\wamp\www\wg_original2\Lib\Driver\Db\DbMysql.class.php 第 55 行.
NOTIC: [8192] preg_replace(): The /e modifier is deprecated, use preg_replace_callback instead D:\wamp\www\wg_original2\Lib\Core\Db.class.php 第 572 行.
NOTIC: [8192] preg_replace(): The /e modifier is deprecated, use preg_replace_callback instead D:\wamp\www\wg_original2\Lib\Core\Db.class.php 第 572 行.
NOTIC: [8192] preg_replace(): The /e modifier is deprecated, use preg_replace_callback instead D:\wamp\www\wg_original2\Lib\Core\Db.class.php 第 572 行.
NOTIC: [8] Undefined variable: access_str D:\wamp\www\wg_original2\WgCms\Lib\Action\WapAction.class.php 第 324 行.
NOTIC: [8192] preg_replace(): The /e modifier is deprecated, use preg_replace_callback instead D:\wamp\www\wg_original2\Lib\Core\Db.class.php 第 572 行.
NOTIC: [8192] preg_replace(): The /e modifier is deprecated, use preg_replace_callback instead D:\wamp\www\wg_original2\Lib\Core\Db.class.php 第 572 行.
NOTIC: [8192] preg_replace(): The /e modifier is deprecated, use preg_replace_callback instead D:\wamp\www\wg_original2\Lib\Core\Db.class.php 第 572 行.

[ 2016-10-18T09:39:40+08:00 ] 127.0.0.1 /wg_original2/index.php?g=Wap&m=Distribution&a=checkLogin
INFO: [ app_begin ] --START--
INFO: Run ReadHtmlCache Behavior [ RunTime:0.001000s ]
INFO: [ app_begin ] --END-- [ RunTime:0.002000s ]
NOTIC: [8192] mysql_connect(): The mysql extension is deprecated and will be removed in the future: use mysqli or PDO instead D:\wamp\www\wg_original2\Lib\Driver\Db\DbMysql.class.php 第 55 行.
NOTIC: [8192] preg_replace(): The /e modifier is deprecated, use preg_replace_callback instead D:\wamp\www\wg_original2\Lib\Core\Db.class.php 第 572 行.
NOTIC: [8192] preg_replace(): The /e modifier is deprecated, use preg_replace_callback instead D:\wamp\www\wg_original2\Lib\Core\Db.class.php 第 572 行.
NOTIC: [8192] preg_replace(): The /e modifier is deprecated, use preg_replace_callback instead D:\wamp\www\wg_original2\Lib\Core\Db.class.php 第 572 行.
NOTIC: [8] Undefined variable: access_str D:\wamp\www\wg_original2\WgCms\Lib\Action\WapAction.class.php 第 324 行.
NOTIC: [8192] preg_replace(): The /e modifier is deprecated, use preg_replace_callback instead D:\wamp\www\wg_original2\Lib\Core\Db.class.php 第 572 行.
NOTIC: [8192] preg_replace(): The /e modifier is deprecated, use preg_replace_callback instead D:\wamp\www\wg_original2\Lib\Core\Db.class.php 第 572 行.
NOTIC: [8192] preg_replace(): The /e modifier is deprecated, use preg_replace_callback instead D:\wamp\www\wg_original2\Lib\Core\Db.class.php 第 572 行.

[ 2016-10-18T09:39:56+08:00 ] 127.0.0.1 /wg_original2/index.php?g=Wap&m=Distribution&a=checkLogin
INFO: [ app_begin ] --START--
INFO: Run ReadHtmlCache Behavior [ RunTime:0.001000s ]
INFO: [ app_begin ] --END-- [ RunTime:0.001000s ]
NOTIC: [8192] mysql_connect(): The mysql extension is deprecated and will be removed in the future: use mysqli or PDO instead D:\wamp\www\wg_original2\Lib\Driver\Db\DbMysql.class.php 第 55 行.
NOTIC: [8192] preg_replace(): The /e modifier is deprecated, use preg_replace_callback instead D:\wamp\www\wg_original2\Lib\Core\Db.class.php 第 572 行.
NOTIC: [8192] preg_replace(): The /e modifier is deprecated, use preg_replace_callback instead D:\wamp\www\wg_original2\Lib\Core\Db.class.php 第 572 行.
NOTIC: [8192] preg_replace(): The /e modifier is deprecated, use preg_replace_callback instead D:\wamp\www\wg_original2\Lib\Core\Db.class.php 第 572 行.
NOTIC: [8] Undefined variable: access_str D:\wamp\www\wg_original2\WgCms\Lib\Action\WapAction.class.php 第 324 行.
NOTIC: [8192] preg_replace(): The /e modifier is deprecated, use preg_replace_callback instead D:\wamp\www\wg_original2\Lib\Core\Db.class.php 第 572 行.
NOTIC: [8192] preg_replace(): The /e modifier is deprecated, use preg_replace_callback instead D:\wamp\www\wg_original2\Lib\Core\Db.class.php 第 572 行.
NOTIC: [8192] preg_replace(): The /e modifier is deprecated, use preg_replace_callback instead D:\wamp\www\wg_original2\Lib\Core\Db.class.php 第 572 行.

[ 2016-10-18T09:40:04+08:00 ] 127.0.0.1 /wg_original2/index.php?g=Wap&m=Distribution&a=checkLogin
INFO: [ app_begin ] --START--
INFO: Run ReadHtmlCache Behavior [ RunTime:0.002000s ]
INFO: [ app_begin ] --END-- [ RunTime:0.002000s ]
NOTIC: [8192] mysql_connect(): The mysql extension is deprecated and will be removed in the future: use mysqli or PDO instead D:\wamp\www\wg_original2\Lib\Driver\Db\DbMysql.class.php 第 55 行.
NOTIC: [8192] preg_replace(): The /e modifier is deprecated, use preg_replace_callback instead D:\wamp\www\wg_original2\Lib\Core\Db.class.php 第 572 行.
NOTIC: [8192] preg_replace(): The /e modifier is deprecated, use preg_replace_callback instead D:\wamp\www\wg_original2\Lib\Core\Db.class.php 第 572 行.
NOTIC: [8192] preg_replace(): The /e modifier is deprecated, use preg_replace_callback instead D:\wamp\www\wg_original2\Lib\Core\Db.class.php 第 572 行.
NOTIC: [8] Undefined variable: access_str D:\wamp\www\wg_original2\WgCms\Lib\Action\WapAction.class.php 第 324 行.
NOTIC: [8192] preg_replace(): The /e modifier is deprecated, use preg_replace_callback instead D:\wamp\www\wg_original2\Lib\Core\Db.class.php 第 572 行.
NOTIC: [8192] preg_replace(): The /e modifier is deprecated, use preg_replace_callback instead D:\wamp\www\wg_original2\Lib\Core\Db.class.php 第 572 行.
NOTIC: [8192] preg_replace(): The /e modifier is deprecated, use preg_replace_callback instead D:\wamp\www\wg_original2\Lib\Core\Db.class.php 第 572 行.

[ 2016-10-18T09:40:27+08:00 ] 127.0.0.1 /wg_original2/index.php?g=Wap&m=Distribution&a=checkLogin
INFO: [ app_begin ] --START--
INFO: Run ReadHtmlCache Behavior [ RunTime:0.003001s ]
INFO: [ app_begin ] --END-- [ RunTime:0.003001s ]
NOTIC: [8192] mysql_connect(): The mysql extension is deprecated and will be removed in the future: use mysqli or PDO instead D:\wamp\www\wg_original2\Lib\Driver\Db\DbMysql.class.php 第 55 行.
NOTIC: [8192] preg_replace(): The /e modifier is deprecated, use preg_replace_callback instead D:\wamp\www\wg_original2\Lib\Core\Db.class.php 第 572 行.
NOTIC: [8192] preg_replace(): The /e modifier is deprecated, use preg_replace_callback instead D:\wamp\www\wg_original2\Lib\Core\Db.class.php 第 572 行.
NOTIC: [8192] preg_replace(): The /e modifier is deprecated, use preg_replace_callback instead D:\wamp\www\wg_original2\Lib\Core\Db.class.php 第 572 行.
NOTIC: [8] Undefined variable: access_str D:\wamp\www\wg_original2\WgCms\Lib\Action\WapAction.class.php 第 324 行.
NOTIC: [8192] preg_replace(): The /e modifier is deprecated, use preg_replace_callback instead D:\wamp\www\wg_original2\Lib\Core\Db.class.php 第 572 行.
NOTIC: [8192] preg_replace(): The /e modifier is deprecated, use preg_replace_callback instead D:\wamp\www\wg_original2\Lib\Core\Db.class.php 第 572 行.
NOTIC: [8192] preg_replace(): The /e modifier is deprecated, use preg_replace_callback instead D:\wamp\www\wg_original2\Lib\Core\Db.class.php 第 572 行.

[ 2016-10-18T09:41:49+08:00 ] 127.0.0.1 /wg_original2/index.php?g=Wap&m=Distribution&a=checkLogin
INFO: [ app_begin ] --START--
INFO: Run ReadHtmlCache Behavior [ RunTime:0.002000s ]
INFO: [ app_begin ] --END-- [ RunTime:0.002000s ]
NOTIC: [8192] mysql_connect(): The mysql extension is deprecated and will be removed in the future: use mysqli or PDO instead D:\wamp\www\wg_original2\Lib\Driver\Db\DbMysql.class.php 第 55 行.
NOTIC: [8192] preg_replace(): The /e modifier is deprecated, use preg_replace_callback instead D:\wamp\www\wg_original2\Lib\Core\Db.class.php 第 572 行.
NOTIC: [8192] preg_replace(): The /e modifier is deprecated, use preg_replace_callback instead D:\wamp\www\wg_original2\Lib\Core\Db.class.php 第 572 行.
NOTIC: [8192] preg_replace(): The /e modifier is deprecated, use preg_replace_callback instead D:\wamp\www\wg_original2\Lib\Core\Db.class.php 第 572 行.
NOTIC: [8] Undefined variable: access_str D:\wamp\www\wg_original2\WgCms\Lib\Action\WapAction.class.php 第 324 行.
NOTIC: [8192] preg_replace(): The /e modifier is deprecated, use preg_replace_callback instead D:\wamp\www\wg_original2\Lib\Core\Db.class.php 第 572 行.
NOTIC: [8192] preg_replace(): The /e modifier is deprecated, use preg_replace_callback instead D:\wamp\www\wg_original2\Lib\Core\Db.class.php 第 572 行.
NOTIC: [8192] preg_replace(): The /e modifier is deprecated, use preg_replace_callback instead D:\wamp\www\wg_original2\Lib\Core\Db.class.php 第 572 行.

[ 2016-10-18T09:41:51+08:00 ] 127.0.0.1 /wg_original2/index.php?g=Wap&m=Distribution&a=checkLogin
INFO: [ app_begin ] --START--
INFO: Run ReadHtmlCache Behavior [ RunTime:0.001000s ]
INFO: [ app_begin ] --END-- [ RunTime:0.001000s ]
NOTIC: [8192] mysql_connect(): The mysql extension is deprecated and will be removed in the future: use mysqli or PDO instead D:\wamp\www\wg_original2\Lib\Driver\Db\DbMysql.class.php 第 55 行.
NOTIC: [8192] preg_replace(): The /e modifier is deprecated, use preg_replace_callback instead D:\wamp\www\wg_original2\Lib\Core\Db.class.php 第 572 行.
NOTIC: [8192] preg_replace(): The /e modifier is deprecated, use preg_replace_callback instead D:\wamp\www\wg_original2\Lib\Core\Db.class.php 第 572 行.
NOTIC: [8192] preg_replace(): The /e modifier is deprecated, use preg_replace_callback instead D:\wamp\www\wg_original2\Lib\Core\Db.class.php 第 572 行.
NOTIC: [8] Undefined variable: access_str D:\wamp\www\wg_original2\WgCms\Lib\Action\WapAction.class.php 第 324 行.
NOTIC: [8192] preg_replace(): The /e modifier is deprecated, use preg_replace_callback instead D:\wamp\www\wg_original2\Lib\Core\Db.class.php 第 572 行.
NOTIC: [8192] preg_replace(): The /e modifier is deprecated, use preg_replace_callback instead D:\wamp\www\wg_original2\Lib\Core\Db.class.php 第 572 行.
NOTIC: [8192] preg_replace(): The /e modifier is deprecated, use preg_replace_callback instead D:\wamp\www\wg_original2\Lib\Core\Db.class.php 第 572 行.

[ 2016-10-18T09:41:57+08:00 ] 127.0.0.1 /wg_original2/index.php?g=Wap&m=Distribution&a=checkLogin
INFO: [ app_begin ] --START--
INFO: Run ReadHtmlCache Behavior [ RunTime:0.001000s ]
INFO: [ app_begin ] --END-- [ RunTime:0.002000s ]
NOTIC: [8192] mysql_connect(): The mysql extension is deprecated and will be removed in the future: use mysqli or PDO instead D:\wamp\www\wg_original2\Lib\Driver\Db\DbMysql.class.php 第 55 行.
NOTIC: [8192] preg_replace(): The /e modifier is deprecated, use preg_replace_callback instead D:\wamp\www\wg_original2\Lib\Core\Db.class.php 第 572 行.
NOTIC: [8192] preg_replace(): The /e modifier is deprecated, use preg_replace_callback instead D:\wamp\www\wg_original2\Lib\Core\Db.class.php 第 572 行.
NOTIC: [8192] preg_replace(): The /e modifier is deprecated, use preg_replace_callback instead D:\wamp\www\wg_original2\Lib\Core\Db.class.php 第 572 行.
NOTIC: [8] Undefined variable: access_str D:\wamp\www\wg_original2\WgCms\Lib\Action\WapAction.class.php 第 324 行.
NOTIC: [8192] preg_replace(): The /e modifier is deprecated, use preg_replace_callback instead D:\wamp\www\wg_original2\Lib\Core\Db.class.php 第 572 行.
NOTIC: [8192] preg_replace(): The /e modifier is deprecated, use preg_replace_callback instead D:\wamp\www\wg_original2\Lib\Core\Db.class.php 第 572 行.
NOTIC: [8192] preg_replace(): The /e modifier is deprecated, use preg_replace_callback instead D:\wamp\www\wg_original2\Lib\Core\Db.class.php 第 572 行.

[ 2016-10-18T09:42:14+08:00 ] 127.0.0.1 /wg_original2/index.php?g=Wap&m=Distribution&a=checkLogin
INFO: [ app_begin ] --START--
INFO: Run ReadHtmlCache Behavior [ RunTime:0.001000s ]
INFO: [ app_begin ] --END-- [ RunTime:0.001000s ]
NOTIC: [8192] mysql_connect(): The mysql extension is deprecated and will be removed in the future: use mysqli or PDO instead D:\wamp\www\wg_original2\Lib\Driver\Db\DbMysql.class.php 第 55 行.
NOTIC: [8192] preg_replace(): The /e modifier is deprecated, use preg_replace_callback instead D:\wamp\www\wg_original2\Lib\Core\Db.class.php 第 572 行.
NOTIC: [8192] preg_replace(): The /e modifier is deprecated, use preg_replace_callback instead D:\wamp\www\wg_original2\Lib\Core\Db.class.php 第 572 行.
NOTIC: [8192] preg_replace(): The /e modifier is deprecated, use preg_replace_callback instead D:\wamp\www\wg_original2\Lib\Core\Db.class.php 第 572 行.
NOTIC: [8] Undefined variable: access_str D:\wamp\www\wg_original2\WgCms\Lib\Action\WapAction.class.php 第 324 行.
NOTIC: [8192] preg_replace(): The /e modifier is deprecated, use preg_replace_callback instead D:\wamp\www\wg_original2\Lib\Core\Db.class.php 第 572 行.
NOTIC: [8192] preg_replace(): The /e modifier is deprecated, use preg_replace_callback instead D:\wamp\www\wg_original2\Lib\Core\Db.class.php 第 572 行.
NOTIC: [8192] preg_replace(): The /e modifier is deprecated, use preg_replace_callback instead D:\wamp\www\wg_original2\Lib\Core\Db.class.php 第 572 行.

[ 2016-10-18T09:42:29+08:00 ] 127.0.0.1 /wg_original2/index.php?g=Wap&m=Distribution&a=checkLogin
INFO: [ app_begin ] --START--
INFO: Run ReadHtmlCache Behavior [ RunTime:0.001000s ]
INFO: [ app_begin ] --END-- [ RunTime:0.001000s ]
NOTIC: [8192] mysql_connect(): The mysql extension is deprecated and will be removed in the future: use mysqli or PDO instead D:\wamp\www\wg_original2\Lib\Driver\Db\DbMysql.class.php 第 55 行.
NOTIC: [8192] preg_replace(): The /e modifier is deprecated, use preg_replace_callback instead D:\wamp\www\wg_original2\Lib\Core\Db.class.php 第 572 行.
NOTIC: [8192] preg_replace(): The /e modifier is deprecated, use preg_replace_callback instead D:\wamp\www\wg_original2\Lib\Core\Db.class.php 第 572 行.
NOTIC: [8192] preg_replace(): The /e modifier is deprecated, use preg_replace_callback instead D:\wamp\www\wg_original2\Lib\Core\Db.class.php 第 572 行.
NOTIC: [8] Undefined variable: access_str D:\wamp\www\wg_original2\WgCms\Lib\Action\WapAction.class.php 第 324 行.
NOTIC: [8192] preg_replace(): The /e modifier is deprecated, use preg_replace_callback instead D:\wamp\www\wg_original2\Lib\Core\Db.class.php 第 572 行.
NOTIC: [8192] preg_replace(): The /e modifier is deprecated, use preg_replace_callback instead D:\wamp\www\wg_original2\Lib\Core\Db.class.php 第 572 行.
NOTIC: [8192] preg_replace(): The /e modifier is deprecated, use preg_replace_callback instead D:\wamp\www\wg_original2\Lib\Core\Db.class.php 第 572 行.

[ 2016-10-18T09:42:46+08:00 ] 127.0.0.1 /wg_original2/index.php?g=Wap&m=Distribution&a=checkLogin
INFO: [ app_begin ] --START--
INFO: Run ReadHtmlCache Behavior [ RunTime:0.002000s ]
INFO: [ app_begin ] --END-- [ RunTime:0.002000s ]
NOTIC: [8192] mysql_connect(): The mysql extension is deprecated and will be removed in the future: use mysqli or PDO instead D:\wamp\www\wg_original2\Lib\Driver\Db\DbMysql.class.php 第 55 行.
NOTIC: [8192] preg_replace(): The /e modifier is deprecated, use preg_replace_callback instead D:\wamp\www\wg_original2\Lib\Core\Db.class.php 第 572 行.
NOTIC: [8192] preg_replace(): The /e modifier is deprecated, use preg_replace_callback instead D:\wamp\www\wg_original2\Lib\Core\Db.class.php 第 572 行.
NOTIC: [8192] preg_replace(): The /e modifier is deprecated, use preg_replace_callback instead D:\wamp\www\wg_original2\Lib\Core\Db.class.php 第 572 行.
NOTIC: [8] Undefined variable: access_str D:\wamp\www\wg_original2\WgCms\Lib\Action\WapAction.class.php 第 324 行.
NOTIC: [8192] preg_replace(): The /e modifier is deprecated, use preg_replace_callback instead D:\wamp\www\wg_original2\Lib\Core\Db.class.php 第 572 行.
NOTIC: [8192] preg_replace(): The /e modifier is deprecated, use preg_replace_callback instead D:\wamp\www\wg_original2\Lib\Core\Db.class.php 第 572 行.
NOTIC: [8192] preg_replace(): The /e modifier is deprecated, use preg_replace_callback instead D:\wamp\www\wg_original2\Lib\Core\Db.class.php 第 572 行.

[ 2016-10-18T09:42:49+08:00 ] 127.0.0.1 /wg_original2/index.php?g=Wap&m=Distribution&a=checkLogin
INFO: [ app_begin ] --START--
INFO: Run ReadHtmlCache Behavior [ RunTime:0.001000s ]
INFO: [ app_begin ] --END-- [ RunTime:0.002000s ]
NOTIC: [8192] mysql_connect(): The mysql extension is deprecated and will be removed in the future: use mysqli or PDO instead D:\wamp\www\wg_original2\Lib\Driver\Db\DbMysql.class.php 第 55 行.
NOTIC: [8192] preg_replace(): The /e modifier is deprecated, use preg_replace_callback instead D:\wamp\www\wg_original2\Lib\Core\Db.class.php 第 572 行.
NOTIC: [8192] preg_replace(): The /e modifier is deprecated, use preg_replace_callback instead D:\wamp\www\wg_original2\Lib\Core\Db.class.php 第 572 行.
NOTIC: [8192] preg_replace(): The /e modifier is deprecated, use preg_replace_callback instead D:\wamp\www\wg_original2\Lib\Core\Db.class.php 第 572 行.
NOTIC: [8] Undefined variable: access_str D:\wamp\www\wg_original2\WgCms\Lib\Action\WapAction.class.php 第 324 行.
NOTIC: [8192] preg_replace(): The /e modifier is deprecated, use preg_replace_callback instead D:\wamp\www\wg_original2\Lib\Core\Db.class.php 第 572 行.
NOTIC: [8192] preg_replace(): The /e modifier is deprecated, use preg_replace_callback instead D:\wamp\www\wg_original2\Lib\Core\Db.class.php 第 572 行.
NOTIC: [8192] preg_replace(): The /e modifier is deprecated, use preg_replace_callback instead D:\wamp\www\wg_original2\Lib\Core\Db.class.php 第 572 行.

[ 2016-10-18T09:43:19+08:00 ] 127.0.0.1 /wg_original2/index.php?g=Wap&m=Distribution&a=checkLogin
INFO: [ app_begin ] --START--
INFO: Run ReadHtmlCache Behavior [ RunTime:0.001000s ]
INFO: [ app_begin ] --END-- [ RunTime:0.001000s ]
NOTIC: [8192] mysql_connect(): The mysql extension is deprecated and will be removed in the future: use mysqli or PDO instead D:\wamp\www\wg_original2\Lib\Driver\Db\DbMysql.class.php 第 55 行.
NOTIC: [8192] preg_replace(): The /e modifier is deprecated, use preg_replace_callback instead D:\wamp\www\wg_original2\Lib\Core\Db.class.php 第 572 行.
NOTIC: [8192] preg_replace(): The /e modifier is deprecated, use preg_replace_callback instead D:\wamp\www\wg_original2\Lib\Core\Db.class.php 第 572 行.
NOTIC: [8192] preg_replace(): The /e modifier is deprecated, use preg_replace_callback instead D:\wamp\www\wg_original2\Lib\Core\Db.class.php 第 572 行.
NOTIC: [8] Undefined variable: access_str D:\wamp\www\wg_original2\WgCms\Lib\Action\WapAction.class.php 第 324 行.
NOTIC: [8192] preg_replace(): The /e modifier is deprecated, use preg_replace_callback instead D:\wamp\www\wg_original2\Lib\Core\Db.class.php 第 572 行.
NOTIC: [8192] preg_replace(): The /e modifier is deprecated, use preg_replace_callback instead D:\wamp\www\wg_original2\Lib\Core\Db.class.php 第 572 行.
NOTIC: [8192] preg_replace(): The /e modifier is deprecated, use preg_replace_callback instead D:\wamp\www\wg_original2\Lib\Core\Db.class.php 第 572 行.

[ 2016-10-18T09:43:32+08:00 ] 127.0.0.1 /wg_original2/index.php?g=Wap&m=Distribution&a=checkLogin
INFO: [ app_begin ] --START--
INFO: Run ReadHtmlCache Behavior [ RunTime:0.001000s ]
INFO: [ app_begin ] --END-- [ RunTime:0.001000s ]
NOTIC: [8192] mysql_connect(): The mysql extension is deprecated and will be removed in the future: use mysqli or PDO instead D:\wamp\www\wg_original2\Lib\Driver\Db\DbMysql.class.php 第 55 行.
NOTIC: [8192] preg_replace(): The /e modifier is deprecated, use preg_replace_callback instead D:\wamp\www\wg_original2\Lib\Core\Db.class.php 第 572 行.
NOTIC: [8192] preg_replace(): The /e modifier is deprecated, use preg_replace_callback instead D:\wamp\www\wg_original2\Lib\Core\Db.class.php 第 572 行.
NOTIC: [8192] preg_replace(): The /e modifier is deprecated, use preg_replace_callback instead D:\wamp\www\wg_original2\Lib\Core\Db.class.php 第 572 行.
NOTIC: [8] Undefined variable: access_str D:\wamp\www\wg_original2\WgCms\Lib\Action\WapAction.class.php 第 324 行.
NOTIC: [8192] preg_replace(): The /e modifier is deprecated, use preg_replace_callback instead D:\wamp\www\wg_original2\Lib\Core\Db.class.php 第 572 行.
NOTIC: [8192] preg_replace(): The /e modifier is deprecated, use preg_replace_callback instead D:\wamp\www\wg_original2\Lib\Core\Db.class.php 第 572 行.
NOTIC: [8192] preg_replace(): The /e modifier is deprecated, use preg_replace_callback instead D:\wamp\www\wg_original2\Lib\Core\Db.class.php 第 572 行.

[ 2016-10-18T09:43:38+08:00 ] 127.0.0.1 /wg_original2/index.php?g=Wap&m=Distribution&a=checkLogin
INFO: [ app_begin ] --START--
INFO: Run ReadHtmlCache Behavior [ RunTime:0.001000s ]
INFO: [ app_begin ] --END-- [ RunTime:0.002000s ]
NOTIC: [8192] mysql_connect(): The mysql extension is deprecated and will be removed in the future: use mysqli or PDO instead D:\wamp\www\wg_original2\Lib\Driver\Db\DbMysql.class.php 第 55 行.
NOTIC: [8192] preg_replace(): The /e modifier is deprecated, use preg_replace_callback instead D:\wamp\www\wg_original2\Lib\Core\Db.class.php 第 572 行.
NOTIC: [8192] preg_replace(): The /e modifier is deprecated, use preg_replace_callback instead D:\wamp\www\wg_original2\Lib\Core\Db.class.php 第 572 行.
NOTIC: [8192] preg_replace(): The /e modifier is deprecated, use preg_replace_callback instead D:\wamp\www\wg_original2\Lib\Core\Db.class.php 第 572 行.
NOTIC: [8] Undefined variable: access_str D:\wamp\www\wg_original2\WgCms\Lib\Action\WapAction.class.php 第 324 行.
NOTIC: [8192] preg_replace(): The /e modifier is deprecated, use preg_replace_callback instead D:\wamp\www\wg_original2\Lib\Core\Db.class.php 第 572 行.
NOTIC: [8192] preg_replace(): The /e modifier is deprecated, use preg_replace_callback instead D:\wamp\www\wg_original2\Lib\Core\Db.class.php 第 572 行.
NOTIC: [8192] preg_replace(): The /e modifier is deprecated, use preg_replace_callback instead D:\wamp\www\wg_original2\Lib\Core\Db.class.php 第 572 行.

[ 2016-10-18T09:44:20+08:00 ] 127.0.0.1 /wg_original2/index.php?g=Wap&m=Distribution&a=checkLogin
INFO: [ app_begin ] --START--
INFO: Run ReadHtmlCache Behavior [ RunTime:0.001000s ]
INFO: [ app_begin ] --END-- [ RunTime:0.001000s ]
NOTIC: [8192] mysql_connect(): The mysql extension is deprecated and will be removed in the future: use mysqli or PDO instead D:\wamp\www\wg_original2\Lib\Driver\Db\DbMysql.class.php 第 55 行.
NOTIC: [8192] preg_replace(): The /e modifier is deprecated, use preg_replace_callback instead D:\wamp\www\wg_original2\Lib\Core\Db.class.php 第 572 行.
NOTIC: [8192] preg_replace(): The /e modifier is deprecated, use preg_replace_callback instead D:\wamp\www\wg_original2\Lib\Core\Db.class.php 第 572 行.
NOTIC: [8192] preg_replace(): The /e modifier is deprecated, use preg_replace_callback instead D:\wamp\www\wg_original2\Lib\Core\Db.class.php 第 572 行.
NOTIC: [8] Undefined variable: access_str D:\wamp\www\wg_original2\WgCms\Lib\Action\WapAction.class.php 第 324 行.
NOTIC: [8192] preg_replace(): The /e modifier is deprecated, use preg_replace_callback instead D:\wamp\www\wg_original2\Lib\Core\Db.class.php 第 572 行.
NOTIC: [8192] preg_replace(): The /e modifier is deprecated, use preg_replace_callback instead D:\wamp\www\wg_original2\Lib\Core\Db.class.php 第 572 行.
NOTIC: [8192] preg_replace(): The /e modifier is deprecated, use preg_replace_callback instead D:\wamp\www\wg_original2\Lib\Core\Db.class.php 第 572 行.

[ 2016-10-18T09:44:24+08:00 ] 127.0.0.1 /wg_original2/index.php?g=Wap&m=Distribution&a=checkLogin
INFO: [ app_begin ] --START--
INFO: Run ReadHtmlCache Behavior [ RunTime:0.001000s ]
INFO: [ app_begin ] --END-- [ RunTime:0.002001s ]
NOTIC: [8192] mysql_connect(): The mysql extension is deprecated and will be removed in the future: use mysqli or PDO instead D:\wamp\www\wg_original2\Lib\Driver\Db\DbMysql.class.php 第 55 行.
NOTIC: [8192] preg_replace(): The /e modifier is deprecated, use preg_replace_callback instead D:\wamp\www\wg_original2\Lib\Core\Db.class.php 第 572 行.
NOTIC: [8192] preg_replace(): The /e modifier is deprecated, use preg_replace_callback instead D:\wamp\www\wg_original2\Lib\Core\Db.class.php 第 572 行.
NOTIC: [8192] preg_replace(): The /e modifier is deprecated, use preg_replace_callback instead D:\wamp\www\wg_original2\Lib\Core\Db.class.php 第 572 行.
NOTIC: [8] Undefined variable: access_str D:\wamp\www\wg_original2\WgCms\Lib\Action\WapAction.class.php 第 324 行.
NOTIC: [8192] preg_replace(): The /e modifier is deprecated, use preg_replace_callback instead D:\wamp\www\wg_original2\Lib\Core\Db.class.php 第 572 行.
NOTIC: [8192] preg_replace(): The /e modifier is deprecated, use preg_replace_callback instead D:\wamp\www\wg_original2\Lib\Core\Db.class.php 第 572 行.
NOTIC: [8192] preg_replace(): The /e modifier is deprecated, use preg_replace_callback instead D:\wamp\www\wg_original2\Lib\Core\Db.class.php 第 572 行.

[ 2016-10-18T09:45:02+08:00 ] 127.0.0.1 /wg_original2/index.php?g=Wap&m=Distribution&a=checkLogin
INFO: [ app_begin ] --START--
INFO: Run ReadHtmlCache Behavior [ RunTime:0.002000s ]
INFO: [ app_begin ] --END-- [ RunTime:0.002000s ]
NOTIC: [8192] mysql_connect(): The mysql extension is deprecated and will be removed in the future: use mysqli or PDO instead D:\wamp\www\wg_original2\Lib\Driver\Db\DbMysql.class.php 第 55 行.
NOTIC: [8192] preg_replace(): The /e modifier is deprecated, use preg_replace_callback instead D:\wamp\www\wg_original2\Lib\Core\Db.class.php 第 572 行.
NOTIC: [8192] preg_replace(): The /e modifier is deprecated, use preg_replace_callback instead D:\wamp\www\wg_original2\Lib\Core\Db.class.php 第 572 行.
NOTIC: [8192] preg_replace(): The /e modifier is deprecated, use preg_replace_callback instead D:\wamp\www\wg_original2\Lib\Core\Db.class.php 第 572 行.
NOTIC: [8] Undefined variable: access_str D:\wamp\www\wg_original2\WgCms\Lib\Action\WapAction.class.php 第 324 行.
NOTIC: [8192] preg_replace(): The /e modifier is deprecated, use preg_replace_callback instead D:\wamp\www\wg_original2\Lib\Core\Db.class.php 第 572 行.
NOTIC: [8192] preg_replace(): The /e modifier is deprecated, use preg_replace_callback instead D:\wamp\www\wg_original2\Lib\Core\Db.class.php 第 572 行.
NOTIC: [8192] preg_replace(): The /e modifier is deprecated, use preg_replace_callback instead D:\wamp\www\wg_original2\Lib\Core\Db.class.php 第 572 行.

[ 2016-10-18T09:45:22+08:00 ] 127.0.0.1 /wg_original2/index.php?g=Wap&m=Distribution&a=checkLogin
INFO: [ app_begin ] --START--
INFO: Run ReadHtmlCache Behavior [ RunTime:0.002000s ]
INFO: [ app_begin ] --END-- [ RunTime:0.002000s ]
NOTIC: [8192] mysql_connect(): The mysql extension is deprecated and will be removed in the future: use mysqli or PDO instead D:\wamp\www\wg_original2\Lib\Driver\Db\DbMysql.class.php 第 55 行.
NOTIC: [8192] preg_replace(): The /e modifier is deprecated, use preg_replace_callback instead D:\wamp\www\wg_original2\Lib\Core\Db.class.php 第 572 行.
NOTIC: [8192] preg_replace(): The /e modifier is deprecated, use preg_replace_callback instead D:\wamp\www\wg_original2\Lib\Core\Db.class.php 第 572 行.
NOTIC: [8192] preg_replace(): The /e modifier is deprecated, use preg_replace_callback instead D:\wamp\www\wg_original2\Lib\Core\Db.class.php 第 572 行.
NOTIC: [8] Undefined variable: access_str D:\wamp\www\wg_original2\WgCms\Lib\Action\WapAction.class.php 第 324 行.
NOTIC: [8192] preg_replace(): The /e modifier is deprecated, use preg_replace_callback instead D:\wamp\www\wg_original2\Lib\Core\Db.class.php 第 572 行.
NOTIC: [8192] preg_replace(): The /e modifier is deprecated, use preg_replace_callback instead D:\wamp\www\wg_original2\Lib\Core\Db.class.php 第 572 行.
NOTIC: [8192] preg_replace(): The /e modifier is deprecated, use preg_replace_callback instead D:\wamp\www\wg_original2\Lib\Core\Db.class.php 第 572 行.

[ 2016-10-18T09:46:48+08:00 ] 127.0.0.1 /wg_original2/index.php?g=Wap&m=Distribution&a=checkLogin
INFO: [ app_begin ] --START--
INFO: Run ReadHtmlCache Behavior [ RunTime:0.001000s ]
INFO: [ app_begin ] --END-- [ RunTime:0.001000s ]
NOTIC: [8192] mysql_connect(): The mysql extension is deprecated and will be removed in the future: use mysqli or PDO instead D:\wamp\www\wg_original2\Lib\Driver\Db\DbMysql.class.php 第 55 行.
NOTIC: [8192] preg_replace(): The /e modifier is deprecated, use preg_replace_callback instead D:\wamp\www\wg_original2\Lib\Core\Db.class.php 第 572 行.
NOTIC: [8192] preg_replace(): The /e modifier is deprecated, use preg_replace_callback instead D:\wamp\www\wg_original2\Lib\Core\Db.class.php 第 572 行.
NOTIC: [8192] preg_replace(): The /e modifier is deprecated, use preg_replace_callback instead D:\wamp\www\wg_original2\Lib\Core\Db.class.php 第 572 行.
NOTIC: [8] Undefined variable: access_str D:\wamp\www\wg_original2\WgCms\Lib\Action\WapAction.class.php 第 324 行.
NOTIC: [8192] preg_replace(): The /e modifier is deprecated, use preg_replace_callback instead D:\wamp\www\wg_original2\Lib\Core\Db.class.php 第 572 行.
NOTIC: [8192] preg_replace(): The /e modifier is deprecated, use preg_replace_callback instead D:\wamp\www\wg_original2\Lib\Core\Db.class.php 第 572 行.
NOTIC: [8192] preg_replace(): The /e modifier is deprecated, use preg_replace_callback instead D:\wamp\www\wg_original2\Lib\Core\Db.class.php 第 572 行.

[ 2016-10-18T09:46:52+08:00 ] 127.0.0.1 /wg_original2/index.php?g=Wap&m=Distribution&a=checkLogin
INFO: [ app_begin ] --START--
INFO: Run ReadHtmlCache Behavior [ RunTime:0.002000s ]
INFO: [ app_begin ] --END-- [ RunTime:0.002000s ]
NOTIC: [8192] mysql_connect(): The mysql extension is deprecated and will be removed in the future: use mysqli or PDO instead D:\wamp\www\wg_original2\Lib\Driver\Db\DbMysql.class.php 第 55 行.
NOTIC: [8192] preg_replace(): The /e modifier is deprecated, use preg_replace_callback instead D:\wamp\www\wg_original2\Lib\Core\Db.class.php 第 572 行.
NOTIC: [8192] preg_replace(): The /e modifier is deprecated, use preg_replace_callback instead D:\wamp\www\wg_original2\Lib\Core\Db.class.php 第 572 行.
NOTIC: [8192] preg_replace(): The /e modifier is deprecated, use preg_replace_callback instead D:\wamp\www\wg_original2\Lib\Core\Db.class.php 第 572 行.
NOTIC: [8] Undefined variable: access_str D:\wamp\www\wg_original2\WgCms\Lib\Action\WapAction.class.php 第 324 行.
NOTIC: [8192] preg_replace(): The /e modifier is deprecated, use preg_replace_callback instead D:\wamp\www\wg_original2\Lib\Core\Db.class.php 第 572 行.
NOTIC: [8192] preg_replace(): The /e modifier is deprecated, use preg_replace_callback instead D:\wamp\www\wg_original2\Lib\Core\Db.class.php 第 572 行.
NOTIC: [8192] preg_replace(): The /e modifier is deprecated, use preg_replace_callback instead D:\wamp\www\wg_original2\Lib\Core\Db.class.php 第 572 行.

[ 2016-10-18T10:43:58+08:00 ] 127.0.0.1 /wg_original2/index.php?g=Wap&m=Distribution&a=checkLogin
INFO: [ app_begin ] --START--
INFO: Run ReadHtmlCache Behavior [ RunTime:0.002000s ]
INFO: [ app_begin ] --END-- [ RunTime:0.002000s ]
NOTIC: [8192] mysql_connect(): The mysql extension is deprecated and will be removed in the future: use mysqli or PDO instead D:\wamp\www\wg_original2\Lib\Driver\Db\DbMysql.class.php 第 55 行.
NOTIC: [8192] preg_replace(): The /e modifier is deprecated, use preg_replace_callback instead D:\wamp\www\wg_original2\Lib\Core\Db.class.php 第 572 行.
NOTIC: [8192] preg_replace(): The /e modifier is deprecated, use preg_replace_callback instead D:\wamp\www\wg_original2\Lib\Core\Db.class.php 第 572 行.
NOTIC: [8192] preg_replace(): The /e modifier is deprecated, use preg_replace_callback instead D:\wamp\www\wg_original2\Lib\Core\Db.class.php 第 572 行.
NOTIC: [8] Undefined variable: access_str D:\wamp\www\wg_original2\WgCms\Lib\Action\WapAction.class.php 第 324 行.
NOTIC: [8192] preg_replace(): The /e modifier is deprecated, use preg_replace_callback instead D:\wamp\www\wg_original2\Lib\Core\Db.class.php 第 572 行.
NOTIC: [8192] preg_replace(): The /e modifier is deprecated, use preg_replace_callback instead D:\wamp\www\wg_original2\Lib\Core\Db.class.php 第 572 行.
NOTIC: [8192] preg_replace(): The /e modifier is deprecated, use preg_replace_callback instead D:\wamp\www\wg_original2\Lib\Core\Db.class.php 第 572 行.

[ 2016-10-18T10:45:13+08:00 ] 127.0.0.1 /wg_original2/index.php?g=Wap&m=Distribution&a=checkLogin
INFO: [ app_begin ] --START--
INFO: Run ReadHtmlCache Behavior [ RunTime:0.001000s ]
INFO: [ app_begin ] --END-- [ RunTime:0.002000s ]
NOTIC: [8192] mysql_connect(): The mysql extension is deprecated and will be removed in the future: use mysqli or PDO instead D:\wamp\www\wg_original2\Lib\Driver\Db\DbMysql.class.php 第 55 行.
NOTIC: [8192] preg_replace(): The /e modifier is deprecated, use preg_replace_callback instead D:\wamp\www\wg_original2\Lib\Core\Db.class.php 第 572 行.
NOTIC: [8192] preg_replace(): The /e modifier is deprecated, use preg_replace_callback instead D:\wamp\www\wg_original2\Lib\Core\Db.class.php 第 572 行.
NOTIC: [8192] preg_replace(): The /e modifier is deprecated, use preg_replace_callback instead D:\wamp\www\wg_original2\Lib\Core\Db.class.php 第 572 行.
NOTIC: [8] Undefined variable: access_str D:\wamp\www\wg_original2\WgCms\Lib\Action\WapAction.class.php 第 324 行.
NOTIC: [8192] preg_replace(): The /e modifier is deprecated, use preg_replace_callback instead D:\wamp\www\wg_original2\Lib\Core\Db.class.php 第 572 行.
NOTIC: [8192] preg_replace(): The /e modifier is deprecated, use preg_replace_callback instead D:\wamp\www\wg_original2\Lib\Core\Db.class.php 第 572 行.
NOTIC: [8192] preg_replace(): The /e modifier is deprecated, use preg_replace_callback instead D:\wamp\www\wg_original2\Lib\Core\Db.class.php 第 572 行.

[ 2016-10-18T10:45:14+08:00 ] 127.0.0.1 /wg_original2/index.php?g=Wap&m=Distribution&a=checkLogin
INFO: [ app_begin ] --START--
INFO: Run ReadHtmlCache Behavior [ RunTime:0.001000s ]
INFO: [ app_begin ] --END-- [ RunTime:0.001000s ]
NOTIC: [8192] mysql_connect(): The mysql extension is deprecated and will be removed in the future: use mysqli or PDO instead D:\wamp\www\wg_original2\Lib\Driver\Db\DbMysql.class.php 第 55 行.
NOTIC: [8192] preg_replace(): The /e modifier is deprecated, use preg_replace_callback instead D:\wamp\www\wg_original2\Lib\Core\Db.class.php 第 572 行.
NOTIC: [8192] preg_replace(): The /e modifier is deprecated, use preg_replace_callback instead D:\wamp\www\wg_original2\Lib\Core\Db.class.php 第 572 行.
NOTIC: [8192] preg_replace(): The /e modifier is deprecated, use preg_replace_callback instead D:\wamp\www\wg_original2\Lib\Core\Db.class.php 第 572 行.
NOTIC: [8] Undefined variable: access_str D:\wamp\www\wg_original2\WgCms\Lib\Action\WapAction.class.php 第 324 行.
NOTIC: [8192] preg_replace(): The /e modifier is deprecated, use preg_replace_callback instead D:\wamp\www\wg_original2\Lib\Core\Db.class.php 第 572 行.
NOTIC: [8192] preg_replace(): The /e modifier is deprecated, use preg_replace_callback instead D:\wamp\www\wg_original2\Lib\Core\Db.class.php 第 572 行.
NOTIC: [8192] preg_replace(): The /e modifier is deprecated, use preg_replace_callback instead D:\wamp\www\wg_original2\Lib\Core\Db.class.php 第 572 行.

[ 2016-10-18T10:52:37+08:00 ] 127.0.0.1 /wg_original2/index.php?g=Wap&m=Store&a=getWorkDate
INFO: [ app_begin ] --START--
INFO: Run ReadHtmlCache Behavior [ RunTime:0.001000s ]
INFO: [ app_begin ] --END-- [ RunTime:0.001000s ]
NOTIC: [8192] mysql_connect(): The mysql extension is deprecated and will be removed in the future: use mysqli or PDO instead D:\wamp\www\wg_original2\Lib\Driver\Db\DbMysql.class.php 第 55 行.
NOTIC: [8192] preg_replace(): The /e modifier is deprecated, use preg_replace_callback instead D:\wamp\www\wg_original2\Lib\Core\Db.class.php 第 572 行.
NOTIC: [8192] preg_replace(): The /e modifier is deprecated, use preg_replace_callback instead D:\wamp\www\wg_original2\Lib\Core\Db.class.php 第 572 行.
NOTIC: [8192] preg_replace(): The /e modifier is deprecated, use preg_replace_callback instead D:\wamp\www\wg_original2\Lib\Core\Db.class.php 第 572 行.
NOTIC: [8] Undefined variable: access_str D:\wamp\www\wg_original2\WgCms\Lib\Action\WapAction.class.php 第 324 行.
NOTIC: [8192] preg_replace(): The /e modifier is deprecated, use preg_replace_callback instead D:\wamp\www\wg_original2\Lib\Core\Db.class.php 第 572 行.

[ 2016-10-18T10:54:08+08:00 ] 127.0.0.1 /wg_original2/index.php?g=Wap&m=Store&a=getWorkDate
INFO: [ app_begin ] --START--
INFO: Run ReadHtmlCache Behavior [ RunTime:0.001000s ]
INFO: [ app_begin ] --END-- [ RunTime:0.001000s ]
NOTIC: [8192] mysql_connect(): The mysql extension is deprecated and will be removed in the future: use mysqli or PDO instead D:\wamp\www\wg_original2\Lib\Driver\Db\DbMysql.class.php 第 55 行.
NOTIC: [8192] preg_replace(): The /e modifier is deprecated, use preg_replace_callback instead D:\wamp\www\wg_original2\Lib\Core\Db.class.php 第 572 行.
NOTIC: [8192] preg_replace(): The /e modifier is deprecated, use preg_replace_callback instead D:\wamp\www\wg_original2\Lib\Core\Db.class.php 第 572 行.
NOTIC: [8192] preg_replace(): The /e modifier is deprecated, use preg_replace_callback instead D:\wamp\www\wg_original2\Lib\Core\Db.class.php 第 572 行.
NOTIC: [8] Undefined variable: access_str D:\wamp\www\wg_original2\WgCms\Lib\Action\WapAction.class.php 第 324 行.
NOTIC: [8192] preg_replace(): The /e modifier is deprecated, use preg_replace_callback instead D:\wamp\www\wg_original2\Lib\Core\Db.class.php 第 572 行.

[ 2016-10-18T10:55:37+08:00 ] 127.0.0.1 /wg_original2/index.php?g=Wap&m=Store&a=getWorkDate
INFO: [ app_begin ] --START--
INFO: Run ReadHtmlCache Behavior [ RunTime:0.001001s ]
INFO: [ app_begin ] --END-- [ RunTime:0.002001s ]
NOTIC: [8192] mysql_connect(): The mysql extension is deprecated and will be removed in the future: use mysqli or PDO instead D:\wamp\www\wg_original2\Lib\Driver\Db\DbMysql.class.php 第 55 行.
NOTIC: [8192] preg_replace(): The /e modifier is deprecated, use preg_replace_callback instead D:\wamp\www\wg_original2\Lib\Core\Db.class.php 第 572 行.
NOTIC: [8192] preg_replace(): The /e modifier is deprecated, use preg_replace_callback instead D:\wamp\www\wg_original2\Lib\Core\Db.class.php 第 572 行.
NOTIC: [8192] preg_replace(): The /e modifier is deprecated, use preg_replace_callback instead D:\wamp\www\wg_original2\Lib\Core\Db.class.php 第 572 行.
NOTIC: [8] Undefined variable: access_str D:\wamp\www\wg_original2\WgCms\Lib\Action\WapAction.class.php 第 324 行.
NOTIC: [8192] preg_replace(): The /e modifier is deprecated, use preg_replace_callback instead D:\wamp\www\wg_original2\Lib\Core\Db.class.php 第 572 行.

[ 2016-10-18T10:55:57+08:00 ] 127.0.0.1 /wg_original2/index.php?g=Wap&m=Store&a=getWorkDate
INFO: [ app_begin ] --START--
INFO: Run ReadHtmlCache Behavior [ RunTime:0.001000s ]
INFO: [ app_begin ] --END-- [ RunTime:0.001000s ]
NOTIC: [8192] mysql_connect(): The mysql extension is deprecated and will be removed in the future: use mysqli or PDO instead D:\wamp\www\wg_original2\Lib\Driver\Db\DbMysql.class.php 第 55 行.
NOTIC: [8192] preg_replace(): The /e modifier is deprecated, use preg_replace_callback instead D:\wamp\www\wg_original2\Lib\Core\Db.class.php 第 572 行.
NOTIC: [8192] preg_replace(): The /e modifier is deprecated, use preg_replace_callback instead D:\wamp\www\wg_original2\Lib\Core\Db.class.php 第 572 行.
NOTIC: [8192] preg_replace(): The /e modifier is deprecated, use preg_replace_callback instead D:\wamp\www\wg_original2\Lib\Core\Db.class.php 第 572 行.
NOTIC: [8] Undefined variable: access_str D:\wamp\www\wg_original2\WgCms\Lib\Action\WapAction.class.php 第 324 行.
NOTIC: [8192] preg_replace(): The /e modifier is deprecated, use preg_replace_callback instead D:\wamp\www\wg_original2\Lib\Core\Db.class.php 第 572 行.
NOTIC: [2] json_decode() expects parameter 1 to be string, array given D:\wamp\www\wg_original2\WgCms\Lib\Action\Wap\StoreAction.class.php 第 54 行.

[ 2016-10-18T10:59:08+08:00 ] 127.0.0.1 /wg_original2/index.php?g=Wap&m=Store&a=getWorkDate
INFO: [ app_begin ] --START--
INFO: Run ReadHtmlCache Behavior [ RunTime:0.001000s ]
INFO: [ app_begin ] --END-- [ RunTime:0.001000s ]
NOTIC: [8192] mysql_connect(): The mysql extension is deprecated and will be removed in the future: use mysqli or PDO instead D:\wamp\www\wg_original2\Lib\Driver\Db\DbMysql.class.php 第 55 行.
NOTIC: [8192] preg_replace(): The /e modifier is deprecated, use preg_replace_callback instead D:\wamp\www\wg_original2\Lib\Core\Db.class.php 第 572 行.
NOTIC: [8192] preg_replace(): The /e modifier is deprecated, use preg_replace_callback instead D:\wamp\www\wg_original2\Lib\Core\Db.class.php 第 572 行.
NOTIC: [8192] preg_replace(): The /e modifier is deprecated, use preg_replace_callback instead D:\wamp\www\wg_original2\Lib\Core\Db.class.php 第 572 行.
NOTIC: [8] Undefined variable: access_str D:\wamp\www\wg_original2\WgCms\Lib\Action\WapAction.class.php 第 324 行.
NOTIC: [8192] preg_replace(): The /e modifier is deprecated, use preg_replace_callback instead D:\wamp\www\wg_original2\Lib\Core\Db.class.php 第 572 行.

[ 2016-10-18T10:59:54+08:00 ] 127.0.0.1 /wg_original2/index.php?g=Wap&m=Store&a=getWorkDate
INFO: [ app_begin ] --START--
INFO: Run ReadHtmlCache Behavior [ RunTime:0.001000s ]
INFO: [ app_begin ] --END-- [ RunTime:0.001000s ]
NOTIC: [8192] mysql_connect(): The mysql extension is deprecated and will be removed in the future: use mysqli or PDO instead D:\wamp\www\wg_original2\Lib\Driver\Db\DbMysql.class.php 第 55 行.
NOTIC: [8192] preg_replace(): The /e modifier is deprecated, use preg_replace_callback instead D:\wamp\www\wg_original2\Lib\Core\Db.class.php 第 572 行.
NOTIC: [8192] preg_replace(): The /e modifier is deprecated, use preg_replace_callback instead D:\wamp\www\wg_original2\Lib\Core\Db.class.php 第 572 行.
NOTIC: [8192] preg_replace(): The /e modifier is deprecated, use preg_replace_callback instead D:\wamp\www\wg_original2\Lib\Core\Db.class.php 第 572 行.
NOTIC: [8] Undefined variable: access_str D:\wamp\www\wg_original2\WgCms\Lib\Action\WapAction.class.php 第 324 行.
NOTIC: [8192] preg_replace(): The /e modifier is deprecated, use preg_replace_callback instead D:\wamp\www\wg_original2\Lib\Core\Db.class.php 第 572 行.

[ 2016-10-18T11:00:08+08:00 ] 127.0.0.1 /wg_original2/index.php?g=Wap&m=Store&a=getWorkDate
INFO: [ app_begin ] --START--
INFO: Run ReadHtmlCache Behavior [ RunTime:0.001000s ]
INFO: [ app_begin ] --END-- [ RunTime:0.001000s ]
NOTIC: [8192] mysql_connect(): The mysql extension is deprecated and will be removed in the future: use mysqli or PDO instead D:\wamp\www\wg_original2\Lib\Driver\Db\DbMysql.class.php 第 55 行.
NOTIC: [8192] preg_replace(): The /e modifier is deprecated, use preg_replace_callback instead D:\wamp\www\wg_original2\Lib\Core\Db.class.php 第 572 行.
NOTIC: [8192] preg_replace(): The /e modifier is deprecated, use preg_replace_callback instead D:\wamp\www\wg_original2\Lib\Core\Db.class.php 第 572 行.
NOTIC: [8192] preg_replace(): The /e modifier is deprecated, use preg_replace_callback instead D:\wamp\www\wg_original2\Lib\Core\Db.class.php 第 572 行.
NOTIC: [8] Undefined variable: access_str D:\wamp\www\wg_original2\WgCms\Lib\Action\WapAction.class.php 第 324 行.
NOTIC: [8192] preg_replace(): The /e modifier is deprecated, use preg_replace_callback instead D:\wamp\www\wg_original2\Lib\Core\Db.class.php 第 572 行.

[ 2016-10-18T11:00:11+08:00 ] 127.0.0.1 /wg_original2/index.php?g=Wap&m=Store&a=getWorkDate
INFO: [ app_begin ] --START--
INFO: Run ReadHtmlCache Behavior [ RunTime:0.001000s ]
INFO: [ app_begin ] --END-- [ RunTime:0.001000s ]
NOTIC: [8192] mysql_connect(): The mysql extension is deprecated and will be removed in the future: use mysqli or PDO instead D:\wamp\www\wg_original2\Lib\Driver\Db\DbMysql.class.php 第 55 行.
NOTIC: [8192] preg_replace(): The /e modifier is deprecated, use preg_replace_callback instead D:\wamp\www\wg_original2\Lib\Core\Db.class.php 第 572 行.
NOTIC: [8192] preg_replace(): The /e modifier is deprecated, use preg_replace_callback instead D:\wamp\www\wg_original2\Lib\Core\Db.class.php 第 572 行.
NOTIC: [8192] preg_replace(): The /e modifier is deprecated, use preg_replace_callback instead D:\wamp\www\wg_original2\Lib\Core\Db.class.php 第 572 行.
NOTIC: [8] Undefined variable: access_str D:\wamp\www\wg_original2\WgCms\Lib\Action\WapAction.class.php 第 324 行.
NOTIC: [8192] preg_replace(): The /e modifier is deprecated, use preg_replace_callback instead D:\wamp\www\wg_original2\Lib\Core\Db.class.php 第 572 行.

[ 2016-10-18T11:00:19+08:00 ] 127.0.0.1 /wg_original2/index.php?g=Wap&m=Store&a=getWorkDate
INFO: [ app_begin ] --START--
INFO: Run ReadHtmlCache Behavior [ RunTime:0.001000s ]
INFO: [ app_begin ] --END-- [ RunTime:0.001000s ]
NOTIC: [8192] mysql_connect(): The mysql extension is deprecated and will be removed in the future: use mysqli or PDO instead D:\wamp\www\wg_original2\Lib\Driver\Db\DbMysql.class.php 第 55 行.
NOTIC: [8192] preg_replace(): The /e modifier is deprecated, use preg_replace_callback instead D:\wamp\www\wg_original2\Lib\Core\Db.class.php 第 572 行.
NOTIC: [8192] preg_replace(): The /e modifier is deprecated, use preg_replace_callback instead D:\wamp\www\wg_original2\Lib\Core\Db.class.php 第 572 行.
NOTIC: [8192] preg_replace(): The /e modifier is deprecated, use preg_replace_callback instead D:\wamp\www\wg_original2\Lib\Core\Db.class.php 第 572 行.
NOTIC: [8] Undefined variable: access_str D:\wamp\www\wg_original2\WgCms\Lib\Action\WapAction.class.php 第 324 行.
NOTIC: [8192] preg_replace(): The /e modifier is deprecated, use preg_replace_callback instead D:\wamp\www\wg_original2\Lib\Core\Db.class.php 第 572 行.
NOTIC: [8] Array to string conversion D:\wamp\www\wg_original2\WgCms\Lib\Action\Wap\StoreAction.class.php 第 54 行.

[ 2016-10-18T11:01:23+08:00 ] 127.0.0.1 /wg_original2/index.php?g=Wap&m=Store&a=getWorkDate
INFO: [ app_begin ] --START--
INFO: Run ReadHtmlCache Behavior [ RunTime:0.001000s ]
INFO: [ app_begin ] --END-- [ RunTime:0.001000s ]
NOTIC: [8192] mysql_connect(): The mysql extension is deprecated and will be removed in the future: use mysqli or PDO instead D:\wamp\www\wg_original2\Lib\Driver\Db\DbMysql.class.php 第 55 行.
NOTIC: [8192] preg_replace(): The /e modifier is deprecated, use preg_replace_callback instead D:\wamp\www\wg_original2\Lib\Core\Db.class.php 第 572 行.
NOTIC: [8192] preg_replace(): The /e modifier is deprecated, use preg_replace_callback instead D:\wamp\www\wg_original2\Lib\Core\Db.class.php 第 572 行.
NOTIC: [8192] preg_replace(): The /e modifier is deprecated, use preg_replace_callback instead D:\wamp\www\wg_original2\Lib\Core\Db.class.php 第 572 行.
NOTIC: [8] Undefined variable: access_str D:\wamp\www\wg_original2\WgCms\Lib\Action\WapAction.class.php 第 324 行.
NOTIC: [8192] preg_replace(): The /e modifier is deprecated, use preg_replace_callback instead D:\wamp\www\wg_original2\Lib\Core\Db.class.php 第 572 行.
NOTIC: [8] Array to string conversion D:\wamp\www\wg_original2\WgCms\Lib\Action\Wap\StoreAction.class.php 第 54 行.

[ 2016-10-18T11:01:23+08:00 ] 127.0.0.1 /wg_original2/index.php?g=Wap&m=Store&a=getWorkDate
INFO: [ app_begin ] --START--
INFO: Run ReadHtmlCache Behavior [ RunTime:0.001000s ]
INFO: [ app_begin ] --END-- [ RunTime:0.001000s ]
NOTIC: [8192] mysql_connect(): The mysql extension is deprecated and will be removed in the future: use mysqli or PDO instead D:\wamp\www\wg_original2\Lib\Driver\Db\DbMysql.class.php 第 55 行.
NOTIC: [8192] preg_replace(): The /e modifier is deprecated, use preg_replace_callback instead D:\wamp\www\wg_original2\Lib\Core\Db.class.php 第 572 行.
NOTIC: [8192] preg_replace(): The /e modifier is deprecated, use preg_replace_callback instead D:\wamp\www\wg_original2\Lib\Core\Db.class.php 第 572 行.
NOTIC: [8192] preg_replace(): The /e modifier is deprecated, use preg_replace_callback instead D:\wamp\www\wg_original2\Lib\Core\Db.class.php 第 572 行.
NOTIC: [8] Undefined variable: access_str D:\wamp\www\wg_original2\WgCms\Lib\Action\WapAction.class.php 第 324 行.
NOTIC: [8192] preg_replace(): The /e modifier is deprecated, use preg_replace_callback instead D:\wamp\www\wg_original2\Lib\Core\Db.class.php 第 572 行.
NOTIC: [8] Array to string conversion D:\wamp\www\wg_original2\WgCms\Lib\Action\Wap\StoreAction.class.php 第 54 行.

[ 2016-10-18T11:01:39+08:00 ] 127.0.0.1 /wg_original2/index.php?g=Wap&m=Store&a=getWorkDate
INFO: [ app_begin ] --START--
INFO: Run ReadHtmlCache Behavior [ RunTime:0.001000s ]
INFO: [ app_begin ] --END-- [ RunTime:0.001000s ]
NOTIC: [8192] mysql_connect(): The mysql extension is deprecated and will be removed in the future: use mysqli or PDO instead D:\wamp\www\wg_original2\Lib\Driver\Db\DbMysql.class.php 第 55 行.
NOTIC: [8192] preg_replace(): The /e modifier is deprecated, use preg_replace_callback instead D:\wamp\www\wg_original2\Lib\Core\Db.class.php 第 572 行.
NOTIC: [8192] preg_replace(): The /e modifier is deprecated, use preg_replace_callback instead D:\wamp\www\wg_original2\Lib\Core\Db.class.php 第 572 行.
NOTIC: [8192] preg_replace(): The /e modifier is deprecated, use preg_replace_callback instead D:\wamp\www\wg_original2\Lib\Core\Db.class.php 第 572 行.
NOTIC: [8] Undefined variable: access_str D:\wamp\www\wg_original2\WgCms\Lib\Action\WapAction.class.php 第 324 行.
NOTIC: [8192] preg_replace(): The /e modifier is deprecated, use preg_replace_callback instead D:\wamp\www\wg_original2\Lib\Core\Db.class.php 第 572 行.
NOTIC: [8] Array to string conversion D:\wamp\www\wg_original2\WgCms\Lib\Action\Wap\StoreAction.class.php 第 54 行.

[ 2016-10-18T11:01:39+08:00 ] 127.0.0.1 /wg_original2/index.php?g=Wap&m=Store&a=getWorkDate
INFO: [ app_begin ] --START--
INFO: Run ReadHtmlCache Behavior [ RunTime:0.001001s ]
INFO: [ app_begin ] --END-- [ RunTime:0.001001s ]
NOTIC: [8192] mysql_connect(): The mysql extension is deprecated and will be removed in the future: use mysqli or PDO instead D:\wamp\www\wg_original2\Lib\Driver\Db\DbMysql.class.php 第 55 行.
NOTIC: [8192] preg_replace(): The /e modifier is deprecated, use preg_replace_callback instead D:\wamp\www\wg_original2\Lib\Core\Db.class.php 第 572 行.
NOTIC: [8192] preg_replace(): The /e modifier is deprecated, use preg_replace_callback instead D:\wamp\www\wg_original2\Lib\Core\Db.class.php 第 572 行.
NOTIC: [8192] preg_replace(): The /e modifier is deprecated, use preg_replace_callback instead D:\wamp\www\wg_original2\Lib\Core\Db.class.php 第 572 行.
NOTIC: [8] Undefined variable: access_str D:\wamp\www\wg_original2\WgCms\Lib\Action\WapAction.class.php 第 324 行.
NOTIC: [8192] preg_replace(): The /e modifier is deprecated, use preg_replace_callback instead D:\wamp\www\wg_original2\Lib\Core\Db.class.php 第 572 行.
NOTIC: [8] Array to string conversion D:\wamp\www\wg_original2\WgCms\Lib\Action\Wap\StoreAction.class.php 第 54 行.

[ 2016-10-18T11:01:52+08:00 ] 127.0.0.1 /wg_original2/index.php?g=Wap&m=Store&a=getWorkDate
INFO: [ app_begin ] --START--
INFO: Run ReadHtmlCache Behavior [ RunTime:0.001000s ]
INFO: [ app_begin ] --END-- [ RunTime:0.001000s ]
NOTIC: [8192] mysql_connect(): The mysql extension is deprecated and will be removed in the future: use mysqli or PDO instead D:\wamp\www\wg_original2\Lib\Driver\Db\DbMysql.class.php 第 55 行.
NOTIC: [8192] preg_replace(): The /e modifier is deprecated, use preg_replace_callback instead D:\wamp\www\wg_original2\Lib\Core\Db.class.php 第 572 行.
NOTIC: [8192] preg_replace(): The /e modifier is deprecated, use preg_replace_callback instead D:\wamp\www\wg_original2\Lib\Core\Db.class.php 第 572 行.
NOTIC: [8192] preg_replace(): The /e modifier is deprecated, use preg_replace_callback instead D:\wamp\www\wg_original2\Lib\Core\Db.class.php 第 572 行.
NOTIC: [8] Undefined variable: access_str D:\wamp\www\wg_original2\WgCms\Lib\Action\WapAction.class.php 第 324 行.
NOTIC: [8192] preg_replace(): The /e modifier is deprecated, use preg_replace_callback instead D:\wamp\www\wg_original2\Lib\Core\Db.class.php 第 572 行.
NOTIC: [8] Array to string conversion D:\wamp\www\wg_original2\WgCms\Lib\Action\Wap\StoreAction.class.php 第 54 行.

[ 2016-10-18T11:18:35+08:00 ] 127.0.0.1 /wg_original2/index.php?g=Wap&m=Distribution&a=checkLogin
INFO: [ app_begin ] --START--
INFO: Run ReadHtmlCache Behavior [ RunTime:0.001000s ]
INFO: [ app_begin ] --END-- [ RunTime:0.001000s ]
NOTIC: [8192] mysql_connect(): The mysql extension is deprecated and will be removed in the future: use mysqli or PDO instead D:\wamp\www\wg_original2\Lib\Driver\Db\DbMysql.class.php 第 55 行.
NOTIC: [8192] preg_replace(): The /e modifier is deprecated, use preg_replace_callback instead D:\wamp\www\wg_original2\Lib\Core\Db.class.php 第 572 行.
NOTIC: [8192] preg_replace(): The /e modifier is deprecated, use preg_replace_callback instead D:\wamp\www\wg_original2\Lib\Core\Db.class.php 第 572 行.
NOTIC: [8192] preg_replace(): The /e modifier is deprecated, use preg_replace_callback instead D:\wamp\www\wg_original2\Lib\Core\Db.class.php 第 572 行.
NOTIC: [8] Undefined variable: access_str D:\wamp\www\wg_original2\WgCms\Lib\Action\WapAction.class.php 第 324 行.
NOTIC: [8192] preg_replace(): The /e modifier is deprecated, use preg_replace_callback instead D:\wamp\www\wg_original2\Lib\Core\Db.class.php 第 572 行.
NOTIC: [8192] preg_replace(): The /e modifier is deprecated, use preg_replace_callback instead D:\wamp\www\wg_original2\Lib\Core\Db.class.php 第 572 行.
NOTIC: [8192] preg_replace(): The /e modifier is deprecated, use preg_replace_callback instead D:\wamp\www\wg_original2\Lib\Core\Db.class.php 第 572 行.

[ 2016-10-18T11:21:42+08:00 ] 127.0.0.1 /wg_original2/index.php?g=Wap&m=Distribution&a=checkLogin
INFO: [ app_begin ] --START--
INFO: Run ReadHtmlCache Behavior [ RunTime:0.001000s ]
INFO: [ app_begin ] --END-- [ RunTime:0.001000s ]
NOTIC: [8192] mysql_connect(): The mysql extension is deprecated and will be removed in the future: use mysqli or PDO instead D:\wamp\www\wg_original2\Lib\Driver\Db\DbMysql.class.php 第 55 行.
NOTIC: [8192] preg_replace(): The /e modifier is deprecated, use preg_replace_callback instead D:\wamp\www\wg_original2\Lib\Core\Db.class.php 第 572 行.
NOTIC: [8192] preg_replace(): The /e modifier is deprecated, use preg_replace_callback instead D:\wamp\www\wg_original2\Lib\Core\Db.class.php 第 572 行.
NOTIC: [8192] preg_replace(): The /e modifier is deprecated, use preg_replace_callback instead D:\wamp\www\wg_original2\Lib\Core\Db.class.php 第 572 行.
NOTIC: [8] Undefined variable: access_str D:\wamp\www\wg_original2\WgCms\Lib\Action\WapAction.class.php 第 324 行.
NOTIC: [8192] preg_replace(): The /e modifier is deprecated, use preg_replace_callback instead D:\wamp\www\wg_original2\Lib\Core\Db.class.php 第 572 行.
NOTIC: [8192] preg_replace(): The /e modifier is deprecated, use preg_replace_callback instead D:\wamp\www\wg_original2\Lib\Core\Db.class.php 第 572 行.
NOTIC: [8192] preg_replace(): The /e modifier is deprecated, use preg_replace_callback instead D:\wamp\www\wg_original2\Lib\Core\Db.class.php 第 572 行.

[ 2016-10-18T13:34:18+08:00 ] 127.0.0.1 /wg_original2/index.php?g=Wap&m=Distribution&a=checkLogin
INFO: [ app_begin ] --START--
INFO: Run ReadHtmlCache Behavior [ RunTime:0.001000s ]
INFO: [ app_begin ] --END-- [ RunTime:0.002000s ]
NOTIC: [8192] mysql_connect(): The mysql extension is deprecated and will be removed in the future: use mysqli or PDO instead D:\wamp\www\wg_original2\Lib\Driver\Db\DbMysql.class.php 第 55 行.
NOTIC: [8192] preg_replace(): The /e modifier is deprecated, use preg_replace_callback instead D:\wamp\www\wg_original2\Lib\Core\Db.class.php 第 572 行.
NOTIC: [8192] preg_replace(): The /e modifier is deprecated, use preg_replace_callback instead D:\wamp\www\wg_original2\Lib\Core\Db.class.php 第 572 行.
NOTIC: [8192] preg_replace(): The /e modifier is deprecated, use preg_replace_callback instead D:\wamp\www\wg_original2\Lib\Core\Db.class.php 第 572 行.
NOTIC: [8] Undefined variable: access_str D:\wamp\www\wg_original2\WgCms\Lib\Action\WapAction.class.php 第 324 行.
NOTIC: [8192] preg_replace(): The /e modifier is deprecated, use preg_replace_callback instead D:\wamp\www\wg_original2\Lib\Core\Db.class.php 第 572 行.
NOTIC: [8192] preg_replace(): The /e modifier is deprecated, use preg_replace_callback instead D:\wamp\www\wg_original2\Lib\Core\Db.class.php 第 572 行.
NOTIC: [8192] preg_replace(): The /e modifier is deprecated, use preg_replace_callback instead D:\wamp\www\wg_original2\Lib\Core\Db.class.php 第 572 行.

[ 2016-10-18T13:44:40+08:00 ] 127.0.0.1 /wg_original2/index.php?g=Wap&m=Distribution&a=checkLogin
INFO: [ app_begin ] --START--
INFO: Run ReadHtmlCache Behavior [ RunTime:0.002000s ]
INFO: [ app_begin ] --END-- [ RunTime:0.002000s ]
NOTIC: [8192] mysql_connect(): The mysql extension is deprecated and will be removed in the future: use mysqli or PDO instead D:\wamp\www\wg_original2\Lib\Driver\Db\DbMysql.class.php 第 55 行.
NOTIC: [8192] preg_replace(): The /e modifier is deprecated, use preg_replace_callback instead D:\wamp\www\wg_original2\Lib\Core\Db.class.php 第 572 行.
NOTIC: [8192] preg_replace(): The /e modifier is deprecated, use preg_replace_callback instead D:\wamp\www\wg_original2\Lib\Core\Db.class.php 第 572 行.
NOTIC: [8192] preg_replace(): The /e modifier is deprecated, use preg_replace_callback instead D:\wamp\www\wg_original2\Lib\Core\Db.class.php 第 572 行.
NOTIC: [8] Undefined variable: access_str D:\wamp\www\wg_original2\WgCms\Lib\Action\WapAction.class.php 第 324 行.
NOTIC: [8192] preg_replace(): The /e modifier is deprecated, use preg_replace_callback instead D:\wamp\www\wg_original2\Lib\Core\Db.class.php 第 572 行.
NOTIC: [8192] preg_replace(): The /e modifier is deprecated, use preg_replace_callback instead D:\wamp\www\wg_original2\Lib\Core\Db.class.php 第 572 行.
NOTIC: [8192] preg_replace(): The /e modifier is deprecated, use preg_replace_callback instead D:\wamp\www\wg_original2\Lib\Core\Db.class.php 第 572 行.

[ 2016-10-18T13:45:44+08:00 ] 127.0.0.1 /wg_original2/index.php?g=Wap&m=Distribution&a=checkLogin
INFO: [ app_begin ] --START--
INFO: Run ReadHtmlCache Behavior [ RunTime:0.001000s ]
INFO: [ app_begin ] --END-- [ RunTime:0.001000s ]
NOTIC: [8192] mysql_connect(): The mysql extension is deprecated and will be removed in the future: use mysqli or PDO instead D:\wamp\www\wg_original2\Lib\Driver\Db\DbMysql.class.php 第 55 行.
NOTIC: [8192] preg_replace(): The /e modifier is deprecated, use preg_replace_callback instead D:\wamp\www\wg_original2\Lib\Core\Db.class.php 第 572 行.
NOTIC: [8192] preg_replace(): The /e modifier is deprecated, use preg_replace_callback instead D:\wamp\www\wg_original2\Lib\Core\Db.class.php 第 572 行.
NOTIC: [8192] preg_replace(): The /e modifier is deprecated, use preg_replace_callback instead D:\wamp\www\wg_original2\Lib\Core\Db.class.php 第 572 行.
NOTIC: [8] Undefined variable: access_str D:\wamp\www\wg_original2\WgCms\Lib\Action\WapAction.class.php 第 324 行.
NOTIC: [8192] preg_replace(): The /e modifier is deprecated, use preg_replace_callback instead D:\wamp\www\wg_original2\Lib\Core\Db.class.php 第 572 行.
NOTIC: [8192] preg_replace(): The /e modifier is deprecated, use preg_replace_callback instead D:\wamp\www\wg_original2\Lib\Core\Db.class.php 第 572 行.
NOTIC: [8192] preg_replace(): The /e modifier is deprecated, use preg_replace_callback instead D:\wamp\www\wg_original2\Lib\Core\Db.class.php 第 572 行.

[ 2016-10-18T13:48:30+08:00 ] 127.0.0.1 /wg_original2/index.php?g=Wap&m=Distribution&a=checkLogin
INFO: [ app_begin ] --START--
INFO: Run ReadHtmlCache Behavior [ RunTime:0.001000s ]
INFO: [ app_begin ] --END-- [ RunTime:0.001000s ]
NOTIC: [8192] mysql_connect(): The mysql extension is deprecated and will be removed in the future: use mysqli or PDO instead D:\wamp\www\wg_original2\Lib\Driver\Db\DbMysql.class.php 第 55 行.
NOTIC: [8192] preg_replace(): The /e modifier is deprecated, use preg_replace_callback instead D:\wamp\www\wg_original2\Lib\Core\Db.class.php 第 572 行.
NOTIC: [8192] preg_replace(): The /e modifier is deprecated, use preg_replace_callback instead D:\wamp\www\wg_original2\Lib\Core\Db.class.php 第 572 行.
NOTIC: [8192] preg_replace(): The /e modifier is deprecated, use preg_replace_callback instead D:\wamp\www\wg_original2\Lib\Core\Db.class.php 第 572 行.
NOTIC: [8] Undefined variable: access_str D:\wamp\www\wg_original2\WgCms\Lib\Action\WapAction.class.php 第 324 行.
NOTIC: [8192] preg_replace(): The /e modifier is deprecated, use preg_replace_callback instead D:\wamp\www\wg_original2\Lib\Core\Db.class.php 第 572 行.
NOTIC: [8192] preg_replace(): The /e modifier is deprecated, use preg_replace_callback instead D:\wamp\www\wg_original2\Lib\Core\Db.class.php 第 572 行.
NOTIC: [8192] preg_replace(): The /e modifier is deprecated, use preg_replace_callback instead D:\wamp\www\wg_original2\Lib\Core\Db.class.php 第 572 行.

[ 2016-10-18T13:48:36+08:00 ] 127.0.0.1 /wg_original2/index.php?g=Wap&m=Distribution&a=checkLogin
INFO: [ app_begin ] --START--
INFO: Run ReadHtmlCache Behavior [ RunTime:0.001000s ]
INFO: [ app_begin ] --END-- [ RunTime:0.002000s ]
NOTIC: [8192] mysql_connect(): The mysql extension is deprecated and will be removed in the future: use mysqli or PDO instead D:\wamp\www\wg_original2\Lib\Driver\Db\DbMysql.class.php 第 55 行.
NOTIC: [8192] preg_replace(): The /e modifier is deprecated, use preg_replace_callback instead D:\wamp\www\wg_original2\Lib\Core\Db.class.php 第 572 行.
NOTIC: [8192] preg_replace(): The /e modifier is deprecated, use preg_replace_callback instead D:\wamp\www\wg_original2\Lib\Core\Db.class.php 第 572 行.
NOTIC: [8192] preg_replace(): The /e modifier is deprecated, use preg_replace_callback instead D:\wamp\www\wg_original2\Lib\Core\Db.class.php 第 572 行.
NOTIC: [8] Undefined variable: access_str D:\wamp\www\wg_original2\WgCms\Lib\Action\WapAction.class.php 第 324 行.
NOTIC: [8192] preg_replace(): The /e modifier is deprecated, use preg_replace_callback instead D:\wamp\www\wg_original2\Lib\Core\Db.class.php 第 572 行.
NOTIC: [8192] preg_replace(): The /e modifier is deprecated, use preg_replace_callback instead D:\wamp\www\wg_original2\Lib\Core\Db.class.php 第 572 行.
NOTIC: [8192] preg_replace(): The /e modifier is deprecated, use preg_replace_callback instead D:\wamp\www\wg_original2\Lib\Core\Db.class.php 第 572 行.

[ 2016-10-18T13:49:00+08:00 ] 127.0.0.1 /wg_original2/index.php?g=Wap&m=Distribution&a=checkLogin
INFO: [ app_begin ] --START--
INFO: Run ReadHtmlCache Behavior [ RunTime:0.002000s ]
INFO: [ app_begin ] --END-- [ RunTime:0.002000s ]
NOTIC: [8192] mysql_connect(): The mysql extension is deprecated and will be removed in the future: use mysqli or PDO instead D:\wamp\www\wg_original2\Lib\Driver\Db\DbMysql.class.php 第 55 行.
NOTIC: [8192] preg_replace(): The /e modifier is deprecated, use preg_replace_callback instead D:\wamp\www\wg_original2\Lib\Core\Db.class.php 第 572 行.
NOTIC: [8192] preg_replace(): The /e modifier is deprecated, use preg_replace_callback instead D:\wamp\www\wg_original2\Lib\Core\Db.class.php 第 572 行.
NOTIC: [8192] preg_replace(): The /e modifier is deprecated, use preg_replace_callback instead D:\wamp\www\wg_original2\Lib\Core\Db.class.php 第 572 行.
NOTIC: [8] Undefined variable: access_str D:\wamp\www\wg_original2\WgCms\Lib\Action\WapAction.class.php 第 324 行.
NOTIC: [8192] preg_replace(): The /e modifier is deprecated, use preg_replace_callback instead D:\wamp\www\wg_original2\Lib\Core\Db.class.php 第 572 行.
NOTIC: [8192] preg_replace(): The /e modifier is deprecated, use preg_replace_callback instead D:\wamp\www\wg_original2\Lib\Core\Db.class.php 第 572 行.
NOTIC: [8192] preg_replace(): The /e modifier is deprecated, use preg_replace_callback instead D:\wamp\www\wg_original2\Lib\Core\Db.class.php 第 572 行.

[ 2016-10-18T13:56:25+08:00 ] 127.0.0.1 /wg_original2/index.php?g=Wap&m=Distribution&a=checkLogin
INFO: [ app_begin ] --START--
INFO: Run ReadHtmlCache Behavior [ RunTime:0.002000s ]
INFO: [ app_begin ] --END-- [ RunTime:0.002000s ]
NOTIC: [8192] mysql_connect(): The mysql extension is deprecated and will be removed in the future: use mysqli or PDO instead D:\wamp\www\wg_original2\Lib\Driver\Db\DbMysql.class.php 第 55 行.
NOTIC: [8192] preg_replace(): The /e modifier is deprecated, use preg_replace_callback instead D:\wamp\www\wg_original2\Lib\Core\Db.class.php 第 572 行.
NOTIC: [8192] preg_replace(): The /e modifier is deprecated, use preg_replace_callback instead D:\wamp\www\wg_original2\Lib\Core\Db.class.php 第 572 行.
NOTIC: [8192] preg_replace(): The /e modifier is deprecated, use preg_replace_callback instead D:\wamp\www\wg_original2\Lib\Core\Db.class.php 第 572 行.
NOTIC: [8] Undefined variable: access_str D:\wamp\www\wg_original2\WgCms\Lib\Action\WapAction.class.php 第 324 行.
NOTIC: [8192] preg_replace(): The /e modifier is deprecated, use preg_replace_callback instead D:\wamp\www\wg_original2\Lib\Core\Db.class.php 第 572 行.
NOTIC: [8192] preg_replace(): The /e modifier is deprecated, use preg_replace_callback instead D:\wamp\www\wg_original2\Lib\Core\Db.class.php 第 572 行.
NOTIC: [8192] preg_replace(): The /e modifier is deprecated, use preg_replace_callback instead D:\wamp\www\wg_original2\Lib\Core\Db.class.php 第 572 行.

[ 2016-10-18T13:56:30+08:00 ] 127.0.0.1 /wg_original2/index.php?g=Wap&m=Distribution&a=checkLogin
INFO: [ app_begin ] --START--
INFO: Run ReadHtmlCache Behavior [ RunTime:0.001000s ]
INFO: [ app_begin ] --END-- [ RunTime:0.001000s ]
NOTIC: [8192] mysql_connect(): The mysql extension is deprecated and will be removed in the future: use mysqli or PDO instead D:\wamp\www\wg_original2\Lib\Driver\Db\DbMysql.class.php 第 55 行.
NOTIC: [8192] preg_replace(): The /e modifier is deprecated, use preg_replace_callback instead D:\wamp\www\wg_original2\Lib\Core\Db.class.php 第 572 行.
NOTIC: [8192] preg_replace(): The /e modifier is deprecated, use preg_replace_callback instead D:\wamp\www\wg_original2\Lib\Core\Db.class.php 第 572 行.
NOTIC: [8192] preg_replace(): The /e modifier is deprecated, use preg_replace_callback instead D:\wamp\www\wg_original2\Lib\Core\Db.class.php 第 572 行.
NOTIC: [8] Undefined variable: access_str D:\wamp\www\wg_original2\WgCms\Lib\Action\WapAction.class.php 第 324 行.
NOTIC: [8192] preg_replace(): The /e modifier is deprecated, use preg_replace_callback instead D:\wamp\www\wg_original2\Lib\Core\Db.class.php 第 572 行.
NOTIC: [8192] preg_replace(): The /e modifier is deprecated, use preg_replace_callback instead D:\wamp\www\wg_original2\Lib\Core\Db.class.php 第 572 行.
NOTIC: [8192] preg_replace(): The /e modifier is deprecated, use preg_replace_callback instead D:\wamp\www\wg_original2\Lib\Core\Db.class.php 第 572 行.

[ 2016-10-18T13:56:50+08:00 ] 127.0.0.1 /wg_original2/index.php?g=Wap&m=Distribution&a=checkLogin
INFO: [ app_begin ] --START--
INFO: Run ReadHtmlCache Behavior [ RunTime:0.002000s ]
INFO: [ app_begin ] --END-- [ RunTime:0.002000s ]
NOTIC: [8192] mysql_connect(): The mysql extension is deprecated and will be removed in the future: use mysqli or PDO instead D:\wamp\www\wg_original2\Lib\Driver\Db\DbMysql.class.php 第 55 行.
NOTIC: [8192] preg_replace(): The /e modifier is deprecated, use preg_replace_callback instead D:\wamp\www\wg_original2\Lib\Core\Db.class.php 第 572 行.
NOTIC: [8192] preg_replace(): The /e modifier is deprecated, use preg_replace_callback instead D:\wamp\www\wg_original2\Lib\Core\Db.class.php 第 572 行.
NOTIC: [8192] preg_replace(): The /e modifier is deprecated, use preg_replace_callback instead D:\wamp\www\wg_original2\Lib\Core\Db.class.php 第 572 行.
NOTIC: [8] Undefined variable: access_str D:\wamp\www\wg_original2\WgCms\Lib\Action\WapAction.class.php 第 324 行.
NOTIC: [8192] preg_replace(): The /e modifier is deprecated, use preg_replace_callback instead D:\wamp\www\wg_original2\Lib\Core\Db.class.php 第 572 行.
NOTIC: [8192] preg_replace(): The /e modifier is deprecated, use preg_replace_callback instead D:\wamp\www\wg_original2\Lib\Core\Db.class.php 第 572 行.
NOTIC: [8192] preg_replace(): The /e modifier is deprecated, use preg_replace_callback instead D:\wamp\www\wg_original2\Lib\Core\Db.class.php 第 572 行.

[ 2016-10-18T13:57:05+08:00 ] 127.0.0.1 /wg_original2/index.php?g=Wap&m=Distribution&a=checkLogin
INFO: [ app_begin ] --START--
INFO: Run ReadHtmlCache Behavior [ RunTime:0.007000s ]
INFO: [ app_begin ] --END-- [ RunTime:0.007000s ]
NOTIC: [8192] mysql_connect(): The mysql extension is deprecated and will be removed in the future: use mysqli or PDO instead D:\wamp\www\wg_original2\Lib\Driver\Db\DbMysql.class.php 第 55 行.
NOTIC: [8192] preg_replace(): The /e modifier is deprecated, use preg_replace_callback instead D:\wamp\www\wg_original2\Lib\Core\Db.class.php 第 572 行.
NOTIC: [8192] preg_replace(): The /e modifier is deprecated, use preg_replace_callback instead D:\wamp\www\wg_original2\Lib\Core\Db.class.php 第 572 行.
NOTIC: [8192] preg_replace(): The /e modifier is deprecated, use preg_replace_callback instead D:\wamp\www\wg_original2\Lib\Core\Db.class.php 第 572 行.
NOTIC: [8] Undefined variable: access_str D:\wamp\www\wg_original2\WgCms\Lib\Action\WapAction.class.php 第 324 行.
NOTIC: [8192] preg_replace(): The /e modifier is deprecated, use preg_replace_callback instead D:\wamp\www\wg_original2\Lib\Core\Db.class.php 第 572 行.
NOTIC: [8192] preg_replace(): The /e modifier is deprecated, use preg_replace_callback instead D:\wamp\www\wg_original2\Lib\Core\Db.class.php 第 572 行.
NOTIC: [8192] preg_replace(): The /e modifier is deprecated, use preg_replace_callback instead D:\wamp\www\wg_original2\Lib\Core\Db.class.php 第 572 行.

[ 2016-10-18T13:57:10+08:00 ] 127.0.0.1 /wg_original2/index.php?g=Wap&m=Distribution&a=checkLogin
INFO: [ app_begin ] --START--
INFO: Run ReadHtmlCache Behavior [ RunTime:0.001000s ]
INFO: [ app_begin ] --END-- [ RunTime:0.001000s ]
NOTIC: [8192] mysql_connect(): The mysql extension is deprecated and will be removed in the future: use mysqli or PDO instead D:\wamp\www\wg_original2\Lib\Driver\Db\DbMysql.class.php 第 55 行.
NOTIC: [8192] preg_replace(): The /e modifier is deprecated, use preg_replace_callback instead D:\wamp\www\wg_original2\Lib\Core\Db.class.php 第 572 行.
NOTIC: [8192] preg_replace(): The /e modifier is deprecated, use preg_replace_callback instead D:\wamp\www\wg_original2\Lib\Core\Db.class.php 第 572 行.
NOTIC: [8192] preg_replace(): The /e modifier is deprecated, use preg_replace_callback instead D:\wamp\www\wg_original2\Lib\Core\Db.class.php 第 572 行.
NOTIC: [8] Undefined variable: access_str D:\wamp\www\wg_original2\WgCms\Lib\Action\WapAction.class.php 第 324 行.
NOTIC: [8192] preg_replace(): The /e modifier is deprecated, use preg_replace_callback instead D:\wamp\www\wg_original2\Lib\Core\Db.class.php 第 572 行.
NOTIC: [8192] preg_replace(): The /e modifier is deprecated, use preg_replace_callback instead D:\wamp\www\wg_original2\Lib\Core\Db.class.php 第 572 行.
NOTIC: [8192] preg_replace(): The /e modifier is deprecated, use preg_replace_callback instead D:\wamp\www\wg_original2\Lib\Core\Db.class.php 第 572 行.

[ 2016-10-18T14:08:15+08:00 ] 127.0.0.1 /wg_original2/index.php?g=Wap&m=Distribution&a=checkLogin
INFO: [ app_begin ] --START--
INFO: Run ReadHtmlCache Behavior [ RunTime:0.001000s ]
INFO: [ app_begin ] --END-- [ RunTime:0.002000s ]
NOTIC: [8192] mysql_connect(): The mysql extension is deprecated and will be removed in the future: use mysqli or PDO instead D:\wamp\www\wg_original2\Lib\Driver\Db\DbMysql.class.php 第 55 行.
NOTIC: [8192] preg_replace(): The /e modifier is deprecated, use preg_replace_callback instead D:\wamp\www\wg_original2\Lib\Core\Db.class.php 第 572 行.
NOTIC: [8192] preg_replace(): The /e modifier is deprecated, use preg_replace_callback instead D:\wamp\www\wg_original2\Lib\Core\Db.class.php 第 572 行.
NOTIC: [8192] preg_replace(): The /e modifier is deprecated, use preg_replace_callback instead D:\wamp\www\wg_original2\Lib\Core\Db.class.php 第 572 行.
NOTIC: [8] Undefined variable: access_str D:\wamp\www\wg_original2\WgCms\Lib\Action\WapAction.class.php 第 324 行.
NOTIC: [8192] preg_replace(): The /e modifier is deprecated, use preg_replace_callback instead D:\wamp\www\wg_original2\Lib\Core\Db.class.php 第 572 行.
NOTIC: [8192] preg_replace(): The /e modifier is deprecated, use preg_replace_callback instead D:\wamp\www\wg_original2\Lib\Core\Db.class.php 第 572 行.
NOTIC: [8192] preg_replace(): The /e modifier is deprecated, use preg_replace_callback instead D:\wamp\www\wg_original2\Lib\Core\Db.class.php 第 572 行.

[ 2016-10-18T14:08:23+08:00 ] 127.0.0.1 /wg_original2/index.php?g=Wap&m=Distribution&a=checkLogin
INFO: [ app_begin ] --START--
INFO: Run ReadHtmlCache Behavior [ RunTime:0.002000s ]
INFO: [ app_begin ] --END-- [ RunTime:0.002000s ]
NOTIC: [8192] mysql_connect(): The mysql extension is deprecated and will be removed in the future: use mysqli or PDO instead D:\wamp\www\wg_original2\Lib\Driver\Db\DbMysql.class.php 第 55 行.
NOTIC: [8192] preg_replace(): The /e modifier is deprecated, use preg_replace_callback instead D:\wamp\www\wg_original2\Lib\Core\Db.class.php 第 572 行.
NOTIC: [8192] preg_replace(): The /e modifier is deprecated, use preg_replace_callback instead D:\wamp\www\wg_original2\Lib\Core\Db.class.php 第 572 行.
NOTIC: [8192] preg_replace(): The /e modifier is deprecated, use preg_replace_callback instead D:\wamp\www\wg_original2\Lib\Core\Db.class.php 第 572 行.
NOTIC: [8] Undefined variable: access_str D:\wamp\www\wg_original2\WgCms\Lib\Action\WapAction.class.php 第 324 行.
NOTIC: [8192] preg_replace(): The /e modifier is deprecated, use preg_replace_callback instead D:\wamp\www\wg_original2\Lib\Core\Db.class.php 第 572 行.
NOTIC: [8192] preg_replace(): The /e modifier is deprecated, use preg_replace_callback instead D:\wamp\www\wg_original2\Lib\Core\Db.class.php 第 572 行.
NOTIC: [8192] preg_replace(): The /e modifier is deprecated, use preg_replace_callback instead D:\wamp\www\wg_original2\Lib\Core\Db.class.php 第 572 行.

